#
# There is insufficient memory for the Java Runtime Environment to continue.
# Native memory allocation (mmap) failed to map 82837504 bytes for G1 virtual space
# Possible reasons:
#   The system is out of physical RAM or swap space
#   The process is running with CompressedOops enabled, and the Java Heap may be blocking the growth of the native heap
# Possible solutions:
#   Reduce memory load on the system
#   Increase physical memory or swap space
#   Check if swap backing store is full
#   Decrease Java heap size (-Xmx/-Xms)
#   Decrease number of Java threads
#   Decrease Java thread stack sizes (-Xss)
#   Set larger code cache with -XX:ReservedCodeCacheSize=
#   JVM is running with Unscaled Compressed Oops mode in which the Java heap is
#     placed in the first 4GB address space. The Java Heap base address is the
#     maximum limit for the native heap growth. Please use -XX:HeapBaseMinAddress
#     to set the Java Heap base and to place the Java Heap above 4GB virtual address.
# This output file may be truncated or incomplete.
#
#  Out of Memory Error (os_windows.cpp:3769), pid=15352, tid=18924
#
# JRE version: OpenJDK Runtime Environment (17.0.6) (build 17.0.6+0-b2043.56-9586694)
# Java VM: OpenJDK 64-Bit Server VM (17.0.6+0-b2043.56-9586694, mixed mode, tiered, compressed oops, compressed class ptrs, g1 gc, windows-amd64)
# No core dump will be written. Minidumps are not enabled by default on client versions of Windows
#

---------------  S U M M A R Y ------------

Command Line: --add-opens=java.base/java.util=ALL-UNNAMED --add-opens=java.base/java.lang=ALL-UNNAMED --add-opens=java.base/java.lang.invoke=ALL-UNNAMED --add-opens=java.base/java.util=ALL-UNNAMED --add-opens=java.prefs/java.util.prefs=ALL-UNNAMED --add-opens=java.prefs/java.util.prefs=ALL-UNNAMED --add-opens=java.base/java.nio.charset=ALL-UNNAMED --add-opens=java.base/java.net=ALL-UNNAMED --add-opens=java.base/java.util.concurrent.atomic=ALL-UNNAMED -Xmx2048m -Dfile.encoding=UTF-8 -Duser.country=US -Duser.language=en -Duser.variant org.gradle.launcher.daemon.bootstrap.GradleDaemon 7.5

Host: Intel(R) Core(TM) i5-10210U CPU @ 1.60GHz, 8 cores, 3G,  Windows 11 , 64 bit Build 22000 (10.0.22000.1335)
Time: Sun May 14 18:26:37 2023 Sri Lanka Standard Time elapsed time: 7.474073 seconds (0d 0h 0m 7s)

---------------  T H R E A D  ---------------

Current thread (0x000001ea7f653270):  VMThread "VM Thread" [stack: 0x0000000cb6d00000,0x0000000cb6e00000] [id=18924]

Stack: [0x0000000cb6d00000,0x0000000cb6e00000]
Native frames: (J=compiled Java code, j=interpreted, Vv=VM code, C=native code)
V  [jvm.dll+0x683b4a]
V  [jvm.dll+0x842654]
V  [jvm.dll+0x843dfe]
V  [jvm.dll+0x844463]
V  [jvm.dll+0x249b75]
V  [jvm.dll+0x680a19]
V  [jvm.dll+0x674f0a]
V  [jvm.dll+0x309acb]
V  [jvm.dll+0x310f86]
V  [jvm.dll+0x3608ee]
V  [jvm.dll+0x360b1f]
V  [jvm.dll+0x2dfbf8]
V  [jvm.dll+0x2ddec4]
V  [jvm.dll+0x2dd4cc]
V  [jvm.dll+0x321f3b]
V  [jvm.dll+0x84893b]
V  [jvm.dll+0x849674]
V  [jvm.dll+0x849b8d]
V  [jvm.dll+0x849f64]
V  [jvm.dll+0x84a030]
V  [jvm.dll+0x7f25fa]
V  [jvm.dll+0x682985]
C  [ucrtbase.dll+0x26c0c]
C  [KERNEL32.DLL+0x155a0]
C  [ntdll.dll+0x485b]

VM_Operation (0x0000000cb87f7e70): G1CollectForAllocation, mode: safepoint, requested by thread 0x000001ea16092b80


---------------  P R O C E S S  ---------------

Threads class SMR info:
_java_thread_list=0x000001ea1891fcd0, length=40, elements={
0x000001ea7881ed40, 0x000001ea7f6567b0, 0x000001ea7f657360, 0x000001ea7f69afd0,
0x000001ea7f69d8a0, 0x000001ea7f69e250, 0x000001ea13932020, 0x000001ea13932c10,
0x000001ea13933920, 0x000001ea13934220, 0x000001ea13aad450, 0x000001ea13acf0a0,
0x000001ea151d94c0, 0x000001ea14bebd10, 0x000001ea161e4590, 0x000001ea14fcf960,
0x000001ea14fd43d0, 0x000001ea160926b0, 0x000001ea16092b80, 0x000001ea149a7bb0,
0x000001ea149a7210, 0x000001ea149aa700, 0x000001ea149a8ef0, 0x000001ea149aabd0,
0x000001ea149a93c0, 0x000001ea149a9d60, 0x000001ea149a8a20, 0x000001ea149a9890,
0x000001ea149a8550, 0x000001ea149aa230, 0x000001ea149a76e0, 0x000001ea1681e300,
0x000001ea1681e7d0, 0x000001ea1681f170, 0x000001ea1681d960, 0x000001ea168182c0,
0x000001ea16818c60, 0x000001ea1681caf0, 0x000001ea1681b7b0, 0x000001ea1681c620
}

Java Threads: ( => current thread )
  0x000001ea7881ed40 JavaThread "main" [_thread_blocked, id=18960, stack(0x0000000cb6700000,0x0000000cb6800000)]
  0x000001ea7f6567b0 JavaThread "Reference Handler" daemon [_thread_blocked, id=12124, stack(0x0000000cb6e00000,0x0000000cb6f00000)]
  0x000001ea7f657360 JavaThread "Finalizer" daemon [_thread_blocked, id=7788, stack(0x0000000cb6f00000,0x0000000cb7000000)]
  0x000001ea7f69afd0 JavaThread "Signal Dispatcher" daemon [_thread_blocked, id=9328, stack(0x0000000cb7000000,0x0000000cb7100000)]
  0x000001ea7f69d8a0 JavaThread "Attach Listener" daemon [_thread_blocked, id=12008, stack(0x0000000cb7100000,0x0000000cb7200000)]
  0x000001ea7f69e250 JavaThread "Service Thread" daemon [_thread_blocked, id=7284, stack(0x0000000cb7200000,0x0000000cb7300000)]
  0x000001ea13932020 JavaThread "Monitor Deflation Thread" daemon [_thread_blocked, id=13500, stack(0x0000000cb7300000,0x0000000cb7400000)]
  0x000001ea13932c10 JavaThread "C2 CompilerThread0" daemon [_thread_blocked, id=12044, stack(0x0000000cb7400000,0x0000000cb7500000)]
  0x000001ea13933920 JavaThread "C1 CompilerThread0" daemon [_thread_blocked, id=19356, stack(0x0000000cb7500000,0x0000000cb7600000)]
  0x000001ea13934220 JavaThread "Sweeper thread" daemon [_thread_blocked, id=10348, stack(0x0000000cb7600000,0x0000000cb7700000)]
  0x000001ea13aad450 JavaThread "Common-Cleaner" daemon [_thread_blocked, id=9944, stack(0x0000000cb7700000,0x0000000cb7800000)]
  0x000001ea13acf0a0 JavaThread "Notification Thread" daemon [_thread_blocked, id=12240, stack(0x0000000cb7800000,0x0000000cb7900000)]
  0x000001ea151d94c0 JavaThread "Daemon health stats" [_thread_blocked, id=9744, stack(0x0000000cb7e00000,0x0000000cb7f00000)]
  0x000001ea14bebd10 JavaThread "Incoming local TCP Connector on port 56860" [_thread_in_native, id=14908, stack(0x0000000cb7f00000,0x0000000cb8000000)]
  0x000001ea161e4590 JavaThread "Daemon periodic checks" [_thread_blocked, id=3684, stack(0x0000000cb8300000,0x0000000cb8400000)]
  0x000001ea14fcf960 JavaThread "Daemon" [_thread_blocked, id=10688, stack(0x0000000cb8400000,0x0000000cb8500000)]
  0x000001ea14fd43d0 JavaThread "Handler for socket connection from /127.0.0.1:56860 to /127.0.0.1:56861" [_thread_in_native, id=13636, stack(0x0000000cb8500000,0x0000000cb8600000)]
  0x000001ea160926b0 JavaThread "Cancel handler" [_thread_blocked, id=17084, stack(0x0000000cb8600000,0x0000000cb8700000)]
  0x000001ea16092b80 JavaThread "Daemon worker" [_thread_blocked, id=2896, stack(0x0000000cb8700000,0x0000000cb8800000)]
  0x000001ea149a7bb0 JavaThread "Asynchronous log dispatcher for DefaultDaemonConnection: socket connection from /127.0.0.1:56860 to /127.0.0.1:56861" [_thread_blocked, id=1820, stack(0x0000000cb8800000,0x0000000cb8900000)]
  0x000001ea149a7210 JavaThread "Stdin handler" [_thread_blocked, id=14048, stack(0x0000000cb8900000,0x0000000cb8a00000)]
  0x000001ea149aa700 JavaThread "Daemon client event forwarder" [_thread_blocked, id=10260, stack(0x0000000cb8a00000,0x0000000cb8b00000)]
  0x000001ea149a8ef0 JavaThread "Cache worker for journal cache (C:\Users\hp\.gradle\caches\journal-1)" [_thread_blocked, id=9000, stack(0x0000000cb8b00000,0x0000000cb8c00000)]
  0x000001ea149aabd0 JavaThread "File lock request listener" [_thread_in_native, id=2608, stack(0x0000000cb8c00000,0x0000000cb8d00000)]
  0x000001ea149a93c0 JavaThread "Cache worker for file hash cache (C:\Users\hp\.gradle\caches\7.5\fileHashes)" [_thread_blocked, id=1380, stack(0x0000000cb8e00000,0x0000000cb8f00000)]
  0x000001ea149a9d60 JavaThread "File watcher server" daemon [_thread_in_native, id=1088, stack(0x0000000cb8f00000,0x0000000cb9000000)]
  0x000001ea149a8a20 JavaThread "File watcher consumer" daemon [_thread_blocked, id=9504, stack(0x0000000cb9000000,0x0000000cb9100000)]
  0x000001ea149a9890 JavaThread "Cache worker for checksums cache (E:\Projects\ChatIn\.gradle\7.5\checksums)" [_thread_blocked, id=12708, stack(0x0000000cb9100000,0x0000000cb9200000)]
  0x000001ea149a8550 JavaThread "Cache worker for cache directory md-rule (C:\Users\hp\.gradle\caches\7.5\md-rule)" [_thread_blocked, id=11228, stack(0x0000000cb9200000,0x0000000cb9300000)]
  0x000001ea149aa230 JavaThread "Cache worker for file content cache (C:\Users\hp\.gradle\caches\7.5\fileContent)" [_thread_blocked, id=184, stack(0x0000000cb9300000,0x0000000cb9400000)]
  0x000001ea149a76e0 JavaThread "Cache worker for file hash cache (E:\Projects\ChatIn\.gradle\7.5\fileHashes)" [_thread_blocked, id=18728, stack(0x0000000cb9400000,0x0000000cb9500000)]
  0x000001ea1681e300 JavaThread "Cache worker for cache directory md-supplier (C:\Users\hp\.gradle\caches\7.5\md-supplier)" [_thread_blocked, id=18988, stack(0x0000000cb9500000,0x0000000cb9600000)]
  0x000001ea1681e7d0 JavaThread "Cache worker for execution history cache (C:\Users\hp\.gradle\caches\7.5\executionHistory)" [_thread_blocked, id=15252, stack(0x0000000cb9600000,0x0000000cb9700000)]
  0x000001ea1681f170 JavaThread "jar transforms" [_thread_blocked, id=15784, stack(0x0000000cb9700000,0x0000000cb9800000)]
  0x000001ea1681d960 JavaThread "jar transforms Thread 2" [_thread_blocked, id=16440, stack(0x0000000cb9800000,0x0000000cb9900000)]
  0x000001ea168182c0 JavaThread "jar transforms Thread 3" [_thread_blocked, id=5552, stack(0x0000000cb9900000,0x0000000cb9a00000)]
  0x000001ea16818c60 JavaThread "jar transforms Thread 4" [_thread_blocked, id=7508, stack(0x0000000cb9a00000,0x0000000cb9b00000)]
  0x000001ea1681caf0 JavaThread "Cache worker for dependencies-accessors (E:\Projects\ChatIn\.gradle\7.5\dependencies-accessors)" [_thread_blocked, id=17708, stack(0x0000000cb9b00000,0x0000000cb9c00000)]
  0x000001ea1681b7b0 JavaThread "jar transforms Thread 5" [_thread_blocked, id=15256, stack(0x0000000cb9c00000,0x0000000cb9d00000)]
  0x000001ea1681c620 JavaThread "Cache worker for Build Output Cleanup Cache (E:\Projects\ChatIn\.gradle\buildOutputCleanup)" [_thread_blocked, id=17568, stack(0x0000000cb9e00000,0x0000000cb9f00000)]

Other Threads:
=>0x000001ea7f653270 VMThread "VM Thread" [stack: 0x0000000cb6d00000,0x0000000cb6e00000] [id=18924]
  0x000001ea13acfd80 WatcherThread [stack: 0x0000000cb7900000,0x0000000cb7a00000] [id=18456]
  0x000001ea78879da0 GCTaskThread "GC Thread#0" [stack: 0x0000000cb6800000,0x0000000cb6900000] [id=6848]
  0x000001ea14688590 GCTaskThread "GC Thread#1" [stack: 0x0000000cb7a00000,0x0000000cb7b00000] [id=10392]
  0x000001ea1464d1d0 GCTaskThread "GC Thread#2" [stack: 0x0000000cb7b00000,0x0000000cb7c00000] [id=7060]
  0x000001ea146704a0 GCTaskThread "GC Thread#3" [stack: 0x0000000cb7c00000,0x0000000cb7d00000] [id=3296]
  0x000001ea1461cdb0 GCTaskThread "GC Thread#4" [stack: 0x0000000cb7d00000,0x0000000cb7e00000] [id=11552]
  0x000001ea161fd9e0 GCTaskThread "GC Thread#5" [stack: 0x0000000cb8000000,0x0000000cb8100000] [id=11448]
  0x000001ea146ab870 GCTaskThread "GC Thread#6" [stack: 0x0000000cb8100000,0x0000000cb8200000] [id=13480]
  0x000001ea16377c80 GCTaskThread "GC Thread#7" [stack: 0x0000000cb8200000,0x0000000cb8300000] [id=13592]
  0x000001ea788c8010 ConcurrentGCThread "G1 Main Marker" [stack: 0x0000000cb6900000,0x0000000cb6a00000] [id=15960]
  0x000001ea788c91c0 ConcurrentGCThread "G1 Conc#0" [stack: 0x0000000cb6a00000,0x0000000cb6b00000] [id=13948]
  0x000001ea160da150 ConcurrentGCThread "G1 Conc#1" [stack: 0x0000000cb8d00000,0x0000000cb8e00000] [id=1020]
  0x000001ea788e99e0 ConcurrentGCThread "G1 Refine#0" [stack: 0x0000000cb6b00000,0x0000000cb6c00000] [id=13780]
  0x000001ea17fccc90 ConcurrentGCThread "G1 Refine#1" [stack: 0x0000000cb9d00000,0x0000000cb9e00000] [id=16872]
  0x000001ea7f4c14a0 ConcurrentGCThread "G1 Service" [stack: 0x0000000cb6c00000,0x0000000cb6d00000] [id=10264]

Threads with active compile tasks:
C2 CompilerThread0     7540 4283       4       org.objectweb.asm.SymbolTable::addConstantUtf8 (98 bytes)
C1 CompilerThread0     7540 4400       2       java.util.Collections$SingletonList::<init> (10 bytes)

VM state: at safepoint (normal execution)

VM Mutex/Monitor currently owned by a thread:  ([mutex/lock_event])
[0x000001ea7881b290] Threads_lock - owner thread: 0x000001ea7f653270
[0x000001ea7881a7e0] Heap_lock - owner thread: 0x000001ea16092b80

Heap address: 0x0000000080000000, size: 2048 MB, Compressed Oops mode: 32-bit

CDS archive(s) not mapped
Compressed class space mapped at: 0x0000000100000000-0x0000000140000000, reserved size: 1073741824
Narrow klass base: 0x0000000000000000, Narrow klass shift: 3, Narrow klass range: 0x140000000

GC Precious Log:
 CPUs: 8 total, 8 available
 Memory: 3899M
 Large Page Support: Disabled
 NUMA Support: Disabled
 Compressed Oops: Enabled (32-bit)
 Heap Region Size: 1M
 Heap Min Capacity: 8M
 Heap Initial Capacity: 62M
 Heap Max Capacity: 2G
 Pre-touch: Disabled
 Parallel Workers: 8
 Concurrent Workers: 2
 Concurrent Refinement Workers: 8
 Periodic GC: Disabled

Heap:
 garbage-first heap   total 76800K, used 33077K [0x0000000080000000, 0x0000000100000000)
  region size 1024K, 2 young (2048K), 2 survivors (2048K)
 Metaspace       used 49891K, committed 50304K, reserved 1097728K
  class space    used 6624K, committed 6784K, reserved 1048576K

Heap Regions: E=young(eden), S=young(survivor), O=old, HS=humongous(starts), HC=humongous(continues), CS=collection set, F=free, OA=open archive, CA=closed archive, TAMS=top-at-mark-start (previous, next)
|   0|0x0000000080000000, 0x0000000080100000, 0x0000000080100000|100%| O|  |TAMS 0x0000000080100000, 0x0000000080000000| Untracked 
|   1|0x0000000080100000, 0x0000000080200000, 0x0000000080200000|100%| O|  |TAMS 0x0000000080200000, 0x0000000080100000| Untracked 
|   2|0x0000000080200000, 0x0000000080300000, 0x0000000080300000|100%| O|  |TAMS 0x0000000080300000, 0x0000000080200000| Untracked 
|   3|0x0000000080300000, 0x0000000080400000, 0x0000000080400000|100%|HS|  |TAMS 0x0000000080400000, 0x0000000080300000| Complete 
|   4|0x0000000080400000, 0x0000000080500000, 0x0000000080500000|100%|HC|  |TAMS 0x0000000080500000, 0x0000000080400000| Complete 
|   5|0x0000000080500000, 0x0000000080600000, 0x0000000080600000|100%|HC|  |TAMS 0x0000000080600000, 0x0000000080500000| Complete 
|   6|0x0000000080600000, 0x0000000080700000, 0x0000000080700000|100%| O|  |TAMS 0x0000000080700000, 0x0000000080600000| Untracked 
|   7|0x0000000080700000, 0x0000000080800000, 0x0000000080800000|100%| O|  |TAMS 0x0000000080800000, 0x0000000080700000| Untracked 
|   8|0x0000000080800000, 0x0000000080900000, 0x0000000080900000|100%| O|  |TAMS 0x0000000080900000, 0x0000000080800000| Untracked 
|   9|0x0000000080900000, 0x0000000080a00000, 0x0000000080a00000|100%| O|  |TAMS 0x0000000080a00000, 0x0000000080900000| Untracked 
|  10|0x0000000080a00000, 0x0000000080b00000, 0x0000000080b00000|100%| O|  |TAMS 0x0000000080b00000, 0x0000000080a00000| Untracked 
|  11|0x0000000080b00000, 0x0000000080c00000, 0x0000000080c00000|100%| O|  |TAMS 0x0000000080c00000, 0x0000000080b00000| Untracked 
|  12|0x0000000080c00000, 0x0000000080d00000, 0x0000000080d00000|100%| O|  |TAMS 0x0000000080d00000, 0x0000000080c00000| Untracked 
|  13|0x0000000080d00000, 0x0000000080e00000, 0x0000000080e00000|100%| O|  |TAMS 0x0000000080e00000, 0x0000000080d00000| Untracked 
|  14|0x0000000080e00000, 0x0000000080f00000, 0x0000000080f00000|100%| O|  |TAMS 0x0000000080f00000, 0x0000000080e00000| Untracked 
|  15|0x0000000080f00000, 0x0000000081000000, 0x0000000081000000|100%| O|  |TAMS 0x0000000080f00000, 0x0000000080f00000| Untracked 
|  16|0x0000000081000000, 0x0000000081100000, 0x0000000081100000|100%| O|  |TAMS 0x0000000081100000, 0x0000000081000000| Untracked 
|  17|0x0000000081100000, 0x0000000081200000, 0x0000000081200000|100%| O|  |TAMS 0x0000000081200000, 0x0000000081100000| Untracked 
|  18|0x0000000081200000, 0x0000000081300000, 0x0000000081300000|100%| O|  |TAMS 0x0000000081300000, 0x0000000081200000| Untracked 
|  19|0x0000000081300000, 0x0000000081400000, 0x0000000081400000|100%| O|  |TAMS 0x0000000081400000, 0x0000000081300000| Untracked 
|  20|0x0000000081400000, 0x0000000081500000, 0x0000000081500000|100%| O|  |TAMS 0x0000000081500000, 0x0000000081400000| Untracked 
|  21|0x0000000081500000, 0x0000000081500000, 0x0000000081600000|  0%| F|  |TAMS 0x0000000081500000, 0x0000000081500000| Untracked 
|  22|0x0000000081600000, 0x0000000081700000, 0x0000000081700000|100%| O|  |TAMS 0x0000000081700000, 0x0000000081600000| Untracked 
|  23|0x0000000081700000, 0x0000000081800000, 0x0000000081800000|100%| O|  |TAMS 0x0000000081800000, 0x0000000081700000| Untracked 
|  24|0x0000000081800000, 0x0000000081900000, 0x0000000081900000|100%| O|  |TAMS 0x0000000081900000, 0x0000000081800000| Untracked 
|  25|0x0000000081900000, 0x0000000081a00000, 0x0000000081a00000|100%| O|  |TAMS 0x0000000081a00000, 0x0000000081900000| Untracked 
|  26|0x0000000081a00000, 0x0000000081b00000, 0x0000000081b00000|100%| O|  |TAMS 0x0000000081b00000, 0x0000000081a00000| Untracked 
|  27|0x0000000081b00000, 0x0000000081c00000, 0x0000000081c00000|100%| O|  |TAMS 0x0000000081b0d200, 0x0000000081b00000| Untracked 
|  28|0x0000000081c00000, 0x0000000081d00000, 0x0000000081d00000|100%| O|  |TAMS 0x0000000081c00000, 0x0000000081c00000| Untracked 
|  29|0x0000000081d00000, 0x0000000081e00000, 0x0000000081e00000|100%| O|  |TAMS 0x0000000081d00000, 0x0000000081d00000| Untracked 
|  30|0x0000000081e00000, 0x0000000081f00000, 0x0000000081f00000|100%| O|  |TAMS 0x0000000081e00000, 0x0000000081e00000| Untracked 
|  31|0x0000000081f00000, 0x0000000081fbdc00, 0x0000000082000000| 74%| O|  |TAMS 0x0000000081f00000, 0x0000000081f00000| Untracked 
|  32|0x0000000082000000, 0x0000000082000000, 0x0000000082100000|  0%| F|  |TAMS 0x0000000082000000, 0x0000000082000000| Untracked 
|  33|0x0000000082100000, 0x0000000082100000, 0x0000000082200000|  0%| F|  |TAMS 0x0000000082100000, 0x0000000082100000| Untracked 
|  34|0x0000000082200000, 0x0000000082200000, 0x0000000082300000|  0%| F|  |TAMS 0x0000000082200000, 0x0000000082200000| Untracked 
|  35|0x0000000082300000, 0x0000000082300000, 0x0000000082400000|  0%| F|  |TAMS 0x0000000082300000, 0x0000000082300000| Untracked 
|  36|0x0000000082400000, 0x0000000082400000, 0x0000000082500000|  0%| F|  |TAMS 0x0000000082400000, 0x0000000082400000| Untracked 
|  37|0x0000000082500000, 0x0000000082500000, 0x0000000082600000|  0%| F|  |TAMS 0x0000000082500000, 0x0000000082500000| Untracked 
|  38|0x0000000082600000, 0x0000000082600000, 0x0000000082700000|  0%| F|  |TAMS 0x0000000082600000, 0x0000000082600000| Untracked 
|  39|0x0000000082700000, 0x0000000082700000, 0x0000000082800000|  0%| F|  |TAMS 0x0000000082700000, 0x0000000082700000| Untracked 
|  40|0x0000000082800000, 0x0000000082800000, 0x0000000082900000|  0%| F|  |TAMS 0x0000000082800000, 0x0000000082800000| Untracked 
|  41|0x0000000082900000, 0x0000000082900000, 0x0000000082a00000|  0%| F|  |TAMS 0x0000000082900000, 0x0000000082900000| Untracked 
|  42|0x0000000082a00000, 0x0000000082a00000, 0x0000000082b00000|  0%| F|  |TAMS 0x0000000082a00000, 0x0000000082a00000| Untracked 
|  43|0x0000000082b00000, 0x0000000082b00000, 0x0000000082c00000|  0%| F|  |TAMS 0x0000000082b00000, 0x0000000082b00000| Untracked 
|  44|0x0000000082c00000, 0x0000000082c00000, 0x0000000082d00000|  0%| F|  |TAMS 0x0000000082c00000, 0x0000000082c00000| Untracked 
|  45|0x0000000082d00000, 0x0000000082d00000, 0x0000000082e00000|  0%| F|  |TAMS 0x0000000082d00000, 0x0000000082d00000| Untracked 
|  46|0x0000000082e00000, 0x0000000082e8f858, 0x0000000082f00000| 56%| S|CS|TAMS 0x0000000082e00000, 0x0000000082e00000| Complete 
|  47|0x0000000082f00000, 0x0000000083000000, 0x0000000083000000|100%| S|CS|TAMS 0x0000000082f00000, 0x0000000082f00000| Complete 
|  48|0x0000000083000000, 0x0000000083000000, 0x0000000083100000|  0%| F|  |TAMS 0x0000000083000000, 0x0000000083000000| Untracked 
|  49|0x0000000083100000, 0x0000000083100000, 0x0000000083200000|  0%| F|  |TAMS 0x0000000083100000, 0x0000000083100000| Untracked 
|  50|0x0000000083200000, 0x0000000083200000, 0x0000000083300000|  0%| F|  |TAMS 0x0000000083200000, 0x0000000083200000| Untracked 
|  51|0x0000000083300000, 0x0000000083300000, 0x0000000083400000|  0%| F|  |TAMS 0x0000000083300000, 0x0000000083300000| Untracked 
|  52|0x0000000083400000, 0x0000000083400000, 0x0000000083500000|  0%| F|  |TAMS 0x0000000083400000, 0x0000000083400000| Untracked 
|  53|0x0000000083500000, 0x0000000083500000, 0x0000000083600000|  0%| F|  |TAMS 0x0000000083500000, 0x0000000083500000| Untracked 
|  54|0x0000000083600000, 0x0000000083600000, 0x0000000083700000|  0%| F|  |TAMS 0x0000000083600000, 0x0000000083600000| Untracked 
|  55|0x0000000083700000, 0x0000000083700000, 0x0000000083800000|  0%| F|  |TAMS 0x0000000083700000, 0x0000000083700000| Untracked 
|  56|0x0000000083800000, 0x0000000083800000, 0x0000000083900000|  0%| F|  |TAMS 0x0000000083800000, 0x0000000083800000| Untracked 
|  57|0x0000000083900000, 0x0000000083900000, 0x0000000083a00000|  0%| F|  |TAMS 0x0000000083900000, 0x0000000083900000| Untracked 
|  58|0x0000000083a00000, 0x0000000083a00000, 0x0000000083b00000|  0%| F|  |TAMS 0x0000000083a00000, 0x0000000083a00000| Untracked 
|  59|0x0000000083b00000, 0x0000000083b00000, 0x0000000083c00000|  0%| F|  |TAMS 0x0000000083b00000, 0x0000000083b00000| Untracked 
|  60|0x0000000083c00000, 0x0000000083c00000, 0x0000000083d00000|  0%| F|  |TAMS 0x0000000083c00000, 0x0000000083c00000| Untracked 
|  61|0x0000000083d00000, 0x0000000083d00000, 0x0000000083e00000|  0%| F|  |TAMS 0x0000000083d00000, 0x0000000083d00000| Untracked 
|  62|0x0000000083e00000, 0x0000000083e00000, 0x0000000083f00000|  0%| F|  |TAMS 0x0000000083e00000, 0x0000000083e00000| Untracked 
|  63|0x0000000083f00000, 0x0000000083f00000, 0x0000000084000000|  0%| F|  |TAMS 0x0000000083f00000, 0x0000000083f00000| Untracked 
|  64|0x0000000084000000, 0x0000000084000000, 0x0000000084100000|  0%| F|  |TAMS 0x0000000084000000, 0x0000000084000000| Untracked 
|  65|0x0000000084100000, 0x0000000084100000, 0x0000000084200000|  0%| F|  |TAMS 0x0000000084100000, 0x0000000084100000| Untracked 
|  66|0x0000000084200000, 0x0000000084200000, 0x0000000084300000|  0%| F|  |TAMS 0x0000000084200000, 0x0000000084200000| Untracked 
|  67|0x0000000084300000, 0x0000000084300000, 0x0000000084400000|  0%| F|  |TAMS 0x0000000084300000, 0x0000000084300000| Untracked 
|  68|0x0000000084400000, 0x0000000084400000, 0x0000000084500000|  0%| F|  |TAMS 0x0000000084400000, 0x0000000084400000| Untracked 
|  69|0x0000000084500000, 0x0000000084500000, 0x0000000084600000|  0%| F|  |TAMS 0x0000000084500000, 0x0000000084500000| Untracked 
|  70|0x0000000084600000, 0x0000000084600000, 0x0000000084700000|  0%| F|  |TAMS 0x0000000084600000, 0x0000000084600000| Untracked 
|  71|0x0000000084700000, 0x0000000084700000, 0x0000000084800000|  0%| F|  |TAMS 0x0000000084700000, 0x0000000084700000| Untracked 
|  72|0x0000000084800000, 0x0000000084800000, 0x0000000084900000|  0%| F|  |TAMS 0x0000000084800000, 0x0000000084800000| Untracked 
|  73|0x0000000084900000, 0x0000000084900000, 0x0000000084a00000|  0%| F|  |TAMS 0x0000000084900000, 0x0000000084900000| Untracked 
|  74|0x0000000084a00000, 0x0000000084a00000, 0x0000000084b00000|  0%| F|  |TAMS 0x0000000084a00000, 0x0000000084a00000| Untracked 

Card table byte_map: [0x000001ea7c420000,0x000001ea7c820000] _byte_map_base: 0x000001ea7c020000

Marking Bits (Prev, Next): (CMBitMap*) 0x000001ea7887a3f0, (CMBitMap*) 0x000001ea7887a3b0
 Prev Bits: [0x000001ea0f000000, 0x000001ea11000000)
 Next Bits: [0x000001ea7cc20000, 0x000001ea7ec20000)

Polling page: 0x000001ea77ff0000

Metaspace:

Usage:
  Non-class:     42.25 MB used.
      Class:      6.47 MB used.
       Both:     48.72 MB used.

Virtual space:
  Non-class space:       48.00 MB reserved,      42.50 MB ( 89%) committed,  6 nodes.
      Class space:        1.00 GB reserved,       6.62 MB ( <1%) committed,  1 nodes.
             Both:        1.05 GB reserved,      49.12 MB (  5%) committed. 

Chunk freelists:
   Non-Class:  1.39 MB
       Class:  1.33 MB
        Both:  2.72 MB

MaxMetaspaceSize: unlimited
CompressedClassSpaceSize: 1.00 GB
Initial GC threshold: 21.00 MB
Current GC threshold: 70.44 MB
CDS: off
MetaspaceReclaimPolicy: balanced
 - commit_granule_bytes: 65536.
 - commit_granule_words: 8192.
 - virtual_space_node_default_size: 1048576.
 - enlarge_chunks_in_place: 1.
 - new_chunks_are_fully_committed: 0.
 - uncommit_free_chunks: 1.
 - use_allocation_guard: 0.
 - handle_deallocations: 1.


Internal statistics:

num_allocs_failed_limit: 9.
num_arena_births: 414.
num_arena_deaths: 0.
num_vsnodes_births: 7.
num_vsnodes_deaths: 0.
num_space_committed: 786.
num_space_uncommitted: 0.
num_chunks_returned_to_freelist: 9.
num_chunks_taken_from_freelist: 1928.
num_chunk_merges: 6.
num_chunk_splits: 1303.
num_chunks_enlarged: 925.
num_purges: 0.
num_inconsistent_stats: 0.

CodeHeap 'non-profiled nmethods': size=120000Kb used=1784Kb max_used=1784Kb free=118215Kb
 bounds [0x000001ea07ad0000, 0x000001ea07d40000, 0x000001ea0f000000]
CodeHeap 'profiled nmethods': size=120000Kb used=8466Kb max_used=8466Kb free=111533Kb
 bounds [0x000001ea00000000, 0x000001ea00850000, 0x000001ea07530000]
CodeHeap 'non-nmethods': size=5760Kb used=2305Kb max_used=2360Kb free=3454Kb
 bounds [0x000001ea07530000, 0x000001ea077a0000, 0x000001ea07ad0000]
 total_blobs=5145 nmethods=4324 adapters=733
 compilation: enabled
              stopped_count=0, restarted_count=0
 full_count=0

Compilation events (20 events):
Event: 7.448 Thread 0x000001ea13933920 nmethod 4390 0x000001ea00842690 code [0x000001ea00842820, 0x000001ea008429b8]
Event: 7.448 Thread 0x000001ea13933920 4391       2       com.google.common.collect.Iterators$9::<init> (10 bytes)
Event: 7.448 Thread 0x000001ea13933920 nmethod 4391 0x000001ea00842a90 code [0x000001ea00842c20, 0x000001ea00842d78]
Event: 7.448 Thread 0x000001ea13933920 4393       2       com.google.common.collect.ImmutableList::iterator (5 bytes)
Event: 7.448 Thread 0x000001ea13933920 nmethod 4393 0x000001ea00842e10 code [0x000001ea00842fa0, 0x000001ea008430c8]
Event: 7.448 Thread 0x000001ea13933920 4392       1       org.gradle.internal.component.model.DefaultIvyArtifactName::hashCode (5 bytes)
Event: 7.448 Thread 0x000001ea13933920 nmethod 4392 0x000001ea07c8dc90 code [0x000001ea07c8de20, 0x000001ea07c8def8]
Event: 7.448 Thread 0x000001ea13933920 4394       2       org.gradle.internal.component.external.model.AbstractLazyModuleComponentResolveMetadata::getModuleVersionId (5 bytes)
Event: 7.448 Thread 0x000001ea13933920 nmethod 4394 0x000001ea00843190 code [0x000001ea00843320, 0x000001ea00843438]
Event: 7.448 Thread 0x000001ea13933920 4395       2       org.gradle.api.internal.artifacts.ivyservice.ivyresolve.ComponentMetaDataResolveState::<init> (37 bytes)
Event: 7.448 Thread 0x000001ea13933920 nmethod 4395 0x000001ea00843510 code [0x000001ea00843700, 0x000001ea00843ba8]
Event: 7.448 Thread 0x000001ea13933920 4396       2       org.gradle.internal.resolve.result.DefaultBuildableModuleComponentMetaDataResolveResult::<init> (12 bytes)
Event: 7.449 Thread 0x000001ea13933920 nmethod 4396 0x000001ea00843d10 code [0x000001ea00843ee0, 0x000001ea00844148]
Event: 7.449 Thread 0x000001ea13933920 4398       2       com.google.common.collect.ImmutableList$Builder::build (17 bytes)
Event: 7.449 Thread 0x000001ea13933920 nmethod 4398 0x000001ea00844290 code [0x000001ea00844420, 0x000001ea00844548]
Event: 7.449 Thread 0x000001ea13933920 4397       1       org.gradle.api.internal.artifacts.ivyservice.modulecache.ModuleComponentAtRepositoryKey::hashCode (5 bytes)
Event: 7.449 Thread 0x000001ea13933920 nmethod 4397 0x000001ea07c8df90 code [0x000001ea07c8e120, 0x000001ea07c8e1f8]
Event: 7.449 Thread 0x000001ea13933920 4399       2       java.util.Collections::singletonList (9 bytes)
Event: 7.449 Thread 0x000001ea13933920 nmethod 4399 0x000001ea00844610 code [0x000001ea008447a0, 0x000001ea00844938]
Event: 7.449 Thread 0x000001ea13933920 4400       2       java.util.Collections$SingletonList::<init> (10 bytes)

GC Heap History (20 events):
Event: 3.625 GC heap after
{Heap after GC invocations=4 (full 0):
 garbage-first heap   total 63488K, used 17684K [0x0000000080000000, 0x0000000100000000)
  region size 1024K, 2 young (2048K), 2 survivors (2048K)
 Metaspace       used 21285K, committed 21504K, reserved 1073152K
  class space    used 2597K, committed 2688K, reserved 1048576K
}
Event: 4.136 GC heap before
{Heap before GC invocations=5 (full 0):
 garbage-first heap   total 63488K, used 40212K [0x0000000080000000, 0x0000000100000000)
  region size 1024K, 25 young (25600K), 2 survivors (2048K)
 Metaspace       used 25351K, committed 25664K, reserved 1073152K
  class space    used 3309K, committed 3456K, reserved 1048576K
}
Event: 4.141 GC heap after
{Heap after GC invocations=6 (full 0):
 garbage-first heap   total 63488K, used 19153K [0x0000000080000000, 0x0000000100000000)
  region size 1024K, 3 young (3072K), 3 survivors (3072K)
 Metaspace       used 25351K, committed 25664K, reserved 1073152K
  class space    used 3309K, committed 3456K, reserved 1048576K
}
Event: 4.602 GC heap before
{Heap before GC invocations=6 (full 0):
 garbage-first heap   total 63488K, used 42705K [0x0000000080000000, 0x0000000100000000)
  region size 1024K, 26 young (26624K), 3 survivors (3072K)
 Metaspace       used 29045K, committed 29312K, reserved 1081344K
  class space    used 3923K, committed 4032K, reserved 1048576K
}
Event: 4.607 GC heap after
{Heap after GC invocations=7 (full 0):
 garbage-first heap   total 63488K, used 20581K [0x0000000080000000, 0x0000000100000000)
  region size 1024K, 3 young (3072K), 3 survivors (3072K)
 Metaspace       used 29045K, committed 29312K, reserved 1081344K
  class space    used 3923K, committed 4032K, reserved 1048576K
}
Event: 5.039 GC heap before
{Heap before GC invocations=7 (full 0):
 garbage-first heap   total 63488K, used 44133K [0x0000000080000000, 0x0000000100000000)
  region size 1024K, 26 young (26624K), 3 survivors (3072K)
 Metaspace       used 32651K, committed 32960K, reserved 1081344K
  class space    used 4507K, committed 4608K, reserved 1048576K
}
Event: 5.045 GC heap after
{Heap after GC invocations=8 (full 0):
 garbage-first heap   total 63488K, used 21560K [0x0000000080000000, 0x0000000100000000)
  region size 1024K, 3 young (3072K), 3 survivors (3072K)
 Metaspace       used 32651K, committed 32960K, reserved 1081344K
  class space    used 4507K, committed 4608K, reserved 1048576K
}
Event: 5.369 GC heap before
{Heap before GC invocations=8 (full 0):
 garbage-first heap   total 63488K, used 33848K [0x0000000080000000, 0x0000000100000000)
  region size 1024K, 16 young (16384K), 3 survivors (3072K)
 Metaspace       used 35656K, committed 35968K, reserved 1081344K
  class space    used 4855K, committed 4992K, reserved 1048576K
}
Event: 5.377 GC heap after
{Heap after GC invocations=9 (full 0):
 garbage-first heap   total 76800K, used 23260K [0x0000000080000000, 0x0000000100000000)
  region size 1024K, 3 young (3072K), 3 survivors (3072K)
 Metaspace       used 35656K, committed 35968K, reserved 1081344K
  class space    used 4855K, committed 4992K, reserved 1048576K
}
Event: 5.861 GC heap before
{Heap before GC invocations=10 (full 0):
 garbage-first heap   total 76800K, used 53980K [0x0000000080000000, 0x0000000100000000)
  region size 1024K, 34 young (34816K), 3 survivors (3072K)
 Metaspace       used 40025K, committed 40384K, reserved 1089536K
  class space    used 5317K, committed 5440K, reserved 1048576K
}
Event: 5.870 GC heap after
{Heap after GC invocations=11 (full 0):
 garbage-first heap   total 76800K, used 27221K [0x0000000080000000, 0x0000000100000000)
  region size 1024K, 5 young (5120K), 5 survivors (5120K)
 Metaspace       used 40025K, committed 40384K, reserved 1089536K
  class space    used 5317K, committed 5440K, reserved 1048576K
}
Event: 5.896 GC heap before
{Heap before GC invocations=11 (full 0):
 garbage-first heap   total 76800K, used 28245K [0x0000000080000000, 0x0000000100000000)
  region size 1024K, 6 young (6144K), 5 survivors (5120K)
 Metaspace       used 40122K, committed 40448K, reserved 1089536K
  class space    used 5331K, committed 5440K, reserved 1048576K
}
Event: 5.905 GC heap after
{Heap after GC invocations=12 (full 0):
 garbage-first heap   total 76800K, used 27462K [0x0000000080000000, 0x0000000100000000)
  region size 1024K, 1 young (1024K), 1 survivors (1024K)
 Metaspace       used 40122K, committed 40448K, reserved 1089536K
  class space    used 5331K, committed 5440K, reserved 1048576K
}
Event: 6.351 GC heap before
{Heap before GC invocations=12 (full 0):
 garbage-first heap   total 76800K, used 58182K [0x0000000080000000, 0x0000000100000000)
  region size 1024K, 29 young (29696K), 1 survivors (1024K)
 Metaspace       used 42629K, committed 43008K, reserved 1089536K
  class space    used 5591K, committed 5760K, reserved 1048576K
}
Event: 6.357 GC heap after
{Heap after GC invocations=13 (full 0):
 garbage-first heap   total 76800K, used 30101K [0x0000000080000000, 0x0000000100000000)
  region size 1024K, 4 young (4096K), 4 survivors (4096K)
 Metaspace       used 42629K, committed 43008K, reserved 1089536K
  class space    used 5591K, committed 5760K, reserved 1048576K
}
Event: 6.873 GC heap before
{Heap before GC invocations=14 (full 0):
 garbage-first heap   total 76800K, used 56725K [0x0000000080000000, 0x0000000100000000)
  region size 1024K, 30 young (30720K), 4 survivors (4096K)
 Metaspace       used 46608K, committed 46976K, reserved 1097728K
  class space    used 6125K, committed 6272K, reserved 1048576K
}
Event: 6.880 GC heap after
{Heap after GC invocations=15 (full 0):
 garbage-first heap   total 76800K, used 32068K [0x0000000080000000, 0x0000000100000000)
  region size 1024K, 2 young (2048K), 2 survivors (2048K)
 Metaspace       used 46608K, committed 46976K, reserved 1097728K
  class space    used 6125K, committed 6272K, reserved 1048576K
}
Event: 6.902 GC heap before
{Heap before GC invocations=15 (full 0):
 garbage-first heap   total 76800K, used 33092K [0x0000000080000000, 0x0000000100000000)
  region size 1024K, 3 young (3072K), 2 survivors (2048K)
 Metaspace       used 46721K, committed 47104K, reserved 1097728K
  class space    used 6147K, committed 6336K, reserved 1048576K
}
Event: 6.910 GC heap after
{Heap after GC invocations=16 (full 0):
 garbage-first heap   total 76800K, used 31811K [0x0000000080000000, 0x0000000100000000)
  region size 1024K, 1 young (1024K), 1 survivors (1024K)
 Metaspace       used 46721K, committed 47104K, reserved 1097728K
  class space    used 6147K, committed 6336K, reserved 1048576K
}
Event: 7.449 GC heap before
{Heap before GC invocations=16 (full 0):
 garbage-first heap   total 76800K, used 58435K [0x0000000080000000, 0x0000000100000000)
  region size 1024K, 27 young (27648K), 1 survivors (1024K)
 Metaspace       used 49891K, committed 50304K, reserved 1097728K
  class space    used 6624K, committed 6784K, reserved 1048576K
}

Dll operation events (2 events):
Event: 0.021 Loaded shared library C:\Program Files\Android\Android Studio\jbr\bin\java.dll
Event: 0.532 Loaded shared library C:\Program Files\Android\Android Studio\jbr\bin\verify.dll

Deoptimization events (20 events):
Event: 6.940 Thread 0x000001ea16092b80 Uncommon trap: trap_request=0xffffffc6 fr.pc=0x000001ea07be14ac relative=0x000000000000026c
Event: 6.940 Thread 0x000001ea16092b80 Uncommon trap: reason=bimorphic_or_optimized_type_check action=maybe_recompile pc=0x000001ea07be14ac method=com.google.common.base.CharMatcher.indexIn(Ljava/lang/CharSequence;I)I @ 31 c2
Event: 6.940 Thread 0x000001ea16092b80 DEOPT PACKING pc=0x000001ea07be14ac sp=0x0000000cb87f7ec0
Event: 6.940 Thread 0x000001ea16092b80 DEOPT UNPACKING pc=0x000001ea075869a3 sp=0x0000000cb87f7e68 mode 2
Event: 6.947 Thread 0x000001ea16092b80 Uncommon trap: trap_request=0xffffffc6 fr.pc=0x000001ea07be14ac relative=0x000000000000026c
Event: 6.947 Thread 0x000001ea16092b80 Uncommon trap: reason=bimorphic_or_optimized_type_check action=maybe_recompile pc=0x000001ea07be14ac method=com.google.common.base.CharMatcher.indexIn(Ljava/lang/CharSequence;I)I @ 31 c2
Event: 6.947 Thread 0x000001ea16092b80 DEOPT PACKING pc=0x000001ea07be14ac sp=0x0000000cb87f9850
Event: 6.947 Thread 0x000001ea16092b80 DEOPT UNPACKING pc=0x000001ea075869a3 sp=0x0000000cb87f97f8 mode 2
Event: 6.963 Thread 0x000001ea16092b80 Uncommon trap: trap_request=0xffffff45 fr.pc=0x000001ea07b20550 relative=0x0000000000000130
Event: 6.963 Thread 0x000001ea16092b80 Uncommon trap: reason=unstable_if action=reinterpret pc=0x000001ea07b20550 method=java.net.URI.match(CJJ)Z @ 45 c2
Event: 6.963 Thread 0x000001ea16092b80 DEOPT PACKING pc=0x000001ea07b20550 sp=0x0000000cb87f8ac0
Event: 6.963 Thread 0x000001ea16092b80 DEOPT UNPACKING pc=0x000001ea075869a3 sp=0x0000000cb87f89f8 mode 2
Event: 6.963 Thread 0x000001ea16092b80 Uncommon trap: trap_request=0xffffff45 fr.pc=0x000001ea07aef7cc relative=0x000000000000004c
Event: 6.963 Thread 0x000001ea16092b80 Uncommon trap: reason=unstable_if action=reinterpret pc=0x000001ea07aef7cc method=java.net.URI.match(CJJ)Z @ 19 c2
Event: 6.963 Thread 0x000001ea16092b80 DEOPT PACKING pc=0x000001ea07aef7cc sp=0x0000000cb87f8ad0
Event: 6.963 Thread 0x000001ea16092b80 DEOPT UNPACKING pc=0x000001ea075869a3 sp=0x0000000cb87f8a80 mode 2
Event: 7.317 Thread 0x000001ea16092b80 Uncommon trap: trap_request=0xffffff45 fr.pc=0x000001ea07c073e8 relative=0x0000000000008528
Event: 7.317 Thread 0x000001ea16092b80 Uncommon trap: reason=unstable_if action=reinterpret pc=0x000001ea07c073e8 method=jdk.internal.org.objectweb.asm.Frame.execute(IILjdk/internal/org/objectweb/asm/Symbol;Ljdk/internal/org/objectweb/asm/SymbolTable;)V @ 1 c2
Event: 7.317 Thread 0x000001ea16092b80 DEOPT PACKING pc=0x000001ea07c073e8 sp=0x0000000cb87f7ab0
Event: 7.317 Thread 0x000001ea16092b80 DEOPT UNPACKING pc=0x000001ea075869a3 sp=0x0000000cb87f7a90 mode 2

Classes unloaded (0 events):
No events

Classes redefined (0 events):
No events

Internal exceptions (20 events):
Event: 6.934 Thread 0x000001ea16092b80 Exception <a 'java/lang/ClassNotFoundException'{0x00000000848c08c8}: org/gradle/plugin/use/internal/PluginRequestCollector$PluginDependenciesSpecImplCustomizer> (0x00000000848c08c8) 
thrown [s\src\hotspot\share\classfile\systemDictionary.cpp, line 256]
Event: 6.937 Thread 0x000001ea16092b80 Exception <a 'java/lang/ClassNotFoundException'{0x00000000848f82c8}: org/gradle/plugin/use/internal/PluginRequestCollector$PluginDependencySpecImplBeanInfo> (0x00000000848f82c8) 
thrown [s\src\hotspot\share\classfile\systemDictionary.cpp, line 256]
Event: 6.938 Thread 0x000001ea16092b80 Exception <a 'java/lang/ClassNotFoundException'{0x0000000084708eb8}: org/gradle/plugin/use/internal/PluginRequestCollector$PluginDependencySpecImplCustomizer> (0x0000000084708eb8) 
thrown [s\src\hotspot\share\classfile\systemDictionary.cpp, line 256]
Event: 7.009 Thread 0x000001ea16092b80 Exception <a 'java/lang/NoSuchMethodError'{0x000000008445f058}: 'java.lang.Object java.lang.invoke.DirectMethodHandle$Holder.newInvokeSpecial(java.lang.Object, int, java.lang.Object)'> (0x000000008445f058) 
thrown [s\src\hotspot\share\interpreter\linkResolver.cpp, line 771]
Event: 7.133 Thread 0x000001ea16092b80 Exception <a 'java/lang/IncompatibleClassChangeError'{0x0000000083db3438}: Found class java.lang.Object, but interface was expected> (0x0000000083db3438) 
thrown [s\src\hotspot\share\interpreter\linkResolver.cpp, line 838]
Event: 7.133 Thread 0x000001ea16092b80 Exception <a 'java/lang/NoSuchMethodError'{0x0000000083dbaee8}: 'int java.lang.invoke.DirectMethodHandle$Holder.invokeSpecialIFC(java.lang.Object, java.lang.Object, java.lang.Object, java.lang.Object, java.lang.Object)'> (0x0000000083dbaee8) 
thrown [s\src\hotspot\share\interpreter\linkResolver.cpp, line 771]
Event: 7.224 Thread 0x000001ea16092b80 Exception <a 'java/lang/NoSuchMethodError'{0x000000008385af38}: 'int java.lang.invoke.DirectMethodHandle$Holder.invokeStatic(java.lang.Object)'> (0x000000008385af38) 
thrown [s\src\hotspot\share\interpreter\linkResolver.cpp, line 771]
Event: 7.225 Thread 0x000001ea16092b80 Exception <a 'java/lang/NoSuchMethodError'{0x000000008385f328}: 'int java.lang.invoke.DirectMethodHandle$Holder.invokeStaticInit(java.lang.Object)'> (0x000000008385f328) 
thrown [s\src\hotspot\share\interpreter\linkResolver.cpp, line 771]
Event: 7.257 Thread 0x000001ea16092b80 Exception <a 'java/lang/NoSuchMethodError'{0x000000008379d9c0}: 'void java.lang.invoke.DirectMethodHandle$Holder.invokeStatic(java.lang.Object, java.lang.Object, java.lang.Object, int, java.lang.Object)'> (0x000000008379d9c0) 
thrown [s\src\hotspot\share\interpreter\linkResolver.cpp, line 771]
Event: 7.316 Thread 0x000001ea16092b80 Exception <a 'java/lang/NoSuchMethodError'{0x0000000083560c78}: 'java.lang.Object java.lang.invoke.DelegatingMethodHandle$Holder.reinvoke_L(java.lang.Object, java.lang.Object, java.lang.Object, java.lang.Object, java.lang.Object, java.lang.Object, java.lang.Object, java.lang.Object, java.lang.Object, java.lang.Object, java.lang.Object, java.lang.Object, java.lang.Object, java.lang.Object, java.lang.Object, java.lang.Object, java.lang.Object, java.lang.Object, java.lang.Object, java.lang.Object, java.lang.O
Event: 7.316 Thread 0x000001ea16092b80 Exception <a 'java/lang/NoSuchMethodError'{0x000000008356c998}: 'java.lang.Object java.lang.invoke.Invokers$Holder.invoker(java.lang.Object, java.lang.Object, java.lang.Object, java.lang.Object, java.lang.Object, java.lang.Object, java.lang.Object, java.lang.Object, java.lang.Object, java.lang.Object, java.lang.Object, java.lang.Object, java.lang.Object, java.lang.Object, java.lang.Object, java.lang.Object, java.lang.Object, java.lang.Object, java.lang.Object, java.lang.Object, java.lang.Object)'> (0x00000
Event: 7.317 Thread 0x000001ea16092b80 Exception <a 'java/lang/NoSuchMethodError'{0x0000000083573920}: 'java.lang.Object java.lang.invoke.DelegatingMethodHandle$Holder.delegate(java.lang.Object, java.lang.Object, java.lang.Object, java.lang.Object, java.lang.Object, java.lang.Object, java.lang.Object, java.lang.Object, java.lang.Object, java.lang.Object, java.lang.Object, java.lang.Object, java.lang.Object, java.lang.Object, java.lang.Object, java.lang.Object, java.lang.Object, java.lang.Object, java.lang.Object, java.lang.Object, java.lang.Obj
Event: 7.329 Thread 0x000001ea16092b80 Exception <a 'java/lang/NoSuchMethodError'{0x00000000834065c8}: 'java.lang.Object java.lang.invoke.DirectMethodHandle$Holder.invokeStatic(java.lang.Object, java.lang.Object, java.lang.Object, java.lang.Object, java.lang.Object, java.lang.Object, java.lang.Object, java.lang.Object, java.lang.Object, java.lang.Object, java.lang.Object, java.lang.Object, java.lang.Object, java.lang.Object, java.lang.Object, java.lang.Object, java.lang.Object)'> (0x00000000834065c8) 
thrown [s\src\hotspot\share\interpreter\lin
Event: 7.332 Thread 0x000001ea16092b80 Exception <a 'java/lang/NoSuchMethodError'{0x000000008342e770}: 'java.lang.Object java.lang.invoke.DirectMethodHandle$Holder.invokeStatic(java.lang.Object, java.lang.Object, java.lang.Object, java.lang.Object, java.lang.Object, java.lang.Object, java.lang.Object, java.lang.Object, java.lang.Object, java.lang.Object, java.lang.Object, java.lang.Object, java.lang.Object, java.lang.Object, java.lang.Object, java.lang.Object, java.lang.Object, java.lang.Object)'> (0x000000008342e770) 
thrown [s\src\hotspot\sha
Event: 7.334 Thread 0x000001ea16092b80 Exception <a 'java/lang/NoSuchMethodError'{0x0000000083457308}: 'java.lang.Object java.lang.invoke.DirectMethodHandle$Holder.invokeStatic(java.lang.Object, java.lang.Object, java.lang.Object, java.lang.Object, java.lang.Object, java.lang.Object, java.lang.Object, java.lang.Object, java.lang.Object, java.lang.Object, java.lang.Object, java.lang.Object, java.lang.Object, java.lang.Object, java.lang.Object, java.lang.Object, java.lang.Object, java.lang.Object, java.lang.Object)'> (0x0000000083457308) 
thrown 
Event: 7.337 Thread 0x000001ea16092b80 Exception <a 'java/lang/NoSuchMethodError'{0x00000000834813a0}: 'java.lang.Object java.lang.invoke.DirectMethodHandle$Holder.invokeStatic(java.lang.Object, java.lang.Object, java.lang.Object, java.lang.Object, java.lang.Object, java.lang.Object, java.lang.Object, java.lang.Object, java.lang.Object, java.lang.Object, java.lang.Object, java.lang.Object, java.lang.Object, java.lang.Object, java.lang.Object, java.lang.Object, java.lang.Object, java.lang.Object, java.lang.Object, java.lang.Object)'> (0x00000000
Event: 7.340 Thread 0x000001ea16092b80 Exception <a 'java/lang/NoSuchMethodError'{0x00000000834ac258}: 'java.lang.Object java.lang.invoke.DirectMethodHandle$Holder.invokeStatic(java.lang.Object, java.lang.Object, java.lang.Object, java.lang.Object, java.lang.Object, java.lang.Object, java.lang.Object, java.lang.Object, java.lang.Object, java.lang.Object, java.lang.Object, java.lang.Object, java.lang.Object, java.lang.Object, java.lang.Object, java.lang.Object, java.lang.Object, java.lang.Object, java.lang.Object, java.lang.Object, java.lang.Obj
Event: 7.342 Thread 0x000001ea16092b80 Exception <a 'java/lang/NoSuchMethodError'{0x00000000834d7ab0}: 'java.lang.Object java.lang.invoke.DirectMethodHandle$Holder.invokeStatic(java.lang.Object, java.lang.Object, java.lang.Object, java.lang.Object, java.lang.Object, java.lang.Object, java.lang.Object, java.lang.Object, java.lang.Object, java.lang.Object, java.lang.Object, java.lang.Object, java.lang.Object, java.lang.Object, java.lang.Object, java.lang.Object, java.lang.Object, java.lang.Object, java.lang.Object, java.lang.Object, java.lang.Obj
Event: 7.345 Thread 0x000001ea16092b80 Exception <a 'java/lang/NoSuchMethodError'{0x0000000083305220}: 'java.lang.Object java.lang.invoke.DirectMethodHandle$Holder.invokeStatic(java.lang.Object, java.lang.Object, java.lang.Object, java.lang.Object, java.lang.Object, java.lang.Object, java.lang.Object, java.lang.Object, java.lang.Object, java.lang.Object, java.lang.Object, java.lang.Object, java.lang.Object, java.lang.Object, java.lang.Object, java.lang.Object, java.lang.Object, java.lang.Object, java.lang.Object, java.lang.Object, java.lang.Obj
Event: 7.347 Thread 0x000001ea16092b80 Exception <a 'java/lang/NoSuchMethodError'{0x0000000083333e00}: 'java.lang.Object java.lang.invoke.DirectMethodHandle$Holder.invokeStatic(java.lang.Object, java.lang.Object, java.lang.Object, java.lang.Object, java.lang.Object, java.lang.Object, java.lang.Object, java.lang.Object, java.lang.Object, java.lang.Object, java.lang.Object, java.lang.Object, java.lang.Object, java.lang.Object, java.lang.Object, java.lang.Object, java.lang.Object, java.lang.Object, java.lang.Object, java.lang.Object, java.lang.Obj

VM Operations (20 events):
Event: 6.357 Executing VM operation: G1CollectForAllocation done
Event: 6.395 Executing VM operation: G1Concurrent
Event: 6.398 Executing VM operation: G1Concurrent done
Event: 6.417 Executing VM operation: G1Concurrent
Event: 6.417 Executing VM operation: G1Concurrent done
Event: 6.454 Executing VM operation: HandshakeAllThreads
Event: 6.454 Executing VM operation: HandshakeAllThreads done
Event: 6.502 Executing VM operation: HandshakeAllThreads
Event: 6.502 Executing VM operation: HandshakeAllThreads done
Event: 6.637 Executing VM operation: HandshakeAllThreads
Event: 6.637 Executing VM operation: HandshakeAllThreads done
Event: 6.873 Executing VM operation: G1CollectForAllocation
Event: 6.880 Executing VM operation: G1CollectForAllocation done
Event: 6.891 Executing VM operation: HandshakeAllThreads
Event: 6.891 Executing VM operation: HandshakeAllThreads done
Event: 6.892 Executing VM operation: HandshakeAllThreads
Event: 6.892 Executing VM operation: HandshakeAllThreads done
Event: 6.902 Executing VM operation: G1CollectForAllocation
Event: 6.910 Executing VM operation: G1CollectForAllocation done
Event: 7.449 Executing VM operation: G1CollectForAllocation

Events (20 events):
Event: 7.325 loading class java/lang/invoke/BoundMethodHandle$Species_LLLLLLLLLLLLL
Event: 7.325 loading class java/lang/invoke/BoundMethodHandle$Species_LLLLLLLLLLLLL done
Event: 7.326 loading class java/lang/invoke/BoundMethodHandle$Species_LLLLLLLLLLLLLL
Event: 7.326 loading class java/lang/invoke/BoundMethodHandle$Species_LLLLLLLLLLLLLL done
Event: 7.326 loading class java/lang/invoke/ClassSpecializer$Factory$1Var
Event: 7.327 loading class java/lang/invoke/ClassSpecializer$Factory$1Var done
Event: 7.330 loading class java/lang/invoke/BoundMethodHandle$Species_LLLLLLLLLLLLLLL
Event: 7.330 loading class java/lang/invoke/BoundMethodHandle$Species_LLLLLLLLLLLLLLL done
Event: 7.333 loading class java/lang/invoke/BoundMethodHandle$Species_LLLLLLLLLLLLLLLL
Event: 7.333 loading class java/lang/invoke/BoundMethodHandle$Species_LLLLLLLLLLLLLLLL done
Event: 7.336 loading class java/lang/invoke/BoundMethodHandle$Species_LLLLLLLLLLLLLLLLL
Event: 7.336 loading class java/lang/invoke/BoundMethodHandle$Species_LLLLLLLLLLLLLLLLL done
Event: 7.338 loading class java/lang/invoke/BoundMethodHandle$Species_LLLLLLLLLLLLLLLLLL
Event: 7.338 loading class java/lang/invoke/BoundMethodHandle$Species_LLLLLLLLLLLLLLLLLL done
Event: 7.341 loading class java/lang/invoke/BoundMethodHandle$Species_LLLLLLLLLLLLLLLLLLL
Event: 7.341 loading class java/lang/invoke/BoundMethodHandle$Species_LLLLLLLLLLLLLLLLLLL done
Event: 7.344 loading class java/lang/invoke/BoundMethodHandle$Species_LLLLLLLLLLLLLLLLLLLL
Event: 7.344 loading class java/lang/invoke/BoundMethodHandle$Species_LLLLLLLLLLLLLLLLLLLL done
Event: 7.346 loading class java/lang/invoke/BoundMethodHandle$Species_LLLLLLLLLLLLLLLLLLLLL
Event: 7.346 loading class java/lang/invoke/BoundMethodHandle$Species_LLLLLLLLLLLLLLLLLLLLL done


Dynamic libraries:
0x00007ff7e01c0000 - 0x00007ff7e01ca000 	C:\Program Files\Android\Android Studio\jbr\bin\java.exe
0x00007ffc024e0000 - 0x00007ffc026e9000 	C:\WINDOWS\SYSTEM32\ntdll.dll
0x00007ffc01ea0000 - 0x00007ffc01f5e000 	C:\WINDOWS\System32\KERNEL32.DLL
0x00007ffbffe00000 - 0x00007ffc0017b000 	C:\WINDOWS\System32\KERNELBASE.dll
0x00007ffbffc40000 - 0x00007ffbffd51000 	C:\WINDOWS\System32\ucrtbase.dll
0x00007ffbfdf50000 - 0x00007ffbfdf6b000 	C:\Program Files\Android\Android Studio\jbr\bin\VCRUNTIME140.dll
0x00007ffbfe110000 - 0x00007ffbfe127000 	C:\Program Files\Android\Android Studio\jbr\bin\jli.dll
0x00007ffc003a0000 - 0x00007ffc0054d000 	C:\WINDOWS\System32\USER32.dll
0x00007ffbffc10000 - 0x00007ffbffc36000 	C:\WINDOWS\System32\win32u.dll
0x00007ffbfebc0000 - 0x00007ffbfee65000 	C:\WINDOWS\WinSxS\amd64_microsoft.windows.common-controls_6595b64144ccf1df_6.0.22000.120_none_9d947278b86cc467\COMCTL32.dll
0x00007ffc01f60000 - 0x00007ffc02003000 	C:\WINDOWS\System32\msvcrt.dll
0x00007ffc006f0000 - 0x00007ffc00719000 	C:\WINDOWS\System32\GDI32.dll
0x00007ffbffaf0000 - 0x00007ffbffc08000 	C:\WINDOWS\System32\gdi32full.dll
0x00007ffbffd60000 - 0x00007ffbffdfd000 	C:\WINDOWS\System32\msvcp_win.dll
0x00007ffc00360000 - 0x00007ffc00392000 	C:\WINDOWS\System32\IMM32.DLL
0x00007ffbfdf40000 - 0x00007ffbfdf4c000 	C:\Program Files\Android\Android Studio\jbr\bin\vcruntime140_1.dll
0x00007ffbcc630000 - 0x00007ffbcc6bd000 	C:\Program Files\Android\Android Studio\jbr\bin\msvcp140.dll
0x00007ffb6e000000 - 0x00007ffb6ec6d000 	C:\Program Files\Android\Android Studio\jbr\bin\server\jvm.dll
0x00007ffc02100000 - 0x00007ffc021ae000 	C:\WINDOWS\System32\ADVAPI32.dll
0x00007ffc00650000 - 0x00007ffc006ee000 	C:\WINDOWS\System32\sechost.dll
0x00007ffc02230000 - 0x00007ffc02350000 	C:\WINDOWS\System32\RPCRT4.dll
0x00007ffbf94c0000 - 0x00007ffbf94ca000 	C:\WINDOWS\SYSTEM32\VERSION.dll
0x00007ffbf9fe0000 - 0x00007ffbfa013000 	C:\WINDOWS\SYSTEM32\WINMM.dll
0x00007ffbfab70000 - 0x00007ffbfab79000 	C:\WINDOWS\SYSTEM32\WSOCK32.dll
0x00007ffc02370000 - 0x00007ffc023df000 	C:\WINDOWS\System32\WS2_32.dll
0x00007ffbfdc80000 - 0x00007ffbfdc98000 	C:\WINDOWS\SYSTEM32\kernel.appcore.dll
0x00007ffbfa030000 - 0x00007ffbfa03a000 	C:\Program Files\Android\Android Studio\jbr\bin\jimage.dll
0x00007ffbff2a0000 - 0x00007ffbff4c1000 	C:\WINDOWS\SYSTEM32\DBGHELP.DLL
0x00007ffbff010000 - 0x00007ffbff041000 	C:\WINDOWS\SYSTEM32\dbgcore.DLL
0x00007ffbffa70000 - 0x00007ffbffaef000 	C:\WINDOWS\System32\bcryptPrimitives.dll
0x00007ffbca2d0000 - 0x00007ffbca2f5000 	C:\Program Files\Android\Android Studio\jbr\bin\java.dll
0x00007ffbcb390000 - 0x00007ffbcb3a8000 	C:\Program Files\Android\Android Studio\jbr\bin\zip.dll
0x00007ffc015c0000 - 0x00007ffc01d77000 	C:\WINDOWS\System32\SHELL32.dll
0x00007ffbfcd00000 - 0x00007ffbfd565000 	C:\WINDOWS\SYSTEM32\windows.storage.dll
0x00007ffc00720000 - 0x00007ffc00a98000 	C:\WINDOWS\System32\combase.dll
0x00007ffbfcb90000 - 0x00007ffbfccf6000 	C:\WINDOWS\SYSTEM32\wintypes.dll
0x00007ffc02010000 - 0x00007ffc020fa000 	C:\WINDOWS\System32\SHCORE.dll
0x00007ffc010f0000 - 0x00007ffc0114d000 	C:\WINDOWS\System32\shlwapi.dll
0x00007ffbff8e0000 - 0x00007ffbff901000 	C:\WINDOWS\SYSTEM32\profapi.dll
0x00007ffbc7a20000 - 0x00007ffbc7a39000 	C:\Program Files\Android\Android Studio\jbr\bin\net.dll
0x00007ffbf9e70000 - 0x00007ffbf9f84000 	C:\WINDOWS\SYSTEM32\WINHTTP.dll
0x00007ffbfe7b0000 - 0x00007ffbfe817000 	C:\WINDOWS\system32\mswsock.dll
0x00007ffbc6730000 - 0x00007ffbc6746000 	C:\Program Files\Android\Android Studio\jbr\bin\nio.dll
0x00007ffbc6710000 - 0x00007ffbc6720000 	C:\Program Files\Android\Android Studio\jbr\bin\verify.dll
0x00007ffbfe150000 - 0x00007ffbfe177000 	C:\Users\hp\.gradle\native\e1d6ef7f7dcc3fd88c89a11ec53ec762bb8ba0a96d01ffa2cd45eb1d1d8dd5c5\windows-amd64\native-platform.dll
0x00007ffbc7a70000 - 0x00007ffbc7bb4000 	C:\Users\hp\.gradle\native\0d407fdbe67a94daf76414ababcb853783967236a71b16ec16e742cd7a986fd3\windows-amd64\native-platform-file-events.dll
0x00007ffbca2c0000 - 0x00007ffbca2c9000 	C:\Program Files\Android\Android Studio\jbr\bin\management.dll
0x00007ffbc6720000 - 0x00007ffbc672b000 	C:\Program Files\Android\Android Studio\jbr\bin\management_ext.dll
0x00007ffc00550000 - 0x00007ffc00558000 	C:\WINDOWS\System32\PSAPI.DLL
0x00007ffbff5e0000 - 0x00007ffbff5f8000 	C:\WINDOWS\SYSTEM32\CRYPTSP.dll
0x00007ffbfdbe0000 - 0x00007ffbfdc15000 	C:\WINDOWS\system32\rsaenh.dll
0x00007ffbfe9e0000 - 0x00007ffbfea09000 	C:\WINDOWS\SYSTEM32\USERENV.dll
0x00007ffbff4d0000 - 0x00007ffbff4f7000 	C:\WINDOWS\SYSTEM32\bcrypt.dll
0x00007ffbfeac0000 - 0x00007ffbfeacc000 	C:\WINDOWS\SYSTEM32\CRYPTBASE.dll
0x00007ffbfd7c0000 - 0x00007ffbfd7ed000 	C:\WINDOWS\SYSTEM32\IPHLPAPI.DLL
0x00007ffc01e90000 - 0x00007ffc01e99000 	C:\WINDOWS\System32\NSI.dll
0x00007ffbf9fb0000 - 0x00007ffbf9fc9000 	C:\WINDOWS\SYSTEM32\dhcpcsvc6.DLL
0x00007ffbfa640000 - 0x00007ffbfa65e000 	C:\WINDOWS\SYSTEM32\dhcpcsvc.DLL
0x00007ffbfd830000 - 0x00007ffbfd918000 	C:\WINDOWS\SYSTEM32\DNSAPI.dll
0x00007ffbe51c0000 - 0x00007ffbe51c8000 	C:\WINDOWS\system32\wshunix.dll

dbghelp: loaded successfully - version: 4.0.5 - missing functions: none
symbol engine: initialized successfully - sym options: 0x614 - pdb path: .;C:\Program Files\Android\Android Studio\jbr\bin;C:\WINDOWS\SYSTEM32;C:\WINDOWS\WinSxS\amd64_microsoft.windows.common-controls_6595b64144ccf1df_6.0.22000.120_none_9d947278b86cc467;C:\Program Files\Android\Android Studio\jbr\bin\server;C:\Users\hp\.gradle\native\e1d6ef7f7dcc3fd88c89a11ec53ec762bb8ba0a96d01ffa2cd45eb1d1d8dd5c5\windows-amd64;C:\Users\hp\.gradle\native\0d407fdbe67a94daf76414ababcb853783967236a71b16ec16e742cd7a986fd3\windows-amd64

VM Arguments:
jvm_args: --add-opens=java.base/java.util=ALL-UNNAMED --add-opens=java.base/java.lang=ALL-UNNAMED --add-opens=java.base/java.lang.invoke=ALL-UNNAMED --add-opens=java.base/java.util=ALL-UNNAMED --add-opens=java.prefs/java.util.prefs=ALL-UNNAMED --add-opens=java.prefs/java.util.prefs=ALL-UNNAMED --add-opens=java.base/java.nio.charset=ALL-UNNAMED --add-opens=java.base/java.net=ALL-UNNAMED --add-opens=java.base/java.util.concurrent.atomic=ALL-UNNAMED -Xmx2048m -Dfile.encoding=UTF-8 -Duser.country=US -Duser.language=en -Duser.variant 
java_command: org.gradle.launcher.daemon.bootstrap.GradleDaemon 7.5
java_class_path (initial): C:\Users\hp\.gradle\wrapper\dists\gradle-7.5-bin\f1w0cc9nuo0eivz97x2xlu9sv\gradle-7.5\lib\gradle-launcher-7.5.jar
Launcher Type: SUN_STANDARD

[Global flags]
     intx CICompilerCount                          = 4                                         {product} {ergonomic}
     uint ConcGCThreads                            = 2                                         {product} {ergonomic}
     uint G1ConcRefinementThreads                  = 8                                         {product} {ergonomic}
   size_t G1HeapRegionSize                         = 1048576                                   {product} {ergonomic}
    uintx GCDrainStackTargetSize                   = 64                                        {product} {ergonomic}
   size_t InitialHeapSize                          = 65011712                                  {product} {ergonomic}
   size_t MarkStackSize                            = 4194304                                   {product} {ergonomic}
   size_t MaxHeapSize                              = 2147483648                                {product} {command line}
   size_t MaxNewSize                               = 1287651328                                {product} {ergonomic}
   size_t MinHeapDeltaBytes                        = 1048576                                   {product} {ergonomic}
   size_t MinHeapSize                              = 8388608                                   {product} {ergonomic}
    uintx NonNMethodCodeHeapSize                   = 5839372                                {pd product} {ergonomic}
    uintx NonProfiledCodeHeapSize                  = 122909434                              {pd product} {ergonomic}
    uintx ProfiledCodeHeapSize                     = 122909434                              {pd product} {ergonomic}
    uintx ReservedCodeCacheSize                    = 251658240                              {pd product} {ergonomic}
     bool SegmentedCodeCache                       = true                                      {product} {ergonomic}
   size_t SoftMaxHeapSize                          = 2147483648                             {manageable} {ergonomic}
     bool UseCompressedClassPointers               = true                           {product lp64_product} {ergonomic}
     bool UseCompressedOops                        = true                           {product lp64_product} {ergonomic}
     bool UseG1GC                                  = true                                      {product} {ergonomic}
     bool UseLargePagesIndividualAllocation        = false                                  {pd product} {ergonomic}

Logging:
Log output configuration:
 #0: stdout all=warning uptime,level,tags
 #1: stderr all=off uptime,level,tags

Environment Variables:
PATH=C:\Program Files\Common Files\Oracle\Java\javapath;C:\Program Files (x86)\Common Files\Oracle\Java\javapath;C:\WINDOWS\system32;C:\WINDOWS;C:\WINDOWS\System32\Wbem;C:\WINDOWS\System32\WindowsPowerShell\v1.0\;C:\WINDOWS\System32\OpenSSH\;C:\Program Files (x86)\dotnet\;C:\Program Files\nodejs\;C:\Program Files\Git\cmd;C:\Program Files\MySQL\MySQL Shell 8.0\bin\;C:\Program Files\Java\jre1.8.0_251\bin;C:\Users\hp\AppData\Local\Programs\Python\Python310\Scripts\;C:\Users\hp\AppData\Local\Programs\Python\Python310\;C:\Users\hp\AppData\Local\Microsoft\WindowsApps;C:\Users\hp\AppData\Local\Programs\Microsoft VS Code\bin;C:\Program Files\JetBrains\IntelliJ IDEA Community Edition 2021.3.2\bin;;C:\Users\hp\AppData\Roaming\npm;E:\flutter setup\flutter_windows_3.7.3-stable\flutter\bin;C:\Program Files\Java\jdk-19\bin;
USERNAME=hp
OS=Windows_NT
PROCESSOR_IDENTIFIER=Intel64 Family 6 Model 142 Stepping 12, GenuineIntel
TMP=C:\Users\hp\AppData\Local\Temp
TEMP=C:\Users\hp\AppData\Local\Temp



---------------  S Y S T E M  ---------------

OS:
 Windows 11 , 64 bit Build 22000 (10.0.22000.1335)
OS uptime: 0 days 18:58 hours

CPU: total 8 (initial active 8) (4 cores per cpu, 2 threads per core) family 6 model 142 stepping 12 microcode 0xde, cx8, cmov, fxsr, ht, mmx, 3dnowpref, sse, sse2, sse3, ssse3, sse4.1, sse4.2, popcnt, lzcnt, tsc, tscinvbit, avx, avx2, aes, erms, clmul, bmi1, bmi2, adx, fma, vzeroupper, clflush, clflushopt

Memory: 4k page, system-wide physical 3899M (347M free)
TotalPageFile size 15675M (AvailPageFile size 68M)
current process WorkingSet (physical memory assigned to process): 209M, peak: 220M
current process commit charge ("private bytes"): 253M, peak: 332M

vm_info: OpenJDK 64-Bit Server VM (17.0.6+0-b2043.56-9586694) for windows-amd64 JRE (17.0.6+0-b2043.56-9586694), built on Feb  9 2023 20:06:20 by "androidbuild" with MS VC++ 16.10 / 16.11 (VS2019)

END.
