#
# There is insufficient memory for the Java Runtime Environment to continue.
# Native memory allocation (mmap) failed to map 59768832 bytes for G1 virtual space
# Possible reasons:
#   The system is out of physical RAM or swap space
#   The process is running with CompressedOops enabled, and the Java Heap may be blocking the growth of the native heap
# Possible solutions:
#   Reduce memory load on the system
#   Increase physical memory or swap space
#   Check if swap backing store is full
#   Decrease Java heap size (-Xmx/-Xms)
#   Decrease number of Java threads
#   Decrease Java thread stack sizes (-Xss)
#   Set larger code cache with -XX:ReservedCodeCacheSize=
#   JVM is running with Unscaled Compressed Oops mode in which the Java heap is
#     placed in the first 4GB address space. The Java Heap base address is the
#     maximum limit for the native heap growth. Please use -XX:HeapBaseMinAddress
#     to set the Java Heap base and to place the Java Heap above 4GB virtual address.
# This output file may be truncated or incomplete.
#
#  Out of Memory Error (os_windows.cpp:3769), pid=1676, tid=18256
#
# JRE version: OpenJDK Runtime Environment (17.0.6) (build 17.0.6+0-b2043.56-9586694)
# Java VM: OpenJDK 64-Bit Server VM (17.0.6+0-b2043.56-9586694, mixed mode, tiered, compressed oops, compressed class ptrs, g1 gc, windows-amd64)
# No core dump will be written. Minidumps are not enabled by default on client versions of Windows
#

---------------  S U M M A R Y ------------

Command Line: --add-opens=java.base/java.util=ALL-UNNAMED --add-opens=java.base/java.lang=ALL-UNNAMED --add-opens=java.base/java.lang.invoke=ALL-UNNAMED --add-opens=java.base/java.util=ALL-UNNAMED --add-opens=java.prefs/java.util.prefs=ALL-UNNAMED --add-opens=java.prefs/java.util.prefs=ALL-UNNAMED --add-opens=java.base/java.nio.charset=ALL-UNNAMED --add-opens=java.base/java.net=ALL-UNNAMED --add-opens=java.base/java.util.concurrent.atomic=ALL-UNNAMED -Xmx2048m -Dfile.encoding=UTF-8 -Duser.country=US -Duser.language=en -Duser.variant org.gradle.launcher.daemon.bootstrap.GradleDaemon 7.5

Host: Intel(R) Core(TM) i5-10210U CPU @ 1.60GHz, 8 cores, 3G,  Windows 11 , 64 bit Build 22000 (10.0.22000.1335)
Time: Sun May 14 18:27:08 2023 Sri Lanka Standard Time elapsed time: 12.212624 seconds (0d 0h 0m 12s)

---------------  T H R E A D  ---------------

Current thread (0x000001a3041c26a0):  VMThread "VM Thread" [stack: 0x00000085b3000000,0x00000085b3100000] [id=18256]

Stack: [0x00000085b3000000,0x00000085b3100000]
Native frames: (J=compiled Java code, j=interpreted, Vv=VM code, C=native code)
V  [jvm.dll+0x683b4a]
V  [jvm.dll+0x842654]
V  [jvm.dll+0x843dfe]
V  [jvm.dll+0x844463]
V  [jvm.dll+0x249b75]
V  [jvm.dll+0x680a19]
V  [jvm.dll+0x674f0a]
V  [jvm.dll+0x309acb]
V  [jvm.dll+0x310f86]
V  [jvm.dll+0x3608ee]
V  [jvm.dll+0x360b1f]
V  [jvm.dll+0x2dfbf8]
V  [jvm.dll+0x2ddec4]
V  [jvm.dll+0x2dd4cc]
V  [jvm.dll+0x321f3b]
V  [jvm.dll+0x84893b]
V  [jvm.dll+0x849674]
V  [jvm.dll+0x849b8d]
V  [jvm.dll+0x849f64]
V  [jvm.dll+0x84a030]
V  [jvm.dll+0x7f25fa]
V  [jvm.dll+0x682985]
C  [ucrtbase.dll+0x26c0c]
C  [KERNEL32.DLL+0x155a0]
C  [ntdll.dll+0x485b]

VM_Operation (0x00000085b4af3980): G1CollectForAllocation, mode: safepoint, requested by thread 0x000001a3071db880


---------------  P R O C E S S  ---------------

Threads class SMR info:
_java_thread_list=0x000001a3060ae5e0, length=125, elements={
0x000001a36a27ed40, 0x000001a304c13020, 0x000001a304c13ae0, 0x000001a3041f9190,
0x000001a3041f9a50, 0x000001a3041fe410, 0x000001a304c31010, 0x000001a304c36d60,
0x000001a304c40a90, 0x000001a304c419b0, 0x000001a304dc3240, 0x000001a304dc4b60,
0x000001a307288580, 0x000001a3071b37d0, 0x000001a30717f6c0, 0x000001a30737a510,
0x000001a3074b9080, 0x000001a3071daee0, 0x000001a3071db880, 0x000001a3071da540,
0x000001a3071daa10, 0x000001a3071da070, 0x000001a3071dc6f0, 0x000001a3071dda30,
0x000001a3071db3b0, 0x000001a3071dbd50, 0x000001a3071dc220, 0x000001a3071dcbc0,
0x000001a3071dd560, 0x000001a3071dd090, 0x000001a307babc40, 0x000001a307bad920,
0x000001a307baadd0, 0x000001a307bb0470, 0x000001a307bad450, 0x000001a307bae2c0,
0x000001a307bab770, 0x000001a307bafad0, 0x000001a307bae790, 0x000001a307bb12e0,
0x000001a307bb0940, 0x000001a307bacab0, 0x000001a307bb2620, 0x000001a307bb1c80,
0x000001a307baec60, 0x000001a307baf130, 0x000001a307baf600, 0x000001a307baffa0,
0x000001a309a6f950, 0x000001a309a6b5f0, 0x000001a309a6d7a0, 0x000001a309a6c460,
0x000001a309a6fe20, 0x000001a309a71160, 0x000001a309a6f480, 0x000001a309a724a0,
0x000001a309a6dc70, 0x000001a309a707c0, 0x000001a309a6d2d0, 0x000001a309a702f0,
0x000001a309a70c90, 0x000001a309a6e140, 0x000001a309a6e610, 0x000001a309a72970,
0x000001a309a71630, 0x000001a309a6bac0, 0x000001a309a71b00, 0x000001a309a71fd0,
0x000001a309a6efb0, 0x000001a309a72e40, 0x000001a309a6bf90, 0x000001a309a6c930,
0x000001a309a6eae0, 0x000001a309a6ce00, 0x000001a309aac3e0, 0x000001a309aaf8d0,
0x000001a309ab0740, 0x000001a309ab1a80, 0x000001a309aafda0, 0x000001a309aad250,
0x000001a309aae590, 0x000001a309aadbf0, 0x000001a309aac8b0, 0x000001a309ab28f0,
0x000001a309aacd80, 0x000001a309ab15b0, 0x000001a309aaf400, 0x000001a309aaba40,
0x000001a309aae0c0, 0x000001a309aad720, 0x000001a309ab0270, 0x000001a309aaef30,
0x000001a309aaea60, 0x000001a309ab0c10, 0x000001a309aab0a0, 0x000001a309ab10e0,
0x000001a309aab570, 0x000001a309aabf10, 0x000001a309ab1f50, 0x000001a309ab2420,
0x000001a309c5c4c0, 0x000001a309c59e40, 0x000001a309c594a0, 0x000001a309c58630,
0x000001a309c58b00, 0x000001a309c5f010, 0x000001a309c5dcd0, 0x000001a309c5acb0,
0x000001a309c5ce60, 0x000001a309c5f4e0, 0x000001a309c59970, 0x000001a309c5a310,
0x000001a309c5e670, 0x000001a309c5f9b0, 0x000001a309c5e1a0, 0x000001a309c5a7e0,
0x000001a309c58fd0, 0x000001a309c5b180, 0x000001a309c5b650, 0x000001a309c5bb20,
0x000001a309c5bff0, 0x000001a309c5c990, 0x000001a309c5d330, 0x000001a3094b7700,
0x000001a3094ba720
}

Java Threads: ( => current thread )
  0x000001a36a27ed40 JavaThread "main" [_thread_blocked, id=1604, stack(0x00000085b2a00000,0x00000085b2b00000)]
  0x000001a304c13020 JavaThread "Reference Handler" daemon [_thread_blocked, id=11456, stack(0x00000085b3100000,0x00000085b3200000)]
  0x000001a304c13ae0 JavaThread "Finalizer" daemon [_thread_blocked, id=984, stack(0x00000085b3200000,0x00000085b3300000)]
  0x000001a3041f9190 JavaThread "Signal Dispatcher" daemon [_thread_blocked, id=8944, stack(0x00000085b3300000,0x00000085b3400000)]
  0x000001a3041f9a50 JavaThread "Attach Listener" daemon [_thread_blocked, id=9380, stack(0x00000085b3400000,0x00000085b3500000)]
  0x000001a3041fe410 JavaThread "Service Thread" daemon [_thread_blocked, id=7888, stack(0x00000085b3500000,0x00000085b3600000)]
  0x000001a304c31010 JavaThread "Monitor Deflation Thread" daemon [_thread_blocked, id=3844, stack(0x00000085b3600000,0x00000085b3700000)]
  0x000001a304c36d60 JavaThread "C2 CompilerThread0" daemon [_thread_blocked, id=16880, stack(0x00000085b3700000,0x00000085b3800000)]
  0x000001a304c40a90 JavaThread "C1 CompilerThread0" daemon [_thread_blocked, id=10296, stack(0x00000085b3800000,0x00000085b3900000)]
  0x000001a304c419b0 JavaThread "Sweeper thread" daemon [_thread_blocked, id=13844, stack(0x00000085b3900000,0x00000085b3a00000)]
  0x000001a304dc3240 JavaThread "Common-Cleaner" daemon [_thread_blocked, id=16492, stack(0x00000085b3a00000,0x00000085b3b00000)]
  0x000001a304dc4b60 JavaThread "Notification Thread" daemon [_thread_blocked, id=19056, stack(0x00000085b3b00000,0x00000085b3c00000)]
  0x000001a307288580 JavaThread "Daemon health stats" [_thread_blocked, id=4704, stack(0x00000085b4100000,0x00000085b4200000)]
  0x000001a3071b37d0 JavaThread "Incoming local TCP Connector on port 56888" [_thread_in_native, id=18336, stack(0x00000085b4200000,0x00000085b4300000)]
  0x000001a30717f6c0 JavaThread "Daemon periodic checks" [_thread_blocked, id=12492, stack(0x00000085b4300000,0x00000085b4400000)]
  0x000001a30737a510 JavaThread "Daemon" [_thread_blocked, id=10044, stack(0x00000085b4700000,0x00000085b4800000)]
  0x000001a3074b9080 JavaThread "Handler for socket connection from /127.0.0.1:56888 to /127.0.0.1:56889" [_thread_in_native, id=11168, stack(0x00000085b4800000,0x00000085b4900000)]
  0x000001a3071daee0 JavaThread "Cancel handler" [_thread_blocked, id=17696, stack(0x00000085b4900000,0x00000085b4a00000)]
  0x000001a3071db880 JavaThread "Daemon worker" [_thread_blocked, id=12780, stack(0x00000085b4a00000,0x00000085b4b00000)]
  0x000001a3071da540 JavaThread "Asynchronous log dispatcher for DefaultDaemonConnection: socket connection from /127.0.0.1:56888 to /127.0.0.1:56889" [_thread_blocked, id=12836, stack(0x00000085b4b00000,0x00000085b4c00000)]
  0x000001a3071daa10 JavaThread "Stdin handler" [_thread_blocked, id=10712, stack(0x00000085b4c00000,0x00000085b4d00000)]
  0x000001a3071da070 JavaThread "Daemon client event forwarder" [_thread_blocked, id=6392, stack(0x00000085b4d00000,0x00000085b4e00000)]
  0x000001a3071dc6f0 JavaThread "Cache worker for journal cache (C:\Users\hp\.gradle\caches\journal-1)" [_thread_blocked, id=11100, stack(0x00000085b4e00000,0x00000085b4f00000)]
  0x000001a3071dda30 JavaThread "File lock request listener" [_thread_in_native, id=10672, stack(0x00000085b4f00000,0x00000085b5000000)]
  0x000001a3071db3b0 JavaThread "Cache worker for file hash cache (C:\Users\hp\.gradle\caches\7.5\fileHashes)" [_thread_blocked, id=2912, stack(0x00000085b5100000,0x00000085b5200000)]
  0x000001a3071dbd50 JavaThread "File watcher server" daemon [_thread_in_native, id=4608, stack(0x00000085b5200000,0x00000085b5300000)]
  0x000001a3071dc220 JavaThread "File watcher consumer" daemon [_thread_blocked, id=18716, stack(0x00000085b5300000,0x00000085b5400000)]
  0x000001a3071dcbc0 JavaThread "Cache worker for checksums cache (E:\Projects\ChatIn\.gradle\7.5\checksums)" [_thread_blocked, id=3536, stack(0x00000085b5400000,0x00000085b5500000)]
  0x000001a3071dd560 JavaThread "Cache worker for cache directory md-rule (C:\Users\hp\.gradle\caches\7.5\md-rule)" [_thread_blocked, id=17124, stack(0x00000085b5500000,0x00000085b5600000)]
  0x000001a3071dd090 JavaThread "Cache worker for file content cache (C:\Users\hp\.gradle\caches\7.5\fileContent)" [_thread_blocked, id=9336, stack(0x00000085b5600000,0x00000085b5700000)]
  0x000001a307babc40 JavaThread "Cache worker for file hash cache (E:\Projects\ChatIn\.gradle\7.5\fileHashes)" [_thread_blocked, id=1000, stack(0x00000085b5700000,0x00000085b5800000)]
  0x000001a307bad920 JavaThread "Cache worker for cache directory md-supplier (C:\Users\hp\.gradle\caches\7.5\md-supplier)" [_thread_blocked, id=6348, stack(0x00000085b5800000,0x00000085b5900000)]
  0x000001a307baadd0 JavaThread "Cache worker for execution history cache (C:\Users\hp\.gradle\caches\7.5\executionHistory)" [_thread_blocked, id=15140, stack(0x00000085b5900000,0x00000085b5a00000)]
  0x000001a307bb0470 JavaThread "jar transforms" [_thread_blocked, id=7548, stack(0x00000085b5a00000,0x00000085b5b00000)]
  0x000001a307bad450 JavaThread "jar transforms Thread 2" [_thread_blocked, id=9516, stack(0x00000085b5b00000,0x00000085b5c00000)]
  0x000001a307bae2c0 JavaThread "jar transforms Thread 3" [_thread_blocked, id=2844, stack(0x00000085b5c00000,0x00000085b5d00000)]
  0x000001a307bab770 JavaThread "jar transforms Thread 4" [_thread_blocked, id=3112, stack(0x00000085b5d00000,0x00000085b5e00000)]
  0x000001a307bafad0 JavaThread "Cache worker for dependencies-accessors (E:\Projects\ChatIn\.gradle\7.5\dependencies-accessors)" [_thread_blocked, id=15472, stack(0x00000085b5e00000,0x00000085b5f00000)]
  0x000001a307bae790 JavaThread "jar transforms Thread 5" [_thread_blocked, id=10608, stack(0x00000085b5f00000,0x00000085b6000000)]
  0x000001a307bb12e0 JavaThread "Cache worker for Build Output Cleanup Cache (E:\Projects\ChatIn\.gradle\buildOutputCleanup)" [_thread_blocked, id=5448, stack(0x00000085b6000000,0x00000085b6100000)]
  0x000001a307bb0940 JavaThread "Unconstrained build operations" [_thread_blocked, id=17616, stack(0x00000085b6100000,0x00000085b6200000)]
  0x000001a307bacab0 JavaThread "Unconstrained build operations Thread 2" [_thread_blocked, id=16280, stack(0x00000085b6200000,0x00000085b6300000)]
  0x000001a307bb2620 JavaThread "Unconstrained build operations Thread 3" [_thread_blocked, id=1200, stack(0x00000085b6300000,0x00000085b6400000)]
  0x000001a307bb1c80 JavaThread "Unconstrained build operations Thread 4" [_thread_blocked, id=19068, stack(0x00000085b6400000,0x00000085b6500000)]
  0x000001a307baec60 JavaThread "Unconstrained build operations Thread 5" [_thread_blocked, id=10272, stack(0x00000085b6500000,0x00000085b6600000)]
  0x000001a307baf130 JavaThread "Unconstrained build operations Thread 6" [_thread_blocked, id=13140, stack(0x00000085b6600000,0x00000085b6700000)]
  0x000001a307baf600 JavaThread "Unconstrained build operations Thread 7" [_thread_blocked, id=3412, stack(0x00000085b6700000,0x00000085b6800000)]
  0x000001a307baffa0 JavaThread "Unconstrained build operations Thread 8" [_thread_blocked, id=17804, stack(0x00000085b6800000,0x00000085b6900000)]
  0x000001a309a6f950 JavaThread "Unconstrained build operations Thread 9" [_thread_blocked, id=8328, stack(0x00000085b6900000,0x00000085b6a00000)]
  0x000001a309a6b5f0 JavaThread "Unconstrained build operations Thread 10" [_thread_blocked, id=10208, stack(0x00000085b6a00000,0x00000085b6b00000)]
  0x000001a309a6d7a0 JavaThread "Unconstrained build operations Thread 11" [_thread_blocked, id=16064, stack(0x00000085b6b00000,0x00000085b6c00000)]
  0x000001a309a6c460 JavaThread "Unconstrained build operations Thread 12" [_thread_blocked, id=7824, stack(0x00000085b6c00000,0x00000085b6d00000)]
  0x000001a309a6fe20 JavaThread "Unconstrained build operations Thread 13" [_thread_blocked, id=3424, stack(0x00000085b6d00000,0x00000085b6e00000)]
  0x000001a309a71160 JavaThread "Unconstrained build operations Thread 14" [_thread_blocked, id=10380, stack(0x00000085b6e00000,0x00000085b6f00000)]
  0x000001a309a6f480 JavaThread "Unconstrained build operations Thread 15" [_thread_blocked, id=9020, stack(0x00000085b6f00000,0x00000085b7000000)]
  0x000001a309a724a0 JavaThread "Unconstrained build operations Thread 16" [_thread_blocked, id=3304, stack(0x00000085b7000000,0x00000085b7100000)]
  0x000001a309a6dc70 JavaThread "Unconstrained build operations Thread 17" [_thread_blocked, id=8704, stack(0x00000085b7100000,0x00000085b7200000)]
  0x000001a309a707c0 JavaThread "Unconstrained build operations Thread 18" [_thread_blocked, id=8908, stack(0x00000085b7200000,0x00000085b7300000)]
  0x000001a309a6d2d0 JavaThread "Unconstrained build operations Thread 19" [_thread_blocked, id=3804, stack(0x00000085b7300000,0x00000085b7400000)]
  0x000001a309a702f0 JavaThread "Unconstrained build operations Thread 20" [_thread_blocked, id=13732, stack(0x00000085b7400000,0x00000085b7500000)]
  0x000001a309a70c90 JavaThread "Unconstrained build operations Thread 21" [_thread_blocked, id=12888, stack(0x00000085b7500000,0x00000085b7600000)]
  0x000001a309a6e140 JavaThread "Unconstrained build operations Thread 22" [_thread_blocked, id=10420, stack(0x00000085b7600000,0x00000085b7700000)]
  0x000001a309a6e610 JavaThread "Unconstrained build operations Thread 23" [_thread_blocked, id=11764, stack(0x00000085b7700000,0x00000085b7800000)]
  0x000001a309a72970 JavaThread "Unconstrained build operations Thread 24" [_thread_blocked, id=7708, stack(0x00000085b7800000,0x00000085b7900000)]
  0x000001a309a71630 JavaThread "Unconstrained build operations Thread 25" [_thread_blocked, id=10596, stack(0x00000085b7900000,0x00000085b7a00000)]
  0x000001a309a6bac0 JavaThread "Unconstrained build operations Thread 26" [_thread_blocked, id=15840, stack(0x00000085b7a00000,0x00000085b7b00000)]
  0x000001a309a71b00 JavaThread "Unconstrained build operations Thread 27" [_thread_blocked, id=12452, stack(0x00000085b7b00000,0x00000085b7c00000)]
  0x000001a309a71fd0 JavaThread "Unconstrained build operations Thread 28" [_thread_blocked, id=5668, stack(0x00000085b7c00000,0x00000085b7d00000)]
  0x000001a309a6efb0 JavaThread "Unconstrained build operations Thread 29" [_thread_blocked, id=10376, stack(0x00000085b7d00000,0x00000085b7e00000)]
  0x000001a309a72e40 JavaThread "Unconstrained build operations Thread 30" [_thread_blocked, id=11528, stack(0x00000085b7e00000,0x00000085b7f00000)]
  0x000001a309a6bf90 JavaThread "Unconstrained build operations Thread 31" [_thread_blocked, id=15828, stack(0x00000085b7f00000,0x00000085b8000000)]
  0x000001a309a6c930 JavaThread "Unconstrained build operations Thread 32" [_thread_blocked, id=6176, stack(0x00000085b8000000,0x00000085b8100000)]
  0x000001a309a6eae0 JavaThread "Unconstrained build operations Thread 33" [_thread_blocked, id=12896, stack(0x00000085b8100000,0x00000085b8200000)]
  0x000001a309a6ce00 JavaThread "Unconstrained build operations Thread 34" [_thread_blocked, id=11124, stack(0x00000085b8200000,0x00000085b8300000)]
  0x000001a309aac3e0 JavaThread "Unconstrained build operations Thread 35" [_thread_blocked, id=14272, stack(0x00000085b8300000,0x00000085b8400000)]
  0x000001a309aaf8d0 JavaThread "Unconstrained build operations Thread 36" [_thread_blocked, id=18812, stack(0x00000085b8400000,0x00000085b8500000)]
  0x000001a309ab0740 JavaThread "Unconstrained build operations Thread 37" [_thread_blocked, id=17960, stack(0x00000085b8500000,0x00000085b8600000)]
  0x000001a309ab1a80 JavaThread "Unconstrained build operations Thread 38" [_thread_blocked, id=7960, stack(0x00000085b8600000,0x00000085b8700000)]
  0x000001a309aafda0 JavaThread "Unconstrained build operations Thread 39" [_thread_blocked, id=18200, stack(0x00000085b8700000,0x00000085b8800000)]
  0x000001a309aad250 JavaThread "Unconstrained build operations Thread 40" [_thread_blocked, id=7260, stack(0x00000085b8800000,0x00000085b8900000)]
  0x000001a309aae590 JavaThread "Unconstrained build operations Thread 41" [_thread_blocked, id=17032, stack(0x00000085b8900000,0x00000085b8a00000)]
  0x000001a309aadbf0 JavaThread "Unconstrained build operations Thread 42" [_thread_blocked, id=16548, stack(0x00000085b8a00000,0x00000085b8b00000)]
  0x000001a309aac8b0 JavaThread "Unconstrained build operations Thread 43" [_thread_blocked, id=15164, stack(0x00000085b8b00000,0x00000085b8c00000)]
  0x000001a309ab28f0 JavaThread "Unconstrained build operations Thread 44" [_thread_blocked, id=9880, stack(0x00000085b8c00000,0x00000085b8d00000)]
  0x000001a309aacd80 JavaThread "Unconstrained build operations Thread 45" [_thread_blocked, id=6508, stack(0x00000085b8d00000,0x00000085b8e00000)]
  0x000001a309ab15b0 JavaThread "Unconstrained build operations Thread 46" [_thread_blocked, id=14420, stack(0x00000085b8e00000,0x00000085b8f00000)]
  0x000001a309aaf400 JavaThread "Unconstrained build operations Thread 47" [_thread_blocked, id=14912, stack(0x00000085b8f00000,0x00000085b9000000)]
  0x000001a309aaba40 JavaThread "Unconstrained build operations Thread 48" [_thread_blocked, id=19344, stack(0x00000085b9000000,0x00000085b9100000)]
  0x000001a309aae0c0 JavaThread "Unconstrained build operations Thread 49" [_thread_blocked, id=19340, stack(0x00000085b9100000,0x00000085b9200000)]
  0x000001a309aad720 JavaThread "Unconstrained build operations Thread 50" [_thread_blocked, id=9844, stack(0x00000085b9200000,0x00000085b9300000)]
  0x000001a309ab0270 JavaThread "Unconstrained build operations Thread 51" [_thread_blocked, id=18796, stack(0x00000085b9300000,0x00000085b9400000)]
  0x000001a309aaef30 JavaThread "Unconstrained build operations Thread 52" [_thread_blocked, id=16476, stack(0x00000085b9400000,0x00000085b9500000)]
  0x000001a309aaea60 JavaThread "Unconstrained build operations Thread 53" [_thread_blocked, id=9604, stack(0x00000085b9500000,0x00000085b9600000)]
  0x000001a309ab0c10 JavaThread "Unconstrained build operations Thread 54" [_thread_blocked, id=1704, stack(0x00000085b9600000,0x00000085b9700000)]
  0x000001a309aab0a0 JavaThread "Unconstrained build operations Thread 55" [_thread_blocked, id=8444, stack(0x00000085b9700000,0x00000085b9800000)]
  0x000001a309ab10e0 JavaThread "Unconstrained build operations Thread 56" [_thread_blocked, id=10620, stack(0x00000085b9800000,0x00000085b9900000)]
  0x000001a309aab570 JavaThread "Unconstrained build operations Thread 57" [_thread_blocked, id=908, stack(0x00000085b9900000,0x00000085b9a00000)]
  0x000001a309aabf10 JavaThread "Unconstrained build operations Thread 58" [_thread_blocked, id=8476, stack(0x00000085b9a00000,0x00000085b9b00000)]
  0x000001a309ab1f50 JavaThread "Unconstrained build operations Thread 59" [_thread_blocked, id=15824, stack(0x00000085b9b00000,0x00000085b9c00000)]
  0x000001a309ab2420 JavaThread "Unconstrained build operations Thread 60" [_thread_blocked, id=1784, stack(0x00000085b9c00000,0x00000085b9d00000)]
  0x000001a309c5c4c0 JavaThread "Unconstrained build operations Thread 61" [_thread_blocked, id=19304, stack(0x00000085b9d00000,0x00000085b9e00000)]
  0x000001a309c59e40 JavaThread "Unconstrained build operations Thread 62" [_thread_blocked, id=6312, stack(0x00000085b9e00000,0x00000085b9f00000)]
  0x000001a309c594a0 JavaThread "Unconstrained build operations Thread 63" [_thread_blocked, id=14200, stack(0x00000085b9f00000,0x00000085ba000000)]
  0x000001a309c58630 JavaThread "Unconstrained build operations Thread 64" [_thread_blocked, id=14612, stack(0x00000085ba000000,0x00000085ba100000)]
  0x000001a309c58b00 JavaThread "Unconstrained build operations Thread 65" [_thread_blocked, id=1448, stack(0x00000085ba100000,0x00000085ba200000)]
  0x000001a309c5f010 JavaThread "Unconstrained build operations Thread 66" [_thread_blocked, id=11296, stack(0x00000085ba200000,0x00000085ba300000)]
  0x000001a309c5dcd0 JavaThread "Unconstrained build operations Thread 67" [_thread_blocked, id=17780, stack(0x00000085ba300000,0x00000085ba400000)]
  0x000001a309c5acb0 JavaThread "Unconstrained build operations Thread 68" [_thread_blocked, id=12328, stack(0x00000085ba400000,0x00000085ba500000)]
  0x000001a309c5ce60 JavaThread "Unconstrained build operations Thread 69" [_thread_blocked, id=8624, stack(0x00000085ba500000,0x00000085ba600000)]
  0x000001a309c5f4e0 JavaThread "Unconstrained build operations Thread 70" [_thread_blocked, id=9940, stack(0x00000085ba600000,0x00000085ba700000)]
  0x000001a309c59970 JavaThread "Unconstrained build operations Thread 71" [_thread_blocked, id=9200, stack(0x00000085ba700000,0x00000085ba800000)]
  0x000001a309c5a310 JavaThread "Unconstrained build operations Thread 72" [_thread_blocked, id=14892, stack(0x00000085ba800000,0x00000085ba900000)]
  0x000001a309c5e670 JavaThread "Unconstrained build operations Thread 73" [_thread_blocked, id=17400, stack(0x00000085ba900000,0x00000085baa00000)]
  0x000001a309c5f9b0 JavaThread "Unconstrained build operations Thread 74" [_thread_blocked, id=15560, stack(0x00000085baa00000,0x00000085bab00000)]
  0x000001a309c5e1a0 JavaThread "Unconstrained build operations Thread 75" [_thread_blocked, id=7820, stack(0x00000085bab00000,0x00000085bac00000)]
  0x000001a309c5a7e0 JavaThread "Unconstrained build operations Thread 76" [_thread_blocked, id=16344, stack(0x00000085bac00000,0x00000085bad00000)]
  0x000001a309c58fd0 JavaThread "Unconstrained build operations Thread 77" [_thread_blocked, id=13832, stack(0x00000085bad00000,0x00000085bae00000)]
  0x000001a309c5b180 JavaThread "Unconstrained build operations Thread 78" [_thread_blocked, id=15956, stack(0x00000085bae00000,0x00000085baf00000)]
  0x000001a309c5b650 JavaThread "Unconstrained build operations Thread 79" [_thread_blocked, id=12436, stack(0x00000085baf00000,0x00000085bb000000)]
  0x000001a309c5bb20 JavaThread "Unconstrained build operations Thread 80" [_thread_blocked, id=2700, stack(0x00000085bb000000,0x00000085bb100000)]
  0x000001a309c5bff0 JavaThread "jar transforms Thread 6" [_thread_blocked, id=14000, stack(0x00000085bb100000,0x00000085bb200000)]
  0x000001a309c5c990 JavaThread "jar transforms Thread 7" [_thread_blocked, id=11040, stack(0x00000085bb200000,0x00000085bb300000)]
  0x000001a309c5d330 JavaThread "jar transforms Thread 8" [_thread_blocked, id=5636, stack(0x00000085bb300000,0x00000085bb400000)]
  0x000001a3094b7700 JavaThread "build event listener" [_thread_blocked, id=11628, stack(0x00000085bb400000,0x00000085bb500000)]
  0x000001a3094ba720 JavaThread "Memory manager" [_thread_blocked, id=8764, stack(0x00000085bb500000,0x00000085bb600000)]

Other Threads:
=>0x000001a3041c26a0 VMThread "VM Thread" [stack: 0x00000085b3000000,0x00000085b3100000] [id=18256]
  0x000001a36a2f19f0 WatcherThread [stack: 0x00000085b3c00000,0x00000085b3d00000] [id=11192]
  0x000001a36a2d9da0 GCTaskThread "GC Thread#0" [stack: 0x00000085b2b00000,0x00000085b2c00000] [id=10496]
  0x000001a305a45180 GCTaskThread "GC Thread#1" [stack: 0x00000085b3d00000,0x00000085b3e00000] [id=11524]
  0x000001a305a41da0 GCTaskThread "GC Thread#2" [stack: 0x00000085b3e00000,0x00000085b3f00000] [id=14648]
  0x000001a3058b41a0 GCTaskThread "GC Thread#3" [stack: 0x00000085b3f00000,0x00000085b4000000] [id=7500]
  0x000001a3058a4d70 GCTaskThread "GC Thread#4" [stack: 0x00000085b4000000,0x00000085b4100000] [id=3708]
  0x000001a3071817d0 GCTaskThread "GC Thread#5" [stack: 0x00000085b4400000,0x00000085b4500000] [id=17136]
  0x000001a3071b2430 GCTaskThread "GC Thread#6" [stack: 0x00000085b4500000,0x00000085b4600000] [id=4716]
  0x000001a305bcb130 GCTaskThread "GC Thread#7" [stack: 0x00000085b4600000,0x00000085b4700000] [id=5972]
  0x000001a36a2eace0 ConcurrentGCThread "G1 Main Marker" [stack: 0x00000085b2c00000,0x00000085b2d00000] [id=13364]
  0x000001a36a2eb850 ConcurrentGCThread "G1 Conc#0" [stack: 0x00000085b2d00000,0x00000085b2e00000] [id=10284]
  0x000001a3074f2830 ConcurrentGCThread "G1 Conc#1" [stack: 0x00000085b5000000,0x00000085b5100000] [id=6988]
  0x000001a36a34da80 ConcurrentGCThread "G1 Refine#0" [stack: 0x00000085b2e00000,0x00000085b2f00000] [id=10804]
  0x000001a36a34e340 ConcurrentGCThread "G1 Service" [stack: 0x00000085b2f00000,0x00000085b3000000] [id=17932]

Threads with active compile tasks:
C2 CompilerThread0    12300 6367       4       java.util.regex.Matcher::search (154 bytes)

VM state: at safepoint (normal execution)

VM Mutex/Monitor currently owned by a thread:  ([mutex/lock_event])
[0x000001a36a27b0e0] Threads_lock - owner thread: 0x000001a3041c26a0
[0x000001a36a27aab0] Heap_lock - owner thread: 0x000001a3071db880

Heap address: 0x0000000080000000, size: 2048 MB, Compressed Oops mode: 32-bit

CDS archive(s) not mapped
Compressed class space mapped at: 0x0000000100000000-0x0000000140000000, reserved size: 1073741824
Narrow klass base: 0x0000000000000000, Narrow klass shift: 3, Narrow klass range: 0x140000000

GC Precious Log:
 CPUs: 8 total, 8 available
 Memory: 3899M
 Large Page Support: Disabled
 NUMA Support: Disabled
 Compressed Oops: Enabled (32-bit)
 Heap Region Size: 1M
 Heap Min Capacity: 8M
 Heap Initial Capacity: 62M
 Heap Max Capacity: 2G
 Pre-touch: Disabled
 Parallel Workers: 8
 Concurrent Workers: 2
 Concurrent Refinement Workers: 8
 Periodic GC: Disabled

Heap:
 garbage-first heap   total 92160K, used 51545K [0x0000000080000000, 0x0000000100000000)
  region size 1024K, 1 young (1024K), 1 survivors (1024K)
 Metaspace       used 63215K, committed 63680K, reserved 1105920K
  class space    used 8301K, committed 8512K, reserved 1048576K

Heap Regions: E=young(eden), S=young(survivor), O=old, HS=humongous(starts), HC=humongous(continues), CS=collection set, F=free, OA=open archive, CA=closed archive, TAMS=top-at-mark-start (previous, next)
|   0|0x0000000080000000, 0x0000000080100000, 0x0000000080100000|100%| O|  |TAMS 0x0000000080100000, 0x0000000080000000| Untracked 
|   1|0x0000000080100000, 0x0000000080200000, 0x0000000080200000|100%| O|  |TAMS 0x0000000080200000, 0x0000000080100000| Untracked 
|   2|0x0000000080200000, 0x0000000080300000, 0x0000000080300000|100%| O|  |TAMS 0x0000000080300000, 0x0000000080200000| Untracked 
|   3|0x0000000080300000, 0x0000000080400000, 0x0000000080400000|100%|HS|  |TAMS 0x0000000080400000, 0x0000000080300000| Complete 
|   4|0x0000000080400000, 0x0000000080500000, 0x0000000080500000|100%|HC|  |TAMS 0x0000000080500000, 0x0000000080400000| Complete 
|   5|0x0000000080500000, 0x0000000080600000, 0x0000000080600000|100%|HC|  |TAMS 0x0000000080600000, 0x0000000080500000| Complete 
|   6|0x0000000080600000, 0x0000000080700000, 0x0000000080700000|100%| O|  |TAMS 0x0000000080700000, 0x0000000080600000| Untracked 
|   7|0x0000000080700000, 0x0000000080800000, 0x0000000080800000|100%| O|  |TAMS 0x0000000080800000, 0x0000000080700000| Untracked 
|   8|0x0000000080800000, 0x0000000080900000, 0x0000000080900000|100%| O|  |TAMS 0x0000000080900000, 0x0000000080800000| Untracked 
|   9|0x0000000080900000, 0x0000000080a00000, 0x0000000080a00000|100%| O|  |TAMS 0x0000000080a00000, 0x0000000080900000| Untracked 
|  10|0x0000000080a00000, 0x0000000080b00000, 0x0000000080b00000|100%| O|  |TAMS 0x0000000080b00000, 0x0000000080a00000| Untracked 
|  11|0x0000000080b00000, 0x0000000080c00000, 0x0000000080c00000|100%| O|  |TAMS 0x0000000080c00000, 0x0000000080b00000| Untracked 
|  12|0x0000000080c00000, 0x0000000080d00000, 0x0000000080d00000|100%| O|  |TAMS 0x0000000080d00000, 0x0000000080c00000| Untracked 
|  13|0x0000000080d00000, 0x0000000080e00000, 0x0000000080e00000|100%| O|  |TAMS 0x0000000080e00000, 0x0000000080d00000| Untracked 
|  14|0x0000000080e00000, 0x0000000080f00000, 0x0000000080f00000|100%| O|  |TAMS 0x0000000080f00000, 0x0000000080e00000| Untracked 
|  15|0x0000000080f00000, 0x0000000081000000, 0x0000000081000000|100%| O|  |TAMS 0x0000000081000000, 0x0000000080f00000| Untracked 
|  16|0x0000000081000000, 0x0000000081100000, 0x0000000081100000|100%| O|  |TAMS 0x0000000081100000, 0x0000000081000000| Untracked 
|  17|0x0000000081100000, 0x0000000081200000, 0x0000000081200000|100%| O|  |TAMS 0x0000000081200000, 0x0000000081100000| Untracked 
|  18|0x0000000081200000, 0x0000000081300000, 0x0000000081300000|100%| O|  |TAMS 0x0000000081300000, 0x0000000081200000| Untracked 
|  19|0x0000000081300000, 0x0000000081400000, 0x0000000081400000|100%| O|  |TAMS 0x0000000081400000, 0x0000000081300000| Untracked 
|  20|0x0000000081400000, 0x0000000081500000, 0x0000000081500000|100%| O|  |TAMS 0x0000000081500000, 0x0000000081400000| Untracked 
|  21|0x0000000081500000, 0x0000000081600000, 0x0000000081600000|100%| O|  |TAMS 0x0000000081500000, 0x0000000081500000| Untracked 
|  22|0x0000000081600000, 0x0000000081700000, 0x0000000081700000|100%| O|  |TAMS 0x0000000081700000, 0x0000000081600000| Untracked 
|  23|0x0000000081700000, 0x0000000081800000, 0x0000000081800000|100%| O|  |TAMS 0x0000000081800000, 0x0000000081700000| Untracked 
|  24|0x0000000081800000, 0x0000000081900000, 0x0000000081900000|100%| O|  |TAMS 0x0000000081900000, 0x0000000081800000| Untracked 
|  25|0x0000000081900000, 0x0000000081a00000, 0x0000000081a00000|100%| O|  |TAMS 0x0000000081a00000, 0x0000000081900000| Untracked 
|  26|0x0000000081a00000, 0x0000000081b00000, 0x0000000081b00000|100%| O|  |TAMS 0x0000000081b00000, 0x0000000081a00000| Untracked 
|  27|0x0000000081b00000, 0x0000000081b00000, 0x0000000081c00000|  0%| F|  |TAMS 0x0000000081b00000, 0x0000000081b00000| Untracked 
|  28|0x0000000081c00000, 0x0000000081d00000, 0x0000000081d00000|100%| O|  |TAMS 0x0000000081d00000, 0x0000000081c00000| Untracked 
|  29|0x0000000081d00000, 0x0000000081e00000, 0x0000000081e00000|100%|HS|  |TAMS 0x0000000081e00000, 0x0000000081d00000| Complete 
|  30|0x0000000081e00000, 0x0000000081f00000, 0x0000000081f00000|100%| O|  |TAMS 0x0000000081f00000, 0x0000000081e00000| Untracked 
|  31|0x0000000081f00000, 0x0000000082000000, 0x0000000082000000|100%| O|  |TAMS 0x0000000082000000, 0x0000000081f00000| Untracked 
|  32|0x0000000082000000, 0x0000000082100000, 0x0000000082100000|100%| O|  |TAMS 0x0000000082100000, 0x0000000082000000| Untracked 
|  33|0x0000000082100000, 0x0000000082200000, 0x0000000082200000|100%|HS|  |TAMS 0x0000000082200000, 0x0000000082100000| Complete 
|  34|0x0000000082200000, 0x0000000082300000, 0x0000000082300000|100%| O|  |TAMS 0x0000000082300000, 0x0000000082200000| Untracked 
|  35|0x0000000082300000, 0x0000000082400000, 0x0000000082400000|100%| O|  |TAMS 0x0000000082400000, 0x0000000082300000| Untracked 
|  36|0x0000000082400000, 0x0000000082500000, 0x0000000082500000|100%| O|  |TAMS 0x0000000082500000, 0x0000000082400000| Untracked 
|  37|0x0000000082500000, 0x0000000082600000, 0x0000000082600000|100%| O|  |TAMS 0x0000000082600000, 0x0000000082500000| Untracked 
|  38|0x0000000082600000, 0x0000000082700000, 0x0000000082700000|100%| O|  |TAMS 0x0000000082700000, 0x0000000082600000| Untracked 
|  39|0x0000000082700000, 0x0000000082800000, 0x0000000082800000|100%| O|  |TAMS 0x0000000082800000, 0x0000000082700000| Untracked 
|  40|0x0000000082800000, 0x0000000082900000, 0x0000000082900000|100%| O|  |TAMS 0x0000000082900000, 0x0000000082800000| Untracked 
|  41|0x0000000082900000, 0x0000000082a00000, 0x0000000082a00000|100%| O|  |TAMS 0x0000000082a00000, 0x0000000082900000| Untracked 
|  42|0x0000000082a00000, 0x0000000082b00000, 0x0000000082b00000|100%| O|  |TAMS 0x0000000082b00000, 0x0000000082a00000| Untracked 
|  43|0x0000000082b00000, 0x0000000082c00000, 0x0000000082c00000|100%| O|  |TAMS 0x0000000082c00000, 0x0000000082b00000| Untracked 
|  44|0x0000000082c00000, 0x0000000082d00000, 0x0000000082d00000|100%| O|  |TAMS 0x0000000082d00000, 0x0000000082c00000| Untracked 
|  45|0x0000000082d00000, 0x0000000082e00000, 0x0000000082e00000|100%| O|  |TAMS 0x0000000082e00000, 0x0000000082d00000| Untracked 
|  46|0x0000000082e00000, 0x0000000082f00000, 0x0000000082f00000|100%| O|  |TAMS 0x0000000082eece00, 0x0000000082e00000| Untracked 
|  47|0x0000000082f00000, 0x0000000083000000, 0x0000000083000000|100%| O|  |TAMS 0x0000000082f00000, 0x0000000082f00000| Untracked 
|  48|0x0000000083000000, 0x00000000830f0600, 0x0000000083100000| 93%| O|  |TAMS 0x0000000083000000, 0x0000000083000000| Untracked 
|  49|0x0000000083100000, 0x0000000083100000, 0x0000000083200000|  0%| F|  |TAMS 0x0000000083100000, 0x0000000083100000| Untracked 
|  50|0x0000000083200000, 0x0000000083200000, 0x0000000083300000|  0%| F|  |TAMS 0x0000000083200000, 0x0000000083200000| Untracked 
|  51|0x0000000083300000, 0x0000000083300000, 0x0000000083400000|  0%| F|  |TAMS 0x0000000083300000, 0x0000000083300000| Untracked 
|  52|0x0000000083400000, 0x0000000083500000, 0x0000000083500000|100%| O|  |TAMS 0x0000000083400000, 0x0000000083400000| Untracked 
|  53|0x0000000083500000, 0x0000000083600000, 0x0000000083600000|100%| O|  |TAMS 0x0000000083500000, 0x0000000083500000| Untracked 
|  54|0x0000000083600000, 0x0000000083600000, 0x0000000083700000|  0%| F|  |TAMS 0x0000000083600000, 0x0000000083600000| Untracked 
|  55|0x0000000083700000, 0x0000000083700000, 0x0000000083800000|  0%| F|  |TAMS 0x0000000083700000, 0x0000000083700000| Untracked 
|  56|0x0000000083800000, 0x0000000083800000, 0x0000000083900000|  0%| F|  |TAMS 0x0000000083800000, 0x0000000083800000| Untracked 
|  57|0x0000000083900000, 0x0000000083900000, 0x0000000083a00000|  0%| F|  |TAMS 0x0000000083900000, 0x0000000083900000| Untracked 
|  58|0x0000000083a00000, 0x0000000083a00000, 0x0000000083b00000|  0%| F|  |TAMS 0x0000000083a00000, 0x0000000083a00000| Untracked 
|  59|0x0000000083b00000, 0x0000000083b00000, 0x0000000083c00000|  0%| F|  |TAMS 0x0000000083b00000, 0x0000000083b00000| Untracked 
|  60|0x0000000083c00000, 0x0000000083c00000, 0x0000000083d00000|  0%| F|  |TAMS 0x0000000083c00000, 0x0000000083c00000| Untracked 
|  61|0x0000000083d00000, 0x0000000083d00000, 0x0000000083e00000|  0%| F|  |TAMS 0x0000000083d00000, 0x0000000083d00000| Untracked 
|  62|0x0000000083e00000, 0x0000000083e00000, 0x0000000083f00000|  0%| F|  |TAMS 0x0000000083e00000, 0x0000000083e00000| Untracked 
|  63|0x0000000083f00000, 0x0000000083f00000, 0x0000000084000000|  0%| F|  |TAMS 0x0000000083f00000, 0x0000000083f00000| Untracked 
|  64|0x0000000084000000, 0x0000000084000000, 0x0000000084100000|  0%| F|  |TAMS 0x0000000084000000, 0x0000000084000000| Untracked 
|  65|0x0000000084100000, 0x0000000084100000, 0x0000000084200000|  0%| F|  |TAMS 0x0000000084100000, 0x0000000084100000| Untracked 
|  66|0x0000000084200000, 0x0000000084200000, 0x0000000084300000|  0%| F|  |TAMS 0x0000000084200000, 0x0000000084200000| Untracked 
|  67|0x0000000084300000, 0x0000000084300000, 0x0000000084400000|  0%| F|  |TAMS 0x0000000084300000, 0x0000000084300000| Untracked 
|  68|0x0000000084400000, 0x0000000084400000, 0x0000000084500000|  0%| F|  |TAMS 0x0000000084400000, 0x0000000084400000| Untracked 
|  69|0x0000000084500000, 0x0000000084500000, 0x0000000084600000|  0%| F|  |TAMS 0x0000000084500000, 0x0000000084500000| Untracked 
|  70|0x0000000084600000, 0x0000000084600000, 0x0000000084700000|  0%| F|  |TAMS 0x0000000084600000, 0x0000000084600000| Untracked 
|  71|0x0000000084700000, 0x0000000084700000, 0x0000000084800000|  0%| F|  |TAMS 0x0000000084700000, 0x0000000084700000| Untracked 
|  72|0x0000000084800000, 0x0000000084800000, 0x0000000084900000|  0%| F|  |TAMS 0x0000000084800000, 0x0000000084800000| Untracked 
|  73|0x0000000084900000, 0x0000000084900000, 0x0000000084a00000|  0%| F|  |TAMS 0x0000000084900000, 0x0000000084900000| Untracked 
|  74|0x0000000084a00000, 0x0000000084a00000, 0x0000000084b00000|  0%| F|  |TAMS 0x0000000084a00000, 0x0000000084a00000| Untracked 
|  75|0x0000000084b00000, 0x0000000084b00000, 0x0000000084c00000|  0%| F|  |TAMS 0x0000000084b00000, 0x0000000084b00000| Untracked 
|  76|0x0000000084c00000, 0x0000000084c00000, 0x0000000084d00000|  0%| F|  |TAMS 0x0000000084c00000, 0x0000000084c00000| Untracked 
|  77|0x0000000084d00000, 0x0000000084d00000, 0x0000000084e00000|  0%| F|  |TAMS 0x0000000084d00000, 0x0000000084d00000| Untracked 
|  78|0x0000000084e00000, 0x0000000084e00000, 0x0000000084f00000|  0%| F|  |TAMS 0x0000000084e00000, 0x0000000084e00000| Untracked 
|  79|0x0000000084f00000, 0x0000000084f00000, 0x0000000085000000|  0%| F|  |TAMS 0x0000000084f00000, 0x0000000084f00000| Untracked 
|  80|0x0000000085000000, 0x0000000085000000, 0x0000000085100000|  0%| F|  |TAMS 0x0000000085000000, 0x0000000085000000| Untracked 
|  81|0x0000000085100000, 0x0000000085100000, 0x0000000085200000|  0%| F|  |TAMS 0x0000000085100000, 0x0000000085100000| Untracked 
|  82|0x0000000085200000, 0x0000000085200000, 0x0000000085300000|  0%| F|  |TAMS 0x0000000085200000, 0x0000000085200000| Untracked 
|  83|0x0000000085300000, 0x0000000085300000, 0x0000000085400000|  0%| F|  |TAMS 0x0000000085300000, 0x0000000085300000| Untracked 
|  84|0x0000000085400000, 0x0000000085400000, 0x0000000085500000|  0%| F|  |TAMS 0x0000000085400000, 0x0000000085400000| Untracked 
|  85|0x0000000085500000, 0x0000000085500000, 0x0000000085600000|  0%| F|  |TAMS 0x0000000085500000, 0x0000000085500000| Untracked 
|  86|0x0000000085600000, 0x0000000085600000, 0x0000000085700000|  0%| F|  |TAMS 0x0000000085600000, 0x0000000085600000| Untracked 
|  87|0x0000000085700000, 0x0000000085700000, 0x0000000085800000|  0%| F|  |TAMS 0x0000000085700000, 0x0000000085700000| Untracked 
|  88|0x0000000085800000, 0x0000000085866088, 0x0000000085900000| 39%| S|CS|TAMS 0x0000000085800000, 0x0000000085800000| Complete 
|  89|0x0000000085900000, 0x0000000085900000, 0x0000000085a00000|  0%| F|  |TAMS 0x0000000085900000, 0x0000000085900000| Untracked 

Card table byte_map: [0x000001a37ce80000,0x000001a37d280000] _byte_map_base: 0x000001a37ca80000

Marking Bits (Prev, Next): (CMBitMap*) 0x000001a36a2da3f0, (CMBitMap*) 0x000001a36a2da3b0
 Prev Bits: [0x000001a300000000, 0x000001a302000000)
 Next Bits: [0x000001a37d680000, 0x000001a37f680000)

Polling page: 0x000001a369a50000

Metaspace:

Usage:
  Non-class:     53.63 MB used.
      Class:      8.11 MB used.
       Both:     61.73 MB used.

Virtual space:
  Non-class space:       56.00 MB reserved,      53.88 MB ( 96%) committed,  7 nodes.
      Class space:        1.00 GB reserved,       8.31 MB ( <1%) committed,  1 nodes.
             Both:        1.05 GB reserved,      62.19 MB (  6%) committed. 

Chunk freelists:
   Non-Class:  2.00 MB
       Class:  3.59 MB
        Both:  5.59 MB

MaxMetaspaceSize: unlimited
CompressedClassSpaceSize: 1.00 GB
Initial GC threshold: 21.00 MB
Current GC threshold: 101.81 MB
CDS: off
MetaspaceReclaimPolicy: balanced
 - commit_granule_bytes: 65536.
 - commit_granule_words: 8192.
 - virtual_space_node_default_size: 1048576.
 - enlarge_chunks_in_place: 1.
 - new_chunks_are_fully_committed: 0.
 - uncommit_free_chunks: 1.
 - use_allocation_guard: 0.
 - handle_deallocations: 1.


Internal statistics:

num_allocs_failed_limit: 6.
num_arena_births: 576.
num_arena_deaths: 0.
num_vsnodes_births: 8.
num_vsnodes_deaths: 0.
num_space_committed: 995.
num_space_uncommitted: 0.
num_chunks_returned_to_freelist: 6.
num_chunks_taken_from_freelist: 2570.
num_chunk_merges: 3.
num_chunk_splits: 1724.
num_chunks_enlarged: 1204.
num_purges: 0.
num_inconsistent_stats: 0.

CodeHeap 'non-profiled nmethods': size=120000Kb used=2653Kb max_used=2653Kb free=117346Kb
 bounds [0x000001a375220000, 0x000001a3754c0000, 0x000001a37c750000]
CodeHeap 'profiled nmethods': size=120000Kb used=11441Kb max_used=11441Kb free=108558Kb
 bounds [0x000001a36d750000, 0x000001a36e280000, 0x000001a374c80000]
CodeHeap 'non-nmethods': size=5760Kb used=2344Kb max_used=2392Kb free=3415Kb
 bounds [0x000001a374c80000, 0x000001a374ef0000, 0x000001a375220000]
 total_blobs=7126 nmethods=6258 adapters=780
 compilation: enabled
              stopped_count=0, restarted_count=0
 full_count=0

Compilation events (20 events):
Event: 12.027 Thread 0x000001a304c40a90 6378       2       com.google.common.reflect.TypeResolver::covariantly (15 bytes)
Event: 12.027 Thread 0x000001a304c40a90 nmethod 6378 0x000001a36e278190 code [0x000001a36e278360, 0x000001a36e2786d8]
Event: 12.028 Thread 0x000001a304c40a90 6381   !   2       jdk.internal.loader.URLClassPath$JarLoader::checkResource (78 bytes)
Event: 12.029 Thread 0x000001a304c40a90 nmethod 6381 0x000001a36e278810 code [0x000001a36e278a20, 0x000001a36e278fe8]
Event: 12.029 Thread 0x000001a304c40a90 6382       2       jdk.internal.loader.URLClassPath$JarLoader$2::<init> (31 bytes)
Event: 12.029 Thread 0x000001a304c40a90 nmethod 6382 0x000001a36e279310 code [0x000001a36e2794c0, 0x000001a36e279778]
Event: 12.038 Thread 0x000001a304c40a90 6383       2       java.util.jar.JarFile::maybeInstantiateVerifier (42 bytes)
Event: 12.038 Thread 0x000001a304c40a90 nmethod 6383 0x000001a36e279810 code [0x000001a36e2799c0, 0x000001a36e279b98]
Event: 12.042 Thread 0x000001a304c40a90 6384       2       java.security.CodeSource::matchCerts (254 bytes)
Event: 12.043 Thread 0x000001a304c40a90 nmethod 6384 0x000001a36e279c90 code [0x000001a36e279ec0, 0x000001a36e27a538]
Event: 12.044 Thread 0x000001a304c40a90 6385       2       java.security.CodeSource::getCertificates (98 bytes)
Event: 12.044 Thread 0x000001a304c40a90 nmethod 6385 0x000001a36e27a910 code [0x000001a36e27ab20, 0x000001a36e27b038]
Event: 12.065 Thread 0x000001a304c36d60 nmethod 6294 0x000001a3754aea10 code [0x000001a3754aed60, 0x000001a3754b3b68]
Event: 12.065 Thread 0x000001a304c36d60 6367       4       java.util.regex.Matcher::search (154 bytes)
Event: 12.068 Thread 0x000001a304c40a90 6386       2       com.google.common.collect.MapMakerInternalMap$StrongKeyWeakValueEntry::copy (34 bytes)
Event: 12.068 Thread 0x000001a304c40a90 nmethod 6386 0x000001a36e27b290 code [0x000001a36e27b440, 0x000001a36e27b768]
Event: 12.068 Thread 0x000001a304c40a90 6387       2       com.google.common.collect.MapMakerInternalMap$WeakValueReferenceImpl::copyFor (14 bytes)
Event: 12.068 Thread 0x000001a304c40a90 nmethod 6387 0x000001a36e27b810 code [0x000001a36e27b9c0, 0x000001a36e27bc78]
Event: 12.070 Thread 0x000001a304c40a90 6388       2       java.lang.ClassLoader::compareCerts (197 bytes)
Event: 12.070 Thread 0x000001a304c40a90 nmethod 6388 0x000001a36e27bd10 code [0x000001a36e27bf00, 0x000001a36e27c3b8]

GC Heap History (20 events):
Event: 8.987 GC heap after
{Heap after GC invocations=14 (full 0):
 garbage-first heap   total 76800K, used 34007K [0x0000000080000000, 0x0000000100000000)
  region size 1024K, 2 young (2048K), 2 survivors (2048K)
 Metaspace       used 47753K, committed 48192K, reserved 1097728K
  class space    used 6319K, committed 6528K, reserved 1048576K
}
Event: 9.650 GC heap before
{Heap before GC invocations=14 (full 0):
 garbage-first heap   total 76800K, used 58583K [0x0000000080000000, 0x0000000100000000)
  region size 1024K, 27 young (27648K), 2 survivors (2048K)
 Metaspace       used 50369K, committed 50880K, reserved 1097728K
  class space    used 6645K, committed 6848K, reserved 1048576K
}
Event: 9.656 GC heap after
{Heap after GC invocations=15 (full 0):
 garbage-first heap   total 76800K, used 35450K [0x0000000080000000, 0x0000000100000000)
  region size 1024K, 4 young (4096K), 4 survivors (4096K)
 Metaspace       used 50369K, committed 50880K, reserved 1097728K
  class space    used 6645K, committed 6848K, reserved 1048576K
}
Event: 10.033 GC heap before
{Heap before GC invocations=15 (full 0):
 garbage-first heap   total 76800K, used 61050K [0x0000000080000000, 0x0000000100000000)
  region size 1024K, 28 young (28672K), 4 survivors (4096K)
 Metaspace       used 50832K, committed 51328K, reserved 1097728K
  class space    used 6693K, committed 6912K, reserved 1048576K
}
Event: 10.041 GC heap after
{Heap after GC invocations=16 (full 0):
 garbage-first heap   total 76800K, used 42982K [0x0000000080000000, 0x0000000100000000)
  region size 1024K, 4 young (4096K), 4 survivors (4096K)
 Metaspace       used 50832K, committed 51328K, reserved 1097728K
  class space    used 6693K, committed 6912K, reserved 1048576K
}
Event: 10.047 GC heap before
{Heap before GC invocations=16 (full 0):
 garbage-first heap   total 76800K, used 44006K [0x0000000080000000, 0x0000000100000000)
  region size 1024K, 6 young (6144K), 4 survivors (4096K)
 Metaspace       used 50832K, committed 51328K, reserved 1097728K
  class space    used 6693K, committed 6912K, reserved 1048576K
}
Event: 10.051 GC heap after
{Heap after GC invocations=17 (full 0):
 garbage-first heap   total 92160K, used 44141K [0x0000000080000000, 0x0000000100000000)
  region size 1024K, 2 young (2048K), 2 survivors (2048K)
 Metaspace       used 50832K, committed 51328K, reserved 1097728K
  class space    used 6693K, committed 6912K, reserved 1048576K
}
Event: 10.342 GC heap before
{Heap before GC invocations=18 (full 0):
 garbage-first heap   total 92160K, used 59501K [0x0000000080000000, 0x0000000100000000)
  region size 1024K, 17 young (17408K), 2 survivors (2048K)
 Metaspace       used 52188K, committed 52608K, reserved 1097728K
  class space    used 6886K, committed 7040K, reserved 1048576K
}
Event: 10.347 GC heap after
{Heap after GC invocations=19 (full 0):
 garbage-first heap   total 92160K, used 46575K [0x0000000080000000, 0x0000000100000000)
  region size 1024K, 3 young (3072K), 3 survivors (3072K)
 Metaspace       used 52188K, committed 52608K, reserved 1097728K
  class space    used 6886K, committed 7040K, reserved 1048576K
}
Event: 10.648 GC heap before
{Heap before GC invocations=19 (full 0):
 garbage-first heap   total 92160K, used 61935K [0x0000000080000000, 0x0000000100000000)
  region size 1024K, 18 young (18432K), 3 survivors (3072K)
 Metaspace       used 54422K, committed 54848K, reserved 1097728K
  class space    used 7197K, committed 7360K, reserved 1048576K
}
Event: 10.656 GC heap after
{Heap after GC invocations=20 (full 0):
 garbage-first heap   total 92160K, used 47080K [0x0000000080000000, 0x0000000100000000)
  region size 1024K, 1 young (1024K), 1 survivors (1024K)
 Metaspace       used 54422K, committed 54848K, reserved 1097728K
  class space    used 7197K, committed 7360K, reserved 1048576K
}
Event: 11.101 GC heap before
{Heap before GC invocations=21 (full 0):
 garbage-first heap   total 92160K, used 63464K [0x0000000080000000, 0x0000000100000000)
  region size 1024K, 18 young (18432K), 1 survivors (1024K)
 Metaspace       used 57526K, committed 57984K, reserved 1105920K
  class space    used 7541K, committed 7744K, reserved 1048576K
}
Event: 11.104 GC heap after
{Heap after GC invocations=22 (full 0):
 garbage-first heap   total 92160K, used 47697K [0x0000000080000000, 0x0000000100000000)
  region size 1024K, 2 young (2048K), 2 survivors (2048K)
 Metaspace       used 57526K, committed 57984K, reserved 1105920K
  class space    used 7541K, committed 7744K, reserved 1048576K
}
Event: 11.139 GC heap before
{Heap before GC invocations=22 (full 0):
 garbage-first heap   total 92160K, used 49745K [0x0000000080000000, 0x0000000100000000)
  region size 1024K, 4 young (4096K), 2 survivors (2048K)
 Metaspace       used 57963K, committed 58432K, reserved 1105920K
  class space    used 7579K, committed 7808K, reserved 1048576K
}
Event: 11.147 GC heap after
{Heap after GC invocations=23 (full 0):
 garbage-first heap   total 92160K, used 47276K [0x0000000080000000, 0x0000000100000000)
  region size 1024K, 1 young (1024K), 1 survivors (1024K)
 Metaspace       used 57963K, committed 58432K, reserved 1105920K
  class space    used 7579K, committed 7808K, reserved 1048576K
}
Event: 11.652 GC heap before
{Heap before GC invocations=23 (full 0):
 garbage-first heap   total 92160K, used 66732K [0x0000000080000000, 0x0000000100000000)
  region size 1024K, 20 young (20480K), 1 survivors (1024K)
 Metaspace       used 61324K, committed 61824K, reserved 1105920K
  class space    used 8059K, committed 8256K, reserved 1048576K
}
Event: 11.661 GC heap after
{Heap after GC invocations=24 (full 0):
 garbage-first heap   total 92160K, used 48726K [0x0000000080000000, 0x0000000100000000)
  region size 1024K, 2 young (2048K), 2 survivors (2048K)
 Metaspace       used 61324K, committed 61824K, reserved 1105920K
  class space    used 8059K, committed 8256K, reserved 1048576K
}
Event: 12.058 GC heap before
{Heap before GC invocations=25 (full 0):
 garbage-first heap   total 92160K, used 73302K [0x0000000080000000, 0x0000000100000000)
  region size 1024K, 21 young (21504K), 2 survivors (2048K)
 Metaspace       used 63088K, committed 63616K, reserved 1105920K
  class space    used 8284K, committed 8512K, reserved 1048576K
}
Event: 12.063 GC heap after
{Heap after GC invocations=26 (full 0):
 garbage-first heap   total 92160K, used 51490K [0x0000000080000000, 0x0000000100000000)
  region size 1024K, 3 young (3072K), 3 survivors (3072K)
 Metaspace       used 63088K, committed 63616K, reserved 1105920K
  class space    used 8284K, committed 8512K, reserved 1048576K
}
Event: 12.076 GC heap before
{Heap before GC invocations=26 (full 0):
 garbage-first heap   total 92160K, used 52514K [0x0000000080000000, 0x0000000100000000)
  region size 1024K, 4 young (4096K), 3 survivors (3072K)
 Metaspace       used 63215K, committed 63680K, reserved 1105920K
  class space    used 8301K, committed 8512K, reserved 1048576K
}

Dll operation events (2 events):
Event: 0.010 Loaded shared library C:\Program Files\Android\Android Studio\jbr\bin\java.dll
Event: 0.869 Loaded shared library C:\Program Files\Android\Android Studio\jbr\bin\verify.dll

Deoptimization events (20 events):
Event: 11.995 Thread 0x000001a3071db880 DEOPT PACKING pc=0x000001a36e25c36e sp=0x00000085b4af2e40
Event: 11.995 Thread 0x000001a3071db880 DEOPT UNPACKING pc=0x000001a374cd7143 sp=0x00000085b4af2298 mode 0
Event: 11.995 Thread 0x000001a3071db880 DEOPT PACKING pc=0x000001a36e25c36e sp=0x00000085b4af2e40
Event: 11.995 Thread 0x000001a3071db880 DEOPT UNPACKING pc=0x000001a374cd7143 sp=0x00000085b4af2298 mode 0
Event: 11.995 Thread 0x000001a3071db880 DEOPT PACKING pc=0x000001a36e25c36e sp=0x00000085b4af2e40
Event: 11.995 Thread 0x000001a3071db880 DEOPT UNPACKING pc=0x000001a374cd7143 sp=0x00000085b4af2298 mode 0
Event: 11.996 Thread 0x000001a3071db880 DEOPT PACKING pc=0x000001a36e25c36e sp=0x00000085b4af2e40
Event: 11.996 Thread 0x000001a3071db880 DEOPT UNPACKING pc=0x000001a374cd7143 sp=0x00000085b4af2298 mode 0
Event: 11.996 Thread 0x000001a3071db880 DEOPT PACKING pc=0x000001a36e25c36e sp=0x00000085b4af2e40
Event: 11.996 Thread 0x000001a3071db880 DEOPT UNPACKING pc=0x000001a374cd7143 sp=0x00000085b4af2298 mode 0
Event: 11.996 Thread 0x000001a3071db880 DEOPT PACKING pc=0x000001a36e25c36e sp=0x00000085b4af2e40
Event: 11.996 Thread 0x000001a3071db880 DEOPT UNPACKING pc=0x000001a374cd7143 sp=0x00000085b4af2298 mode 0
Event: 12.001 Thread 0x000001a3071db880 DEOPT PACKING pc=0x000001a36e25c36e sp=0x00000085b4af3090
Event: 12.001 Thread 0x000001a3071db880 DEOPT UNPACKING pc=0x000001a374cd7143 sp=0x00000085b4af24e8 mode 0
Event: 12.002 Thread 0x000001a3071db880 Uncommon trap: trap_request=0xffffff45 fr.pc=0x000001a37538c3d0 relative=0x0000000000000810
Event: 12.002 Thread 0x000001a3071db880 Uncommon trap: reason=unstable_if action=reinterpret pc=0x000001a37538c3d0 method=java.util.jar.JarFile.getEntry(Ljava/lang/String;)Ljava/util/zip/ZipEntry; @ 15 c2
Event: 12.002 Thread 0x000001a3071db880 DEOPT PACKING pc=0x000001a37538c3d0 sp=0x00000085b4af1a80
Event: 12.002 Thread 0x000001a3071db880 DEOPT UNPACKING pc=0x000001a374cd69a3 sp=0x00000085b4af1988 mode 2
Event: 12.042 Thread 0x000001a3071db880 DEOPT PACKING pc=0x000001a36e274975 sp=0x00000085b4af5d50
Event: 12.042 Thread 0x000001a3071db880 DEOPT UNPACKING pc=0x000001a374cd7143 sp=0x00000085b4af51d8 mode 0

Classes unloaded (0 events):
No events

Classes redefined (0 events):
No events

Internal exceptions (20 events):
Event: 10.207 Thread 0x000001a3071da070 Exception <a 'java/lang/NoSuchMethodError'{0x00000000852f7f98}: static Lorg/gradle/internal/build/event/types/DefaultOperationFinishedProgressEvent;.<clinit>()V> (0x00000000852f7f98) 
thrown [s\src\hotspot\share\prims\jni.cpp, line 1108]
Event: 10.210 Thread 0x000001a3071da070 Exception <a 'java/lang/NoSuchMethodError'{0x0000000085120970}: static Lorg/gradle/internal/build/event/types/DefaultProjectConfigurationSuccessResult;.<clinit>()V> (0x0000000085120970) 
thrown [s\src\hotspot\share\prims\jni.cpp, line 1108]
Event: 10.210 Thread 0x000001a3071da070 Exception <a 'java/lang/NoSuchMethodError'{0x0000000085121ef0}: static Lorg/gradle/internal/build/event/types/AbstractProjectConfigurationResult;.<clinit>()V> (0x0000000085121ef0) 
thrown [s\src\hotspot\share\prims\jni.cpp, line 1108]
Event: 10.210 Thread 0x000001a3071da070 Exception <a 'java/lang/NoSuchMethodError'{0x0000000085123648}: static Lorg/gradle/internal/build/event/types/AbstractOperationResult;.<clinit>()V> (0x0000000085123648) 
thrown [s\src\hotspot\share\prims\jni.cpp, line 1108]
Event: 10.210 Thread 0x000001a3071da070 Exception <a 'java/lang/NoSuchMethodError'{0x0000000085124ac0}: static Lorg/gradle/internal/build/event/types/AbstractResult;.<clinit>()V> (0x0000000085124ac0) 
thrown [s\src\hotspot\share\prims\jni.cpp, line 1108]
Event: 10.212 Thread 0x000001a3071da070 Exception <a 'java/lang/NoSuchMethodError'{0x000000008513c890}: static Lorg/gradle/internal/build/event/types/DefaultPluginApplicationResult;.<clinit>()V> (0x000000008513c890) 
thrown [s\src\hotspot\share\prims\jni.cpp, line 1108]
Event: 10.213 Thread 0x000001a3071da070 Exception <a 'java/lang/NoSuchMethodError'{0x0000000085148c48}: static Lorg/gradle/internal/build/event/types/DefaultBinaryPluginIdentifier;.<clinit>()V> (0x0000000085148c48) 
thrown [s\src\hotspot\share\prims\jni.cpp, line 1108]
Event: 10.215 Thread 0x000001a3071da070 Exception <a 'java/lang/NoSuchMethodError'{0x0000000085160cf0}: static Lorg/gradle/internal/build/event/types/DefaultScriptPluginIdentifier;.<clinit>()V> (0x0000000085160cf0) 
thrown [s\src\hotspot\share\prims\jni.cpp, line 1108]
Event: 10.225 Thread 0x000001a3071db880 Exception <a 'java/lang/ClassNotFoundException'{0x00000000851e37d0}: build_b3iyy7atnsu5ok8jewnjfrigsBeanInfo> (0x00000000851e37d0) 
thrown [s\src\hotspot\share\classfile\systemDictionary.cpp, line 256]
Event: 10.226 Thread 0x000001a3071db880 Exception <a 'java/lang/ClassNotFoundException'{0x00000000851ea050}: build_b3iyy7atnsu5ok8jewnjfrigsCustomizer> (0x00000000851ea050) 
thrown [s\src\hotspot\share\classfile\systemDictionary.cpp, line 256]
Event: 10.254 Thread 0x000001a3071db880 Exception <a 'java/lang/ClassNotFoundException'{0x0000000084f46298}: org/gradle/api/internal/plugins/DefaultObjectConfigurationActionBeanInfo> (0x0000000084f46298) 
thrown [s\src\hotspot\share\classfile\systemDictionary.cpp, line 256]
Event: 10.254 Thread 0x000001a3071db880 Exception <a 'java/lang/ClassNotFoundException'{0x0000000084f58b40}: org/gradle/api/internal/plugins/DefaultObjectConfigurationActionCustomizer> (0x0000000084f58b40) 
thrown [s\src\hotspot\share\classfile\systemDictionary.cpp, line 256]
Event: 10.430 Thread 0x000001a3071db880 Exception <a 'java/lang/NoSuchMethodError'{0x00000000855e5160}: 'java.lang.Object java.lang.invoke.DirectMethodHandle$Holder.newInvokeSpecial(java.lang.Object, java.lang.Object, java.lang.Object, java.lang.Object, int)'> (0x00000000855e5160) 
thrown [s\src\hotspot\share\interpreter\linkResolver.cpp, line 771]
Event: 10.430 Thread 0x000001a3071db880 Exception <a 'java/lang/NoSuchMethodError'{0x00000000855ea488}: 'java.lang.Object java.lang.invoke.DirectMethodHandle$Holder.invokeSpecial(java.lang.Object, java.lang.Object, java.lang.Object, java.lang.Object, java.lang.Object, int)'> (0x00000000855ea488) 
thrown [s\src\hotspot\share\interpreter\linkResolver.cpp, line 771]
Event: 10.431 Thread 0x000001a3071db880 Exception <a 'java/lang/NoSuchMethodError'{0x00000000855ef160}: 'java.lang.Object java.lang.invoke.Invokers$Holder.linkToTargetMethod(java.lang.Object, java.lang.Object, java.lang.Object, int, java.lang.Object)'> (0x00000000855ef160) 
thrown [s\src\hotspot\share\interpreter\linkResolver.cpp, line 771]
Event: 10.444 Thread 0x000001a3071db880 Exception <a 'java/lang/NoSuchMethodError'{0x00000000854a4110}: 'java.lang.Object java.lang.invoke.DirectMethodHandle$Holder.newInvokeSpecial(java.lang.Object, java.lang.Object, int, int)'> (0x00000000854a4110) 
thrown [s\src\hotspot\share\interpreter\linkResolver.cpp, line 771]
Event: 10.832 Thread 0x000001a3071db880 Exception <a 'java/lang/NoSuchMethodError'{0x00000000856e79b0}: 'int java.lang.invoke.DirectMethodHandle$Holder.invokeInterface(java.lang.Object, java.lang.Object, java.lang.Object, java.lang.Object)'> (0x00000000856e79b0) 
thrown [s\src\hotspot\share\interpreter\linkResolver.cpp, line 771]
Event: 11.405 Thread 0x000001a3071db880 Exception <a 'java/lang/IncompatibleClassChangeError'{0x0000000084c2e880}: Found class java.lang.Object, but interface was expected> (0x0000000084c2e880) 
thrown [s\src\hotspot\share\interpreter\linkResolver.cpp, line 838]
Event: 11.794 Thread 0x000001a3071db880 Implicit null exception at 0x000001a37538018c to 0x000001a3753802c2
Event: 12.029 Thread 0x000001a3071db880 Exception <a 'sun/nio/fs/WindowsException'{0x000000008499f0d0}> (0x000000008499f0d0) 
thrown [s\src\hotspot\share\prims\jni.cpp, line 517]

VM Operations (20 events):
Event: 10.830 Executing VM operation: HandshakeAllThreads done
Event: 11.101 Executing VM operation: G1CollectForAllocation
Event: 11.104 Executing VM operation: G1CollectForAllocation done
Event: 11.139 Executing VM operation: G1CollectForAllocation
Event: 11.147 Executing VM operation: G1CollectForAllocation done
Event: 11.550 Executing VM operation: ICBufferFull
Event: 11.551 Executing VM operation: ICBufferFull done
Event: 11.652 Executing VM operation: G1CollectForAllocation
Event: 11.662 Executing VM operation: G1CollectForAllocation done
Event: 11.700 Executing VM operation: HandshakeAllThreads
Event: 11.701 Executing VM operation: HandshakeAllThreads done
Event: 11.773 Executing VM operation: G1Concurrent
Event: 11.781 Executing VM operation: G1Concurrent done
Event: 11.818 Executing VM operation: HandshakeAllThreads
Event: 11.819 Executing VM operation: HandshakeAllThreads done
Event: 11.843 Executing VM operation: G1Concurrent
Event: 11.843 Executing VM operation: G1Concurrent done
Event: 12.057 Executing VM operation: G1CollectForAllocation
Event: 12.063 Executing VM operation: G1CollectForAllocation done
Event: 12.076 Executing VM operation: G1CollectForAllocation

Events (20 events):
Event: 11.859 loading class java/security/SignatureException
Event: 11.859 loading class java/security/SignatureException done
Event: 11.863 loading class sun/security/rsa/RSASignature$SHA256withRSA
Event: 11.863 loading class sun/security/rsa/RSASignature$SHA256withRSA done
Event: 11.865 loading class sun/security/provider/DSA$SHA256withDSA
Event: 11.865 loading class sun/security/provider/DSA$SHA256withDSA done
Event: 11.895 loading class java/util/Base64
Event: 11.895 loading class java/util/Base64 done
Event: 11.895 loading class java/util/Base64$Decoder
Event: 11.896 loading class java/util/Base64$Decoder done
Event: 11.896 loading class java/util/Base64$Encoder
Event: 11.896 loading class java/util/Base64$Encoder done
Event: 11.897 loading class java/util/jar/JarVerifier$VerifierStream
Event: 11.897 loading class java/util/jar/JarVerifier$VerifierStream done
Event: 11.897 loading class sun/security/util/ManifestEntryVerifier$SunProviderHolder
Event: 11.897 loading class sun/security/util/ManifestEntryVerifier$SunProviderHolder done
Event: 12.003 loading class java/security/KeyStore$ProtectionParameter
Event: 12.003 loading class java/security/KeyStore$ProtectionParameter done
Event: 12.029 loading class sun/nio/fs/WindowsException
Event: 12.029 loading class sun/nio/fs/WindowsException done


Dynamic libraries:
0x00007ff7e01c0000 - 0x00007ff7e01ca000 	C:\Program Files\Android\Android Studio\jbr\bin\java.exe
0x00007ffc024e0000 - 0x00007ffc026e9000 	C:\WINDOWS\SYSTEM32\ntdll.dll
0x00007ffc01ea0000 - 0x00007ffc01f5e000 	C:\WINDOWS\System32\KERNEL32.DLL
0x00007ffbffe00000 - 0x00007ffc0017b000 	C:\WINDOWS\System32\KERNELBASE.dll
0x00007ffbffc40000 - 0x00007ffbffd51000 	C:\WINDOWS\System32\ucrtbase.dll
0x00007ffbfe110000 - 0x00007ffbfe127000 	C:\Program Files\Android\Android Studio\jbr\bin\jli.dll
0x00007ffbfdf50000 - 0x00007ffbfdf6b000 	C:\Program Files\Android\Android Studio\jbr\bin\VCRUNTIME140.dll
0x00007ffc003a0000 - 0x00007ffc0054d000 	C:\WINDOWS\System32\USER32.dll
0x00007ffbfebc0000 - 0x00007ffbfee65000 	C:\WINDOWS\WinSxS\amd64_microsoft.windows.common-controls_6595b64144ccf1df_6.0.22000.120_none_9d947278b86cc467\COMCTL32.dll
0x00007ffbffc10000 - 0x00007ffbffc36000 	C:\WINDOWS\System32\win32u.dll
0x00007ffc01f60000 - 0x00007ffc02003000 	C:\WINDOWS\System32\msvcrt.dll
0x00007ffc006f0000 - 0x00007ffc00719000 	C:\WINDOWS\System32\GDI32.dll
0x00007ffbffaf0000 - 0x00007ffbffc08000 	C:\WINDOWS\System32\gdi32full.dll
0x00007ffbffd60000 - 0x00007ffbffdfd000 	C:\WINDOWS\System32\msvcp_win.dll
0x00007ffc00360000 - 0x00007ffc00392000 	C:\WINDOWS\System32\IMM32.DLL
0x00007ffbfdf40000 - 0x00007ffbfdf4c000 	C:\Program Files\Android\Android Studio\jbr\bin\vcruntime140_1.dll
0x00007ffbcc630000 - 0x00007ffbcc6bd000 	C:\Program Files\Android\Android Studio\jbr\bin\msvcp140.dll
0x00007ffb6e000000 - 0x00007ffb6ec6d000 	C:\Program Files\Android\Android Studio\jbr\bin\server\jvm.dll
0x00007ffc02100000 - 0x00007ffc021ae000 	C:\WINDOWS\System32\ADVAPI32.dll
0x00007ffc00650000 - 0x00007ffc006ee000 	C:\WINDOWS\System32\sechost.dll
0x00007ffc02230000 - 0x00007ffc02350000 	C:\WINDOWS\System32\RPCRT4.dll
0x00007ffbf94c0000 - 0x00007ffbf94ca000 	C:\WINDOWS\SYSTEM32\VERSION.dll
0x00007ffbf9fe0000 - 0x00007ffbfa013000 	C:\WINDOWS\SYSTEM32\WINMM.dll
0x00007ffbfab70000 - 0x00007ffbfab79000 	C:\WINDOWS\SYSTEM32\WSOCK32.dll
0x00007ffc02370000 - 0x00007ffc023df000 	C:\WINDOWS\System32\WS2_32.dll
0x00007ffbfdc80000 - 0x00007ffbfdc98000 	C:\WINDOWS\SYSTEM32\kernel.appcore.dll
0x00007ffbfa030000 - 0x00007ffbfa03a000 	C:\Program Files\Android\Android Studio\jbr\bin\jimage.dll
0x00007ffbff2a0000 - 0x00007ffbff4c1000 	C:\WINDOWS\SYSTEM32\DBGHELP.DLL
0x00007ffbff010000 - 0x00007ffbff041000 	C:\WINDOWS\SYSTEM32\dbgcore.DLL
0x00007ffbffa70000 - 0x00007ffbffaef000 	C:\WINDOWS\System32\bcryptPrimitives.dll
0x00007ffbca2d0000 - 0x00007ffbca2f5000 	C:\Program Files\Android\Android Studio\jbr\bin\java.dll
0x00007ffbcb390000 - 0x00007ffbcb3a8000 	C:\Program Files\Android\Android Studio\jbr\bin\zip.dll
0x00007ffc015c0000 - 0x00007ffc01d77000 	C:\WINDOWS\System32\SHELL32.dll
0x00007ffbfcd00000 - 0x00007ffbfd565000 	C:\WINDOWS\SYSTEM32\windows.storage.dll
0x00007ffc00720000 - 0x00007ffc00a98000 	C:\WINDOWS\System32\combase.dll
0x00007ffbfcb90000 - 0x00007ffbfccf6000 	C:\WINDOWS\SYSTEM32\wintypes.dll
0x00007ffc02010000 - 0x00007ffc020fa000 	C:\WINDOWS\System32\SHCORE.dll
0x00007ffc010f0000 - 0x00007ffc0114d000 	C:\WINDOWS\System32\shlwapi.dll
0x00007ffbff8e0000 - 0x00007ffbff901000 	C:\WINDOWS\SYSTEM32\profapi.dll
0x00007ffbc7a20000 - 0x00007ffbc7a39000 	C:\Program Files\Android\Android Studio\jbr\bin\net.dll
0x00007ffbf9e70000 - 0x00007ffbf9f84000 	C:\WINDOWS\SYSTEM32\WINHTTP.dll
0x00007ffbfe7b0000 - 0x00007ffbfe817000 	C:\WINDOWS\system32\mswsock.dll
0x00007ffbc6730000 - 0x00007ffbc6746000 	C:\Program Files\Android\Android Studio\jbr\bin\nio.dll
0x00007ffbc6710000 - 0x00007ffbc6720000 	C:\Program Files\Android\Android Studio\jbr\bin\verify.dll
0x00007ffbfe150000 - 0x00007ffbfe177000 	C:\Users\hp\.gradle\native\e1d6ef7f7dcc3fd88c89a11ec53ec762bb8ba0a96d01ffa2cd45eb1d1d8dd5c5\windows-amd64\native-platform.dll
0x00007ffbc7a70000 - 0x00007ffbc7bb4000 	C:\Users\hp\.gradle\native\0d407fdbe67a94daf76414ababcb853783967236a71b16ec16e742cd7a986fd3\windows-amd64\native-platform-file-events.dll
0x00007ffbca2c0000 - 0x00007ffbca2c9000 	C:\Program Files\Android\Android Studio\jbr\bin\management.dll
0x00007ffbc6720000 - 0x00007ffbc672b000 	C:\Program Files\Android\Android Studio\jbr\bin\management_ext.dll
0x00007ffc00550000 - 0x00007ffc00558000 	C:\WINDOWS\System32\PSAPI.DLL
0x00007ffbff5e0000 - 0x00007ffbff5f8000 	C:\WINDOWS\SYSTEM32\CRYPTSP.dll
0x00007ffbfdbe0000 - 0x00007ffbfdc15000 	C:\WINDOWS\system32\rsaenh.dll
0x00007ffbfe9e0000 - 0x00007ffbfea09000 	C:\WINDOWS\SYSTEM32\USERENV.dll
0x00007ffbff4d0000 - 0x00007ffbff4f7000 	C:\WINDOWS\SYSTEM32\bcrypt.dll
0x00007ffbfeac0000 - 0x00007ffbfeacc000 	C:\WINDOWS\SYSTEM32\CRYPTBASE.dll
0x00007ffbfd7c0000 - 0x00007ffbfd7ed000 	C:\WINDOWS\SYSTEM32\IPHLPAPI.DLL
0x00007ffc01e90000 - 0x00007ffc01e99000 	C:\WINDOWS\System32\NSI.dll
0x00007ffbf9fb0000 - 0x00007ffbf9fc9000 	C:\WINDOWS\SYSTEM32\dhcpcsvc6.DLL
0x00007ffbfa640000 - 0x00007ffbfa65e000 	C:\WINDOWS\SYSTEM32\dhcpcsvc.DLL
0x00007ffbfd830000 - 0x00007ffbfd918000 	C:\WINDOWS\SYSTEM32\DNSAPI.dll
0x00007ffbe51c0000 - 0x00007ffbe51c8000 	C:\WINDOWS\system32\wshunix.dll

dbghelp: loaded successfully - version: 4.0.5 - missing functions: none
symbol engine: initialized successfully - sym options: 0x614 - pdb path: .;C:\Program Files\Android\Android Studio\jbr\bin;C:\WINDOWS\SYSTEM32;C:\WINDOWS\WinSxS\amd64_microsoft.windows.common-controls_6595b64144ccf1df_6.0.22000.120_none_9d947278b86cc467;C:\Program Files\Android\Android Studio\jbr\bin\server;C:\Users\hp\.gradle\native\e1d6ef7f7dcc3fd88c89a11ec53ec762bb8ba0a96d01ffa2cd45eb1d1d8dd5c5\windows-amd64;C:\Users\hp\.gradle\native\0d407fdbe67a94daf76414ababcb853783967236a71b16ec16e742cd7a986fd3\windows-amd64

VM Arguments:
jvm_args: --add-opens=java.base/java.util=ALL-UNNAMED --add-opens=java.base/java.lang=ALL-UNNAMED --add-opens=java.base/java.lang.invoke=ALL-UNNAMED --add-opens=java.base/java.util=ALL-UNNAMED --add-opens=java.prefs/java.util.prefs=ALL-UNNAMED --add-opens=java.prefs/java.util.prefs=ALL-UNNAMED --add-opens=java.base/java.nio.charset=ALL-UNNAMED --add-opens=java.base/java.net=ALL-UNNAMED --add-opens=java.base/java.util.concurrent.atomic=ALL-UNNAMED -Xmx2048m -Dfile.encoding=UTF-8 -Duser.country=US -Duser.language=en -Duser.variant 
java_command: org.gradle.launcher.daemon.bootstrap.GradleDaemon 7.5
java_class_path (initial): C:\Users\hp\.gradle\wrapper\dists\gradle-7.5-bin\f1w0cc9nuo0eivz97x2xlu9sv\gradle-7.5\lib\gradle-launcher-7.5.jar
Launcher Type: SUN_STANDARD

[Global flags]
     intx CICompilerCount                          = 4                                         {product} {ergonomic}
     uint ConcGCThreads                            = 2                                         {product} {ergonomic}
     uint G1ConcRefinementThreads                  = 8                                         {product} {ergonomic}
   size_t G1HeapRegionSize                         = 1048576                                   {product} {ergonomic}
    uintx GCDrainStackTargetSize                   = 64                                        {product} {ergonomic}
   size_t InitialHeapSize                          = 65011712                                  {product} {ergonomic}
   size_t MarkStackSize                            = 4194304                                   {product} {ergonomic}
   size_t MaxHeapSize                              = 2147483648                                {product} {command line}
   size_t MaxNewSize                               = 1287651328                                {product} {ergonomic}
   size_t MinHeapDeltaBytes                        = 1048576                                   {product} {ergonomic}
   size_t MinHeapSize                              = 8388608                                   {product} {ergonomic}
    uintx NonNMethodCodeHeapSize                   = 5839372                                {pd product} {ergonomic}
    uintx NonProfiledCodeHeapSize                  = 122909434                              {pd product} {ergonomic}
    uintx ProfiledCodeHeapSize                     = 122909434                              {pd product} {ergonomic}
    uintx ReservedCodeCacheSize                    = 251658240                              {pd product} {ergonomic}
     bool SegmentedCodeCache                       = true                                      {product} {ergonomic}
   size_t SoftMaxHeapSize                          = 2147483648                             {manageable} {ergonomic}
     bool UseCompressedClassPointers               = true                           {product lp64_product} {ergonomic}
     bool UseCompressedOops                        = true                           {product lp64_product} {ergonomic}
     bool UseG1GC                                  = true                                      {product} {ergonomic}
     bool UseLargePagesIndividualAllocation        = false                                  {pd product} {ergonomic}

Logging:
Log output configuration:
 #0: stdout all=warning uptime,level,tags
 #1: stderr all=off uptime,level,tags

Environment Variables:
PATH=C:\Program Files\Common Files\Oracle\Java\javapath;C:\Program Files (x86)\Common Files\Oracle\Java\javapath;C:\WINDOWS\system32;C:\WINDOWS;C:\WINDOWS\System32\Wbem;C:\WINDOWS\System32\WindowsPowerShell\v1.0\;C:\WINDOWS\System32\OpenSSH\;C:\Program Files (x86)\dotnet\;C:\Program Files\nodejs\;C:\Program Files\Git\cmd;C:\Program Files\MySQL\MySQL Shell 8.0\bin\;C:\Program Files\Java\jre1.8.0_251\bin;C:\Users\hp\AppData\Local\Programs\Python\Python310\Scripts\;C:\Users\hp\AppData\Local\Programs\Python\Python310\;C:\Users\hp\AppData\Local\Microsoft\WindowsApps;C:\Users\hp\AppData\Local\Programs\Microsoft VS Code\bin;C:\Program Files\JetBrains\IntelliJ IDEA Community Edition 2021.3.2\bin;;C:\Users\hp\AppData\Roaming\npm;E:\flutter setup\flutter_windows_3.7.3-stable\flutter\bin;C:\Program Files\Java\jdk-19\bin;
USERNAME=hp
OS=Windows_NT
PROCESSOR_IDENTIFIER=Intel64 Family 6 Model 142 Stepping 12, GenuineIntel
TMP=C:\Users\hp\AppData\Local\Temp
TEMP=C:\Users\hp\AppData\Local\Temp



---------------  S Y S T E M  ---------------

OS:
 Windows 11 , 64 bit Build 22000 (10.0.22000.1335)
OS uptime: 0 days 18:59 hours

CPU: total 8 (initial active 8) (4 cores per cpu, 2 threads per core) family 6 model 142 stepping 12 microcode 0xde, cx8, cmov, fxsr, ht, mmx, 3dnowpref, sse, sse2, sse3, ssse3, sse4.1, sse4.2, popcnt, lzcnt, tsc, tscinvbit, avx, avx2, aes, erms, clmul, bmi1, bmi2, adx, fma, vzeroupper, clflush, clflushopt

Memory: 4k page, system-wide physical 3899M (326M free)
TotalPageFile size 15675M (AvailPageFile size 20M)
current process WorkingSet (physical memory assigned to process): 245M, peak: 246M
current process commit charge ("private bytes"): 302M, peak: 359M

vm_info: OpenJDK 64-Bit Server VM (17.0.6+0-b2043.56-9586694) for windows-amd64 JRE (17.0.6+0-b2043.56-9586694), built on Feb  9 2023 20:06:20 by "androidbuild" with MS VC++ 16.10 / 16.11 (VS2019)

END.
