#
# There is insufficient memory for the Java Runtime Environment to continue.
# Native memory allocation (mmap) failed to map 146800640 bytes for G1 virtual space
# Possible reasons:
#   The system is out of physical RAM or swap space
#   The process is running with CompressedOops enabled, and the Java Heap may be blocking the growth of the native heap
# Possible solutions:
#   Reduce memory load on the system
#   Increase physical memory or swap space
#   Check if swap backing store is full
#   Decrease Java heap size (-Xmx/-Xms)
#   Decrease number of Java threads
#   Decrease Java thread stack sizes (-Xss)
#   Set larger code cache with -XX:ReservedCodeCacheSize=
#   JVM is running with Unscaled Compressed Oops mode in which the Java heap is
#     placed in the first 4GB address space. The Java Heap base address is the
#     maximum limit for the native heap growth. Please use -XX:HeapBaseMinAddress
#     to set the Java Heap base and to place the Java Heap above 4GB virtual address.
# This output file may be truncated or incomplete.
#
#  Out of Memory Error (os_windows.cpp:3769), pid=18548, tid=580
#
# JRE version: OpenJDK Runtime Environment (17.0.6) (build 17.0.6+0-b2043.56-9586694)
# Java VM: OpenJDK 64-Bit Server VM (17.0.6+0-b2043.56-9586694, mixed mode, tiered, compressed oops, compressed class ptrs, g1 gc, windows-amd64)
# No core dump will be written. Minidumps are not enabled by default on client versions of Windows
#

---------------  S U M M A R Y ------------

Command Line: --add-opens=java.base/java.util=ALL-UNNAMED --add-opens=java.base/java.lang=ALL-UNNAMED --add-opens=java.base/java.lang.invoke=ALL-UNNAMED --add-opens=java.base/java.util=ALL-UNNAMED --add-opens=java.prefs/java.util.prefs=ALL-UNNAMED --add-opens=java.prefs/java.util.prefs=ALL-UNNAMED --add-opens=java.base/java.nio.charset=ALL-UNNAMED --add-opens=java.base/java.net=ALL-UNNAMED --add-opens=java.base/java.util.concurrent.atomic=ALL-UNNAMED -Xmx2048m -Dfile.encoding=UTF-8 -Duser.country=US -Duser.language=en -Duser.variant org.gradle.launcher.daemon.bootstrap.GradleDaemon 7.5

Host: Intel(R) Core(TM) i5-10210U CPU @ 1.60GHz, 8 cores, 3G,  Windows 11 , 64 bit Build 22000 (10.0.22000.1335)
Time: Sun May 14 18:25:40 2023 Sri Lanka Standard Time elapsed time: 10.605487 seconds (0d 0h 0m 10s)

---------------  T H R E A D  ---------------

Current thread (0x000001fa61a4c370):  VMThread "VM Thread" [stack: 0x000000d05fb00000,0x000000d05fc00000] [id=580]

Stack: [0x000000d05fb00000,0x000000d05fc00000]
Native frames: (J=compiled Java code, j=interpreted, Vv=VM code, C=native code)
V  [jvm.dll+0x683b4a]
V  [jvm.dll+0x842654]
V  [jvm.dll+0x843dfe]
V  [jvm.dll+0x844463]
V  [jvm.dll+0x249b75]
V  [jvm.dll+0x680a19]
V  [jvm.dll+0x674f0a]
V  [jvm.dll+0x309acb]
V  [jvm.dll+0x310f86]
V  [jvm.dll+0x3608ee]
V  [jvm.dll+0x360b1f]
V  [jvm.dll+0x2dfbf8]
V  [jvm.dll+0x2ddec4]
V  [jvm.dll+0x2dd4cc]
V  [jvm.dll+0x322261]
V  [jvm.dll+0x84893b]
V  [jvm.dll+0x849674]
V  [jvm.dll+0x849b8d]
V  [jvm.dll+0x849f64]
V  [jvm.dll+0x84a030]
V  [jvm.dll+0x7f25fa]
V  [jvm.dll+0x682985]
C  [ucrtbase.dll+0x26c0c]
C  [KERNEL32.DLL+0x155a0]
C  [ntdll.dll+0x485b]

VM_Operation (0x000000d0615f2850): G1TryInitiateConcMark, mode: safepoint, requested by thread 0x000001fa64981bc0


---------------  P R O C E S S  ---------------

Threads class SMR info:
_java_thread_list=0x000001fa6982ce40, length=125, elements={
0x000001fa45b3cff0, 0x000001fa62413420, 0x000001fa61a518c0, 0x000001fa61a80510,
0x000001fa61a82ed0, 0x000001fa61a83880, 0x000001fa62431400, 0x000001fa624320a0,
0x000001fa62433a60, 0x000001fa62437860, 0x000001fa625c3010, 0x000001fa625c38f0,
0x000001fa63aff700, 0x000001fa63f80470, 0x000001fa63bae480, 0x000001fa63f32b70,
0x000001fa63f33040, 0x000001fa649803b0, 0x000001fa64981bc0, 0x000001fa64980d50,
0x000001fa64980880, 0x000001fa6497fa10, 0x000001fa649816f0, 0x000001fa6497f540,
0x000001fa64982a30, 0x000001fa6497fee0, 0x000001fa64982090, 0x000001fa64981220,
0x000001fa64982560, 0x000001fa6497f070, 0x000001fa65310f40, 0x000001fa653130f0,
0x000001fa653105a0, 0x000001fa65312c20, 0x000001fa65312750, 0x000001fa65313f60,
0x000001fa653118e0, 0x000001fa65312280, 0x000001fa639e3a30, 0x000001fa639e5240,
0x000001fa639e43d0, 0x000001fa639e0540, 0x000001fa639e60b0, 0x000001fa639e6f20,
0x000001fa639e26f0, 0x000001fa639e1880, 0x000001fa639e13b0, 0x000001fa639e2bc0,
0x000001fa639e5710, 0x000001fa639e3090, 0x000001fa639e48a0, 0x000001fa639e0ee0,
0x000001fa639e3560, 0x000001fa639e3f00, 0x000001fa639e73f0, 0x000001fa639e4d70,
0x000001fa639e78c0, 0x000001fa639e1d50, 0x000001fa639e5be0, 0x000001fa639e6580,
0x000001fa639e6a50, 0x000001fa639e0070, 0x000001fa639e2220, 0x000001fa639e0a10,
0x000001fa6328c500, 0x000001fa6328bb60, 0x000001fa6328b690, 0x000001fa63291ba0,
0x000001fa6328c030, 0x000001fa63290d30, 0x000001fa6328f9f0, 0x000001fa6328c9d0,
0x000001fa6328dd10, 0x000001fa63290860, 0x000001fa632916d0, 0x000001fa63292070,
0x000001fa6328e1e0, 0x000001fa6328cea0, 0x000001fa6328d370, 0x000001fa63291200,
0x000001fa6328d840, 0x000001fa6328e6b0, 0x000001fa6328eb80, 0x000001fa63290390,
0x000001fa63292ee0, 0x000001fa6328f050, 0x000001fa6328f520, 0x000001fa6328fec0,
0x000001fa63292540, 0x000001fa63292a10, 0x000001fa671ed360, 0x000001fa671eb680,
0x000001fa671ed830, 0x000001fa671efeb0, 0x000001fa671f11f0, 0x000001fa671edd00,
0x000001fa671eb1b0, 0x000001fa671f0850, 0x000001fa671f16c0, 0x000001fa671ec4f0,
0x000001fa671ea810, 0x000001fa671ebb50, 0x000001fa671ef9e0, 0x000001fa671f0d20,
0x000001fa671ec020, 0x000001fa671ece90, 0x000001fa671eace0, 0x000001fa671e9e70,
0x000001fa671ec9c0, 0x000001fa671ee1d0, 0x000001fa671eeb70, 0x000001fa671ee6a0,
0x000001fa671ef040, 0x000001fa671ef510, 0x000001fa671f0380, 0x000001fa671ea340,
0x000001fa66fbeaa0, 0x000001fa66fbdc30, 0x000001fa66fbe100, 0x000001fa66fc3c70,
0x000001fa66fbe5d0, 0x000001fa66fbd290, 0x000001fa66fbef70, 0x000001fa66fc2e00,
0x000001fa66fc0780
}

Java Threads: ( => current thread )
  0x000001fa45b3cff0 JavaThread "main" [_thread_blocked, id=1792, stack(0x000000d05f500000,0x000000d05f600000)]
  0x000001fa62413420 JavaThread "Reference Handler" daemon [_thread_blocked, id=18944, stack(0x000000d05fc00000,0x000000d05fd00000)]
  0x000001fa61a518c0 JavaThread "Finalizer" daemon [_thread_blocked, id=13308, stack(0x000000d05fd00000,0x000000d05fe00000)]
  0x000001fa61a80510 JavaThread "Signal Dispatcher" daemon [_thread_blocked, id=17168, stack(0x000000d05fe00000,0x000000d05ff00000)]
  0x000001fa61a82ed0 JavaThread "Attach Listener" daemon [_thread_blocked, id=13124, stack(0x000000d05ff00000,0x000000d060000000)]
  0x000001fa61a83880 JavaThread "Service Thread" daemon [_thread_blocked, id=14328, stack(0x000000d060000000,0x000000d060100000)]
  0x000001fa62431400 JavaThread "Monitor Deflation Thread" daemon [_thread_blocked, id=6708, stack(0x000000d060100000,0x000000d060200000)]
  0x000001fa624320a0 JavaThread "C2 CompilerThread0" daemon [_thread_blocked, id=8524, stack(0x000000d060200000,0x000000d060300000)]
  0x000001fa62433a60 JavaThread "C1 CompilerThread0" daemon [_thread_blocked, id=11996, stack(0x000000d060300000,0x000000d060400000)]
  0x000001fa62437860 JavaThread "Sweeper thread" daemon [_thread_blocked, id=10852, stack(0x000000d060400000,0x000000d060500000)]
  0x000001fa625c3010 JavaThread "Common-Cleaner" daemon [_thread_blocked, id=16888, stack(0x000000d060500000,0x000000d060600000)]
  0x000001fa625c38f0 JavaThread "Notification Thread" daemon [_thread_blocked, id=13072, stack(0x000000d060600000,0x000000d060700000)]
  0x000001fa63aff700 JavaThread "Daemon health stats" [_thread_blocked, id=7876, stack(0x000000d060c00000,0x000000d060d00000)]
  0x000001fa63f80470 JavaThread "Incoming local TCP Connector on port 56799" [_thread_in_native, id=15640, stack(0x000000d060d00000,0x000000d060e00000)]
  0x000001fa63bae480 JavaThread "Daemon periodic checks" [_thread_blocked, id=15036, stack(0x000000d061100000,0x000000d061200000)]
  0x000001fa63f32b70 JavaThread "Daemon" [_thread_blocked, id=8264, stack(0x000000d061200000,0x000000d061300000)]
  0x000001fa63f33040 JavaThread "Handler for socket connection from /127.0.0.1:56799 to /127.0.0.1:56800" [_thread_in_native, id=16860, stack(0x000000d061300000,0x000000d061400000)]
  0x000001fa649803b0 JavaThread "Cancel handler" [_thread_blocked, id=4520, stack(0x000000d061400000,0x000000d061500000)]
  0x000001fa64981bc0 JavaThread "Daemon worker" [_thread_blocked, id=19240, stack(0x000000d061500000,0x000000d061600000)]
  0x000001fa64980d50 JavaThread "Asynchronous log dispatcher for DefaultDaemonConnection: socket connection from /127.0.0.1:56799 to /127.0.0.1:56800" [_thread_blocked, id=7412, stack(0x000000d061600000,0x000000d061700000)]
  0x000001fa64980880 JavaThread "Stdin handler" [_thread_blocked, id=9816, stack(0x000000d061700000,0x000000d061800000)]
  0x000001fa6497fa10 JavaThread "Daemon client event forwarder" [_thread_blocked, id=2540, stack(0x000000d061800000,0x000000d061900000)]
  0x000001fa649816f0 JavaThread "Cache worker for journal cache (C:\Users\hp\.gradle\caches\journal-1)" [_thread_blocked, id=1400, stack(0x000000d061900000,0x000000d061a00000)]
  0x000001fa6497f540 JavaThread "File lock request listener" [_thread_in_native, id=7912, stack(0x000000d061a00000,0x000000d061b00000)]
  0x000001fa64982a30 JavaThread "Cache worker for file hash cache (C:\Users\hp\.gradle\caches\7.5\fileHashes)" [_thread_blocked, id=14460, stack(0x000000d061c00000,0x000000d061d00000)]
  0x000001fa6497fee0 JavaThread "File watcher server" daemon [_thread_in_native, id=11568, stack(0x000000d061d00000,0x000000d061e00000)]
  0x000001fa64982090 JavaThread "File watcher consumer" daemon [_thread_blocked, id=17836, stack(0x000000d061e00000,0x000000d061f00000)]
  0x000001fa64981220 JavaThread "Cache worker for checksums cache (E:\Projects\ChatIn\.gradle\7.5\checksums)" [_thread_blocked, id=10224, stack(0x000000d061f00000,0x000000d062000000)]
  0x000001fa64982560 JavaThread "Cache worker for cache directory md-rule (C:\Users\hp\.gradle\caches\7.5\md-rule)" [_thread_blocked, id=17328, stack(0x000000d062000000,0x000000d062100000)]
  0x000001fa6497f070 JavaThread "Cache worker for file content cache (C:\Users\hp\.gradle\caches\7.5\fileContent)" [_thread_blocked, id=6752, stack(0x000000d062100000,0x000000d062200000)]
  0x000001fa65310f40 JavaThread "Cache worker for file hash cache (E:\Projects\ChatIn\.gradle\7.5\fileHashes)" [_thread_blocked, id=12468, stack(0x000000d062200000,0x000000d062300000)]
  0x000001fa653130f0 JavaThread "Cache worker for cache directory md-supplier (C:\Users\hp\.gradle\caches\7.5\md-supplier)" [_thread_blocked, id=19256, stack(0x000000d062300000,0x000000d062400000)]
  0x000001fa653105a0 JavaThread "Cache worker for execution history cache (C:\Users\hp\.gradle\caches\7.5\executionHistory)" [_thread_blocked, id=7332, stack(0x000000d062400000,0x000000d062500000)]
  0x000001fa65312c20 JavaThread "jar transforms" [_thread_blocked, id=2196, stack(0x000000d062500000,0x000000d062600000)]
  0x000001fa65312750 JavaThread "jar transforms Thread 2" [_thread_blocked, id=8376, stack(0x000000d062600000,0x000000d062700000)]
  0x000001fa65313f60 JavaThread "jar transforms Thread 3" [_thread_blocked, id=6496, stack(0x000000d062700000,0x000000d062800000)]
  0x000001fa653118e0 JavaThread "jar transforms Thread 4" [_thread_blocked, id=7900, stack(0x000000d062800000,0x000000d062900000)]
  0x000001fa65312280 JavaThread "Cache worker for dependencies-accessors (E:\Projects\ChatIn\.gradle\7.5\dependencies-accessors)" [_thread_blocked, id=13516, stack(0x000000d062900000,0x000000d062a00000)]
  0x000001fa639e3a30 JavaThread "jar transforms Thread 5" [_thread_blocked, id=4300, stack(0x000000d062a00000,0x000000d062b00000)]
  0x000001fa639e5240 JavaThread "Cache worker for Build Output Cleanup Cache (E:\Projects\ChatIn\.gradle\buildOutputCleanup)" [_thread_blocked, id=2168, stack(0x000000d062b00000,0x000000d062c00000)]
  0x000001fa639e43d0 JavaThread "Unconstrained build operations" [_thread_blocked, id=14764, stack(0x000000d062c00000,0x000000d062d00000)]
  0x000001fa639e0540 JavaThread "Unconstrained build operations Thread 2" [_thread_blocked, id=1148, stack(0x000000d062d00000,0x000000d062e00000)]
  0x000001fa639e60b0 JavaThread "Unconstrained build operations Thread 3" [_thread_blocked, id=16920, stack(0x000000d062e00000,0x000000d062f00000)]
  0x000001fa639e6f20 JavaThread "Unconstrained build operations Thread 4" [_thread_blocked, id=5980, stack(0x000000d062f00000,0x000000d063000000)]
  0x000001fa639e26f0 JavaThread "Unconstrained build operations Thread 5" [_thread_blocked, id=12092, stack(0x000000d063000000,0x000000d063100000)]
  0x000001fa639e1880 JavaThread "Unconstrained build operations Thread 6" [_thread_blocked, id=14484, stack(0x000000d063100000,0x000000d063200000)]
  0x000001fa639e13b0 JavaThread "Unconstrained build operations Thread 7" [_thread_blocked, id=18904, stack(0x000000d063200000,0x000000d063300000)]
  0x000001fa639e2bc0 JavaThread "Unconstrained build operations Thread 8" [_thread_blocked, id=15496, stack(0x000000d063300000,0x000000d063400000)]
  0x000001fa639e5710 JavaThread "Unconstrained build operations Thread 9" [_thread_blocked, id=1008, stack(0x000000d063400000,0x000000d063500000)]
  0x000001fa639e3090 JavaThread "Unconstrained build operations Thread 10" [_thread_blocked, id=9904, stack(0x000000d063500000,0x000000d063600000)]
  0x000001fa639e48a0 JavaThread "Unconstrained build operations Thread 11" [_thread_blocked, id=11208, stack(0x000000d063600000,0x000000d063700000)]
  0x000001fa639e0ee0 JavaThread "Unconstrained build operations Thread 12" [_thread_blocked, id=16276, stack(0x000000d063700000,0x000000d063800000)]
  0x000001fa639e3560 JavaThread "Unconstrained build operations Thread 13" [_thread_blocked, id=7704, stack(0x000000d063800000,0x000000d063900000)]
  0x000001fa639e3f00 JavaThread "Unconstrained build operations Thread 14" [_thread_blocked, id=14804, stack(0x000000d063900000,0x000000d063a00000)]
  0x000001fa639e73f0 JavaThread "Unconstrained build operations Thread 15" [_thread_blocked, id=19296, stack(0x000000d063a00000,0x000000d063b00000)]
  0x000001fa639e4d70 JavaThread "Unconstrained build operations Thread 16" [_thread_blocked, id=12892, stack(0x000000d063b00000,0x000000d063c00000)]
  0x000001fa639e78c0 JavaThread "Unconstrained build operations Thread 17" [_thread_blocked, id=18056, stack(0x000000d063c00000,0x000000d063d00000)]
  0x000001fa639e1d50 JavaThread "Unconstrained build operations Thread 18" [_thread_blocked, id=8600, stack(0x000000d063d00000,0x000000d063e00000)]
  0x000001fa639e5be0 JavaThread "Unconstrained build operations Thread 19" [_thread_blocked, id=16404, stack(0x000000d063e00000,0x000000d063f00000)]
  0x000001fa639e6580 JavaThread "Unconstrained build operations Thread 20" [_thread_blocked, id=12872, stack(0x000000d063f00000,0x000000d064000000)]
  0x000001fa639e6a50 JavaThread "Unconstrained build operations Thread 21" [_thread_blocked, id=15340, stack(0x000000d064000000,0x000000d064100000)]
  0x000001fa639e0070 JavaThread "Unconstrained build operations Thread 22" [_thread_blocked, id=14856, stack(0x000000d064100000,0x000000d064200000)]
  0x000001fa639e2220 JavaThread "Unconstrained build operations Thread 23" [_thread_blocked, id=18712, stack(0x000000d064200000,0x000000d064300000)]
  0x000001fa639e0a10 JavaThread "Unconstrained build operations Thread 24" [_thread_blocked, id=4928, stack(0x000000d064300000,0x000000d064400000)]
  0x000001fa6328c500 JavaThread "Unconstrained build operations Thread 25" [_thread_blocked, id=500, stack(0x000000d064400000,0x000000d064500000)]
  0x000001fa6328bb60 JavaThread "Unconstrained build operations Thread 26" [_thread_blocked, id=14808, stack(0x000000d064500000,0x000000d064600000)]
  0x000001fa6328b690 JavaThread "Unconstrained build operations Thread 27" [_thread_blocked, id=5288, stack(0x000000d064600000,0x000000d064700000)]
  0x000001fa63291ba0 JavaThread "Unconstrained build operations Thread 28" [_thread_blocked, id=996, stack(0x000000d064700000,0x000000d064800000)]
  0x000001fa6328c030 JavaThread "Unconstrained build operations Thread 29" [_thread_blocked, id=13504, stack(0x000000d064800000,0x000000d064900000)]
  0x000001fa63290d30 JavaThread "Unconstrained build operations Thread 30" [_thread_blocked, id=17548, stack(0x000000d064900000,0x000000d064a00000)]
  0x000001fa6328f9f0 JavaThread "Unconstrained build operations Thread 31" [_thread_blocked, id=18876, stack(0x000000d064a00000,0x000000d064b00000)]
  0x000001fa6328c9d0 JavaThread "Unconstrained build operations Thread 32" [_thread_blocked, id=13796, stack(0x000000d064b00000,0x000000d064c00000)]
  0x000001fa6328dd10 JavaThread "Unconstrained build operations Thread 33" [_thread_blocked, id=16728, stack(0x000000d064c00000,0x000000d064d00000)]
  0x000001fa63290860 JavaThread "Unconstrained build operations Thread 34" [_thread_blocked, id=7568, stack(0x000000d064d00000,0x000000d064e00000)]
  0x000001fa632916d0 JavaThread "Unconstrained build operations Thread 35" [_thread_blocked, id=19212, stack(0x000000d064e00000,0x000000d064f00000)]
  0x000001fa63292070 JavaThread "Unconstrained build operations Thread 36" [_thread_blocked, id=5156, stack(0x000000d064f00000,0x000000d065000000)]
  0x000001fa6328e1e0 JavaThread "Unconstrained build operations Thread 37" [_thread_blocked, id=10984, stack(0x000000d065000000,0x000000d065100000)]
  0x000001fa6328cea0 JavaThread "Unconstrained build operations Thread 38" [_thread_blocked, id=10216, stack(0x000000d065100000,0x000000d065200000)]
  0x000001fa6328d370 JavaThread "Unconstrained build operations Thread 39" [_thread_blocked, id=14108, stack(0x000000d065200000,0x000000d065300000)]
  0x000001fa63291200 JavaThread "Unconstrained build operations Thread 40" [_thread_blocked, id=18516, stack(0x000000d065300000,0x000000d065400000)]
  0x000001fa6328d840 JavaThread "Unconstrained build operations Thread 41" [_thread_blocked, id=7644, stack(0x000000d065400000,0x000000d065500000)]
  0x000001fa6328e6b0 JavaThread "Unconstrained build operations Thread 42" [_thread_blocked, id=17216, stack(0x000000d065500000,0x000000d065600000)]
  0x000001fa6328eb80 JavaThread "Unconstrained build operations Thread 43" [_thread_blocked, id=16612, stack(0x000000d065600000,0x000000d065700000)]
  0x000001fa63290390 JavaThread "Unconstrained build operations Thread 44" [_thread_blocked, id=13936, stack(0x000000d065700000,0x000000d065800000)]
  0x000001fa63292ee0 JavaThread "Unconstrained build operations Thread 45" [_thread_blocked, id=18464, stack(0x000000d065800000,0x000000d065900000)]
  0x000001fa6328f050 JavaThread "Unconstrained build operations Thread 46" [_thread_blocked, id=8220, stack(0x000000d065900000,0x000000d065a00000)]
  0x000001fa6328f520 JavaThread "Unconstrained build operations Thread 47" [_thread_blocked, id=14608, stack(0x000000d065a00000,0x000000d065b00000)]
  0x000001fa6328fec0 JavaThread "Unconstrained build operations Thread 48" [_thread_blocked, id=18792, stack(0x000000d065b00000,0x000000d065c00000)]
  0x000001fa63292540 JavaThread "Unconstrained build operations Thread 49" [_thread_blocked, id=15024, stack(0x000000d065c00000,0x000000d065d00000)]
  0x000001fa63292a10 JavaThread "Unconstrained build operations Thread 50" [_thread_blocked, id=6380, stack(0x000000d065d00000,0x000000d065e00000)]
  0x000001fa671ed360 JavaThread "Unconstrained build operations Thread 51" [_thread_blocked, id=8948, stack(0x000000d065e00000,0x000000d065f00000)]
  0x000001fa671eb680 JavaThread "Unconstrained build operations Thread 52" [_thread_blocked, id=8856, stack(0x000000d065f00000,0x000000d066000000)]
  0x000001fa671ed830 JavaThread "Unconstrained build operations Thread 53" [_thread_blocked, id=8428, stack(0x000000d066000000,0x000000d066100000)]
  0x000001fa671efeb0 JavaThread "Unconstrained build operations Thread 54" [_thread_blocked, id=10484, stack(0x000000d066100000,0x000000d066200000)]
  0x000001fa671f11f0 JavaThread "Unconstrained build operations Thread 55" [_thread_blocked, id=15460, stack(0x000000d066200000,0x000000d066300000)]
  0x000001fa671edd00 JavaThread "Unconstrained build operations Thread 56" [_thread_blocked, id=13884, stack(0x000000d066300000,0x000000d066400000)]
  0x000001fa671eb1b0 JavaThread "Unconstrained build operations Thread 57" [_thread_blocked, id=8760, stack(0x000000d066400000,0x000000d066500000)]
  0x000001fa671f0850 JavaThread "Unconstrained build operations Thread 58" [_thread_blocked, id=18884, stack(0x000000d066500000,0x000000d066600000)]
  0x000001fa671f16c0 JavaThread "Unconstrained build operations Thread 59" [_thread_blocked, id=18864, stack(0x000000d066600000,0x000000d066700000)]
  0x000001fa671ec4f0 JavaThread "Unconstrained build operations Thread 60" [_thread_blocked, id=10128, stack(0x000000d066700000,0x000000d066800000)]
  0x000001fa671ea810 JavaThread "Unconstrained build operations Thread 61" [_thread_blocked, id=18084, stack(0x000000d066800000,0x000000d066900000)]
  0x000001fa671ebb50 JavaThread "Unconstrained build operations Thread 62" [_thread_blocked, id=18596, stack(0x000000d066900000,0x000000d066a00000)]
  0x000001fa671ef9e0 JavaThread "Unconstrained build operations Thread 63" [_thread_blocked, id=10120, stack(0x000000d066a00000,0x000000d066b00000)]
  0x000001fa671f0d20 JavaThread "Unconstrained build operations Thread 64" [_thread_blocked, id=16160, stack(0x000000d066b00000,0x000000d066c00000)]
  0x000001fa671ec020 JavaThread "Unconstrained build operations Thread 65" [_thread_blocked, id=8084, stack(0x000000d066c00000,0x000000d066d00000)]
  0x000001fa671ece90 JavaThread "Unconstrained build operations Thread 66" [_thread_blocked, id=10588, stack(0x000000d066d00000,0x000000d066e00000)]
  0x000001fa671eace0 JavaThread "Unconstrained build operations Thread 67" [_thread_blocked, id=13144, stack(0x000000d066e00000,0x000000d066f00000)]
  0x000001fa671e9e70 JavaThread "Unconstrained build operations Thread 68" [_thread_blocked, id=10524, stack(0x000000d066f00000,0x000000d067000000)]
  0x000001fa671ec9c0 JavaThread "Unconstrained build operations Thread 69" [_thread_blocked, id=13816, stack(0x000000d067000000,0x000000d067100000)]
  0x000001fa671ee1d0 JavaThread "Unconstrained build operations Thread 70" [_thread_blocked, id=16948, stack(0x000000d067100000,0x000000d067200000)]
  0x000001fa671eeb70 JavaThread "Unconstrained build operations Thread 71" [_thread_blocked, id=7668, stack(0x000000d067200000,0x000000d067300000)]
  0x000001fa671ee6a0 JavaThread "Unconstrained build operations Thread 72" [_thread_blocked, id=4580, stack(0x000000d067300000,0x000000d067400000)]
  0x000001fa671ef040 JavaThread "Unconstrained build operations Thread 73" [_thread_blocked, id=11268, stack(0x000000d067400000,0x000000d067500000)]
  0x000001fa671ef510 JavaThread "Unconstrained build operations Thread 74" [_thread_blocked, id=12168, stack(0x000000d067500000,0x000000d067600000)]
  0x000001fa671f0380 JavaThread "Unconstrained build operations Thread 75" [_thread_blocked, id=16868, stack(0x000000d067600000,0x000000d067700000)]
  0x000001fa671ea340 JavaThread "Unconstrained build operations Thread 76" [_thread_blocked, id=17756, stack(0x000000d067700000,0x000000d067800000)]
  0x000001fa66fbeaa0 JavaThread "Unconstrained build operations Thread 77" [_thread_blocked, id=5664, stack(0x000000d067800000,0x000000d067900000)]
  0x000001fa66fbdc30 JavaThread "Unconstrained build operations Thread 78" [_thread_blocked, id=10696, stack(0x000000d067900000,0x000000d067a00000)]
  0x000001fa66fbe100 JavaThread "Unconstrained build operations Thread 79" [_thread_blocked, id=16124, stack(0x000000d067a00000,0x000000d067b00000)]
  0x000001fa66fc3c70 JavaThread "Unconstrained build operations Thread 80" [_thread_blocked, id=9528, stack(0x000000d067b00000,0x000000d067c00000)]
  0x000001fa66fbe5d0 JavaThread "jar transforms Thread 6" [_thread_blocked, id=4860, stack(0x000000d067c00000,0x000000d067d00000)]
  0x000001fa66fbd290 JavaThread "jar transforms Thread 7" [_thread_blocked, id=17588, stack(0x000000d067d00000,0x000000d067e00000)]
  0x000001fa66fbef70 JavaThread "jar transforms Thread 8" [_thread_blocked, id=17688, stack(0x000000d067e00000,0x000000d067f00000)]
  0x000001fa66fc2e00 JavaThread "build event listener" [_thread_blocked, id=19360, stack(0x000000d067f00000,0x000000d068000000)]
  0x000001fa66fc0780 JavaThread "Memory manager" [_thread_blocked, id=7896, stack(0x000000d068000000,0x000000d068100000)]

Other Threads:
=>0x000001fa61a4c370 VMThread "VM Thread" [stack: 0x000000d05fb00000,0x000000d05fc00000] [id=580]
  0x000001fa625c7dd0 WatcherThread [stack: 0x000000d060700000,0x000000d060800000] [id=14192]
  0x000001fa47c69ed0 GCTaskThread "GC Thread#0" [stack: 0x000000d05f600000,0x000000d05f700000] [id=13352]
  0x000001fa6321c660 GCTaskThread "GC Thread#1" [stack: 0x000000d060800000,0x000000d060900000] [id=12056]
  0x000001fa62a17630 GCTaskThread "GC Thread#2" [stack: 0x000000d060900000,0x000000d060a00000] [id=17680]
  0x000001fa62a178e0 GCTaskThread "GC Thread#3" [stack: 0x000000d060a00000,0x000000d060b00000] [id=12704]
  0x000001fa63c19720 GCTaskThread "GC Thread#4" [stack: 0x000000d060b00000,0x000000d060c00000] [id=18912]
  0x000001fa63c6d860 GCTaskThread "GC Thread#5" [stack: 0x000000d060e00000,0x000000d060f00000] [id=14768]
  0x000001fa631835d0 GCTaskThread "GC Thread#6" [stack: 0x000000d060f00000,0x000000d061000000] [id=4260]
  0x000001fa63f3f700 GCTaskThread "GC Thread#7" [stack: 0x000000d061000000,0x000000d061100000] [id=15108]
  0x000001fa47c7b580 ConcurrentGCThread "G1 Main Marker" [stack: 0x000000d05f700000,0x000000d05f800000] [id=1328]
  0x000001fa47c7c730 ConcurrentGCThread "G1 Conc#0" [stack: 0x000000d05f800000,0x000000d05f900000] [id=18700]
  0x000001fa64b3d570 ConcurrentGCThread "G1 Conc#1" [stack: 0x000000d061b00000,0x000000d061c00000] [id=8564]
  0x000001fa618b40c0 ConcurrentGCThread "G1 Refine#0" [stack: 0x000000d05f900000,0x000000d05fa00000] [id=8128]
  0x000001fa47cdd0b0 ConcurrentGCThread "G1 Service" [stack: 0x000000d05fa00000,0x000000d05fb00000] [id=13032]

Threads with active compile tasks:
C2 CompilerThread0    10702 6281   !   4       java.util.jar.Attributes::read (494 bytes)

VM state: at safepoint (normal execution)

VM Mutex/Monitor currently owned by a thread:  ([mutex/lock_event])
[0x000001fa47c0ffd0] Threads_lock - owner thread: 0x000001fa61a4c370
[0x000001fa47c10180] Heap_lock - owner thread: 0x000001fa64981bc0

Heap address: 0x0000000080000000, size: 2048 MB, Compressed Oops mode: 32-bit

CDS archive(s) not mapped
Compressed class space mapped at: 0x0000000100000000-0x0000000140000000, reserved size: 1073741824
Narrow klass base: 0x0000000000000000, Narrow klass shift: 3, Narrow klass range: 0x140000000

GC Precious Log:
 CPUs: 8 total, 8 available
 Memory: 3899M
 Large Page Support: Disabled
 NUMA Support: Disabled
 Compressed Oops: Enabled (32-bit)
 Heap Region Size: 1M
 Heap Min Capacity: 8M
 Heap Initial Capacity: 62M
 Heap Max Capacity: 2G
 Pre-touch: Disabled
 Parallel Workers: 8
 Concurrent Workers: 2
 Concurrent Refinement Workers: 8
 Periodic GC: Disabled

Heap:
 garbage-first heap   total 92160K, used 58144K [0x0000000080000000, 0x0000000100000000)
  region size 1024K, 3 young (3072K), 3 survivors (3072K)
 Metaspace       used 62714K, committed 63232K, reserved 1105920K
  class space    used 8211K, committed 8448K, reserved 1048576K

Heap Regions: E=young(eden), S=young(survivor), O=old, HS=humongous(starts), HC=humongous(continues), CS=collection set, F=free, OA=open archive, CA=closed archive, TAMS=top-at-mark-start (previous, next)
|   0|0x0000000080000000, 0x0000000080100000, 0x0000000080100000|100%| O|  |TAMS 0x0000000080100000, 0x0000000080100000| Untracked 
|   1|0x0000000080100000, 0x0000000080200000, 0x0000000080200000|100%| O|  |TAMS 0x0000000080200000, 0x0000000080200000| Untracked 
|   2|0x0000000080200000, 0x0000000080300000, 0x0000000080300000|100%| O|  |TAMS 0x0000000080300000, 0x0000000080300000| Untracked 
|   3|0x0000000080300000, 0x0000000080400000, 0x0000000080400000|100%|HS|  |TAMS 0x0000000080400000, 0x0000000080400000| Complete 
|   4|0x0000000080400000, 0x0000000080500000, 0x0000000080500000|100%|HC|  |TAMS 0x0000000080500000, 0x0000000080500000| Complete 
|   5|0x0000000080500000, 0x0000000080600000, 0x0000000080600000|100%|HC|  |TAMS 0x0000000080600000, 0x0000000080600000| Complete 
|   6|0x0000000080600000, 0x0000000080700000, 0x0000000080700000|100%| O|  |TAMS 0x0000000080700000, 0x0000000080700000| Untracked 
|   7|0x0000000080700000, 0x0000000080800000, 0x0000000080800000|100%| O|  |TAMS 0x0000000080800000, 0x0000000080800000| Untracked 
|   8|0x0000000080800000, 0x0000000080900000, 0x0000000080900000|100%| O|  |TAMS 0x0000000080900000, 0x0000000080900000| Untracked 
|   9|0x0000000080900000, 0x0000000080a00000, 0x0000000080a00000|100%| O|  |TAMS 0x0000000080a00000, 0x0000000080a00000| Untracked 
|  10|0x0000000080a00000, 0x0000000080b00000, 0x0000000080b00000|100%| O|  |TAMS 0x0000000080b00000, 0x0000000080b00000| Untracked 
|  11|0x0000000080b00000, 0x0000000080c00000, 0x0000000080c00000|100%| O|  |TAMS 0x0000000080c00000, 0x0000000080c00000| Untracked 
|  12|0x0000000080c00000, 0x0000000080d00000, 0x0000000080d00000|100%| O|  |TAMS 0x0000000080d00000, 0x0000000080d00000| Untracked 
|  13|0x0000000080d00000, 0x0000000080e00000, 0x0000000080e00000|100%| O|  |TAMS 0x0000000080e00000, 0x0000000080e00000| Untracked 
|  14|0x0000000080e00000, 0x0000000080f00000, 0x0000000080f00000|100%| O|  |TAMS 0x0000000080f00000, 0x0000000080f00000| Untracked 
|  15|0x0000000080f00000, 0x0000000081000000, 0x0000000081000000|100%| O|  |TAMS 0x0000000081000000, 0x0000000081000000| Untracked 
|  16|0x0000000081000000, 0x0000000081100000, 0x0000000081100000|100%| O|  |TAMS 0x0000000081100000, 0x0000000081100000| Untracked 
|  17|0x0000000081100000, 0x0000000081200000, 0x0000000081200000|100%| O|  |TAMS 0x0000000081200000, 0x0000000081200000| Untracked 
|  18|0x0000000081200000, 0x0000000081300000, 0x0000000081300000|100%| O|  |TAMS 0x0000000081300000, 0x0000000081300000| Untracked 
|  19|0x0000000081300000, 0x0000000081400000, 0x0000000081400000|100%| O|  |TAMS 0x0000000081400000, 0x0000000081400000| Untracked 
|  20|0x0000000081400000, 0x0000000081500000, 0x0000000081500000|100%| O|  |TAMS 0x0000000081500000, 0x0000000081500000| Untracked 
|  21|0x0000000081500000, 0x0000000081600000, 0x0000000081600000|100%| O|  |TAMS 0x0000000081600000, 0x0000000081600000| Untracked 
|  22|0x0000000081600000, 0x0000000081600000, 0x0000000081700000|  0%| F|  |TAMS 0x0000000081600000, 0x0000000081600000| Untracked 
|  23|0x0000000081700000, 0x0000000081800000, 0x0000000081800000|100%| O|  |TAMS 0x0000000081800000, 0x0000000081800000| Untracked 
|  24|0x0000000081800000, 0x0000000081900000, 0x0000000081900000|100%| O|  |TAMS 0x0000000081900000, 0x0000000081900000| Untracked 
|  25|0x0000000081900000, 0x0000000081a00000, 0x0000000081a00000|100%| O|  |TAMS 0x0000000081a00000, 0x0000000081a00000| Untracked 
|  26|0x0000000081a00000, 0x0000000081b00000, 0x0000000081b00000|100%| O|  |TAMS 0x0000000081b00000, 0x0000000081b00000| Untracked 
|  27|0x0000000081b00000, 0x0000000081c00000, 0x0000000081c00000|100%| O|  |TAMS 0x0000000081c00000, 0x0000000081c00000| Untracked 
|  28|0x0000000081c00000, 0x0000000081d00000, 0x0000000081d00000|100%| O|  |TAMS 0x0000000081d00000, 0x0000000081d00000| Untracked 
|  29|0x0000000081d00000, 0x0000000081e00000, 0x0000000081e00000|100%| O|  |TAMS 0x0000000081e00000, 0x0000000081e00000| Untracked 
|  30|0x0000000081e00000, 0x0000000081f00000, 0x0000000081f00000|100%| O|  |TAMS 0x0000000081f00000, 0x0000000081f00000| Untracked 
|  31|0x0000000081f00000, 0x0000000082000000, 0x0000000082000000|100%| O|  |TAMS 0x0000000082000000, 0x0000000082000000| Untracked 
|  32|0x0000000082000000, 0x0000000082100000, 0x0000000082100000|100%| O|  |TAMS 0x0000000082100000, 0x0000000082100000| Untracked 
|  33|0x0000000082100000, 0x0000000082200000, 0x0000000082200000|100%| O|  |TAMS 0x0000000082200000, 0x0000000082200000| Untracked 
|  34|0x0000000082200000, 0x0000000082300000, 0x0000000082300000|100%| O|  |TAMS 0x0000000082300000, 0x0000000082300000| Untracked 
|  35|0x0000000082300000, 0x0000000082400000, 0x0000000082400000|100%| O|  |TAMS 0x0000000082400000, 0x0000000082400000| Untracked 
|  36|0x0000000082400000, 0x0000000082500000, 0x0000000082500000|100%| O|  |TAMS 0x0000000082500000, 0x0000000082500000| Untracked 
|  37|0x0000000082500000, 0x0000000082600000, 0x0000000082600000|100%|HS|  |TAMS 0x0000000082600000, 0x0000000082600000| Complete 
|  38|0x0000000082600000, 0x0000000082700000, 0x0000000082700000|100%|HS|  |TAMS 0x0000000082700000, 0x0000000082700000| Complete 
|  39|0x0000000082700000, 0x0000000082800000, 0x0000000082800000|100%| O|  |TAMS 0x0000000082700000, 0x0000000082800000| Untracked 
|  40|0x0000000082800000, 0x0000000082900000, 0x0000000082900000|100%| O|  |TAMS 0x0000000082900000, 0x0000000082900000| Untracked 
|  41|0x0000000082900000, 0x0000000082a00000, 0x0000000082a00000|100%| O|  |TAMS 0x0000000082a00000, 0x0000000082a00000| Untracked 
|  42|0x0000000082a00000, 0x0000000082b00000, 0x0000000082b00000|100%| O|  |TAMS 0x0000000082aa6400, 0x0000000082b00000| Untracked 
|  43|0x0000000082b00000, 0x0000000082c00000, 0x0000000082c00000|100%| O|  |TAMS 0x0000000082b00000, 0x0000000082c00000| Untracked 
|  44|0x0000000082c00000, 0x0000000082d00000, 0x0000000082d00000|100%| O|  |TAMS 0x0000000082c00000, 0x0000000082d00000| Untracked 
|  45|0x0000000082d00000, 0x0000000082e00000, 0x0000000082e00000|100%| O|  |TAMS 0x0000000082d00000, 0x0000000082e00000| Untracked 
|  46|0x0000000082e00000, 0x0000000082f00000, 0x0000000082f00000|100%| O|  |TAMS 0x0000000082e00000, 0x0000000082f00000| Untracked 
|  47|0x0000000082f00000, 0x0000000083000000, 0x0000000083000000|100%|HS|  |TAMS 0x0000000082f00000, 0x0000000083000000| Complete 
|  48|0x0000000083000000, 0x0000000083100000, 0x0000000083100000|100%| O|  |TAMS 0x0000000083000000, 0x0000000083100000| Untracked 
|  49|0x0000000083100000, 0x0000000083200000, 0x0000000083200000|100%|HS|  |TAMS 0x0000000083100000, 0x0000000083200000| Complete 
|  50|0x0000000083200000, 0x0000000083300000, 0x0000000083300000|100%|HS|  |TAMS 0x0000000083200000, 0x0000000083300000| Complete 
|  51|0x0000000083300000, 0x0000000083400000, 0x0000000083400000|100%| O|  |TAMS 0x0000000083300000, 0x0000000083400000| Untracked 
|  52|0x0000000083400000, 0x0000000083500000, 0x0000000083500000|100%| O|  |TAMS 0x0000000083400000, 0x0000000083500000| Untracked 
|  53|0x0000000083500000, 0x0000000083600000, 0x0000000083600000|100%| O|  |TAMS 0x0000000083500000, 0x0000000083600000| Untracked 
|  54|0x0000000083600000, 0x0000000083700000, 0x0000000083700000|100%| O|  |TAMS 0x0000000083600000, 0x0000000083700000| Untracked 
|  55|0x0000000083700000, 0x00000000837a8c00, 0x0000000083800000| 65%| O|  |TAMS 0x0000000083700000, 0x00000000837a8c00| Untracked 
|  56|0x0000000083800000, 0x0000000083800000, 0x0000000083900000|  0%| F|  |TAMS 0x0000000083800000, 0x0000000083800000| Untracked 
|  57|0x0000000083900000, 0x0000000083900000, 0x0000000083a00000|  0%| F|  |TAMS 0x0000000083900000, 0x0000000083900000| Untracked 
|  58|0x0000000083a00000, 0x0000000083a00000, 0x0000000083b00000|  0%| F|  |TAMS 0x0000000083a00000, 0x0000000083a00000| Untracked 
|  59|0x0000000083b00000, 0x0000000083b00000, 0x0000000083c00000|  0%| F|  |TAMS 0x0000000083b00000, 0x0000000083b00000| Untracked 
|  60|0x0000000083c00000, 0x0000000083c00000, 0x0000000083d00000|  0%| F|  |TAMS 0x0000000083c00000, 0x0000000083c00000| Untracked 
|  61|0x0000000083d00000, 0x0000000083d00000, 0x0000000083e00000|  0%| F|  |TAMS 0x0000000083d00000, 0x0000000083d00000| Untracked 
|  62|0x0000000083e00000, 0x0000000083e00000, 0x0000000083f00000|  0%| F|  |TAMS 0x0000000083e00000, 0x0000000083e00000| Untracked 
|  63|0x0000000083f00000, 0x0000000083f00000, 0x0000000084000000|  0%| F|  |TAMS 0x0000000083f00000, 0x0000000083f00000| Untracked 
|  64|0x0000000084000000, 0x0000000084000000, 0x0000000084100000|  0%| F|  |TAMS 0x0000000084000000, 0x0000000084000000| Untracked 
|  65|0x0000000084100000, 0x0000000084100000, 0x0000000084200000|  0%| F|  |TAMS 0x0000000084100000, 0x0000000084100000| Untracked 
|  66|0x0000000084200000, 0x0000000084200000, 0x0000000084300000|  0%| F|  |TAMS 0x0000000084200000, 0x0000000084200000| Untracked 
|  67|0x0000000084300000, 0x0000000084300000, 0x0000000084400000|  0%| F|  |TAMS 0x0000000084300000, 0x0000000084300000| Untracked 
|  68|0x0000000084400000, 0x0000000084400000, 0x0000000084500000|  0%| F|  |TAMS 0x0000000084400000, 0x0000000084400000| Untracked 
|  69|0x0000000084500000, 0x0000000084500000, 0x0000000084600000|  0%| F|  |TAMS 0x0000000084500000, 0x0000000084500000| Untracked 
|  70|0x0000000084600000, 0x0000000084600000, 0x0000000084700000|  0%| F|  |TAMS 0x0000000084600000, 0x0000000084600000| Untracked 
|  71|0x0000000084700000, 0x0000000084700000, 0x0000000084800000|  0%| F|  |TAMS 0x0000000084700000, 0x0000000084700000| Untracked 
|  72|0x0000000084800000, 0x0000000084800000, 0x0000000084900000|  0%| F|  |TAMS 0x0000000084800000, 0x0000000084800000| Untracked 
|  73|0x0000000084900000, 0x0000000084900000, 0x0000000084a00000|  0%| F|  |TAMS 0x0000000084900000, 0x0000000084900000| Untracked 
|  74|0x0000000084a00000, 0x0000000084a00000, 0x0000000084b00000|  0%| F|  |TAMS 0x0000000084a00000, 0x0000000084a00000| Untracked 
|  75|0x0000000084b00000, 0x0000000084b00000, 0x0000000084c00000|  0%| F|  |TAMS 0x0000000084b00000, 0x0000000084b00000| Untracked 
|  76|0x0000000084c00000, 0x0000000084c00000, 0x0000000084d00000|  0%| F|  |TAMS 0x0000000084c00000, 0x0000000084c00000| Untracked 
|  77|0x0000000084d00000, 0x0000000084d00000, 0x0000000084e00000|  0%| F|  |TAMS 0x0000000084d00000, 0x0000000084d00000| Untracked 
|  78|0x0000000084e00000, 0x0000000084e00000, 0x0000000084f00000|  0%| F|  |TAMS 0x0000000084e00000, 0x0000000084e00000| Untracked 
|  79|0x0000000084f00000, 0x0000000084f00000, 0x0000000085000000|  0%| F|  |TAMS 0x0000000084f00000, 0x0000000084f00000| Untracked 
|  80|0x0000000085000000, 0x0000000085000000, 0x0000000085100000|  0%| F|  |TAMS 0x0000000085000000, 0x0000000085000000| Untracked 
|  81|0x0000000085100000, 0x0000000085100000, 0x0000000085200000|  0%| F|  |TAMS 0x0000000085100000, 0x0000000085100000| Untracked 
|  82|0x0000000085200000, 0x0000000085200000, 0x0000000085300000|  0%| F|  |TAMS 0x0000000085200000, 0x0000000085200000| Untracked 
|  83|0x0000000085300000, 0x000000008531f640, 0x0000000085400000| 12%| S|CS|TAMS 0x0000000085300000, 0x0000000085300000| Complete 
|  84|0x0000000085400000, 0x0000000085500000, 0x0000000085500000|100%| S|CS|TAMS 0x0000000085400000, 0x0000000085400000| Complete 
|  85|0x0000000085500000, 0x0000000085600000, 0x0000000085600000|100%| S|CS|TAMS 0x0000000085500000, 0x0000000085500000| Complete 
|  86|0x0000000085600000, 0x0000000085600000, 0x0000000085700000|  0%| F|  |TAMS 0x0000000085600000, 0x0000000085600000| Untracked 
|  87|0x0000000085700000, 0x0000000085700000, 0x0000000085800000|  0%| F|  |TAMS 0x0000000085700000, 0x0000000085700000| Untracked 
|  88|0x0000000085800000, 0x0000000085800000, 0x0000000085900000|  0%| F|  |TAMS 0x0000000085800000, 0x0000000085800000| Untracked 
|  89|0x0000000085900000, 0x0000000085900000, 0x0000000085a00000|  0%| F|  |TAMS 0x0000000085900000, 0x0000000085900000| Untracked 

Card table byte_map: [0x000001fa5a810000,0x000001fa5ac10000] _byte_map_base: 0x000001fa5a410000

Marking Bits (Prev, Next): (CMBitMap*) 0x000001fa47c6a520, (CMBitMap*) 0x000001fa47c6a4e0
 Prev Bits: [0x000001fa5d010000, 0x000001fa5f010000)
 Next Bits: [0x000001fa5b010000, 0x000001fa5d010000)

Polling page: 0x000001fa45bc0000

Metaspace:

Usage:
  Non-class:     53.23 MB used.
      Class:      8.02 MB used.
       Both:     61.24 MB used.

Virtual space:
  Non-class space:       56.00 MB reserved,      53.50 MB ( 96%) committed,  7 nodes.
      Class space:        1.00 GB reserved,       8.25 MB ( <1%) committed,  1 nodes.
             Both:        1.05 GB reserved,      61.75 MB (  6%) committed. 

Chunk freelists:
   Non-Class:  2.15 MB
       Class:  3.70 MB
        Both:  5.85 MB

MaxMetaspaceSize: unlimited
CompressedClassSpaceSize: 1.00 GB
Initial GC threshold: 21.00 MB
Current GC threshold: 96.88 MB
CDS: off
MetaspaceReclaimPolicy: balanced
 - commit_granule_bytes: 65536.
 - commit_granule_words: 8192.
 - virtual_space_node_default_size: 1048576.
 - enlarge_chunks_in_place: 1.
 - new_chunks_are_fully_committed: 0.
 - uncommit_free_chunks: 1.
 - use_allocation_guard: 0.
 - handle_deallocations: 1.


Internal statistics:

num_allocs_failed_limit: 6.
num_arena_births: 568.
num_arena_deaths: 0.
num_vsnodes_births: 8.
num_vsnodes_deaths: 0.
num_space_committed: 988.
num_space_uncommitted: 0.
num_chunks_returned_to_freelist: 6.
num_chunks_taken_from_freelist: 2548.
num_chunk_merges: 3.
num_chunk_splits: 1710.
num_chunks_enlarged: 1191.
num_purges: 0.
num_inconsistent_stats: 0.

CodeHeap 'non-profiled nmethods': size=120000Kb used=2597Kb max_used=2597Kb free=117402Kb
 bounds [0x000001fa52bb0000, 0x000001fa52e40000, 0x000001fa5a0e0000]
CodeHeap 'profiled nmethods': size=120000Kb used=11714Kb max_used=11714Kb free=108285Kb
 bounds [0x000001fa4b0e0000, 0x000001fa4bc60000, 0x000001fa52610000]
CodeHeap 'non-nmethods': size=5760Kb used=2340Kb max_used=2379Kb free=3419Kb
 bounds [0x000001fa52610000, 0x000001fa52880000, 0x000001fa52bb0000]
 total_blobs=7048 nmethods=6183 adapters=777
 compilation: enabled
              stopped_count=0, restarted_count=0
 full_count=0

Compilation events (20 events):
Event: 10.421 Thread 0x000001fa62433a60 6319       2       sun.security.util.DerValue::getOID (76 bytes)
Event: 10.422 Thread 0x000001fa62433a60 nmethod 6319 0x000001fa4bc4c990 code [0x000001fa4bc4cba0, 0x000001fa4bc4cf78]
Event: 10.422 Thread 0x000001fa62433a60 6318       2       sun.security.util.DerValue::toDigit (51 bytes)
Event: 10.422 Thread 0x000001fa62433a60 nmethod 6318 0x000001fa4bc4d190 code [0x000001fa4bc4d380, 0x000001fa4bc4d6a8]
Event: 10.425 Thread 0x000001fa62433a60 6320       2       java.util.concurrent.ConcurrentHashMap::isEmpty (15 bytes)
Event: 10.425 Thread 0x000001fa62433a60 nmethod 6320 0x000001fa4bc4d890 code [0x000001fa4bc4da20, 0x000001fa4bc4db68]
Event: 10.460 Thread 0x000001fa62433a60 6323       2       java.math.MutableBigInteger::add (346 bytes)
Event: 10.461 Thread 0x000001fa62433a60 nmethod 6323 0x000001fa4bc4dc10 code [0x000001fa4bc4de00, 0x000001fa4bc4e588]
Event: 10.461 Thread 0x000001fa62433a60 6322       2       java.math.MutableBigInteger::getLowestSetBit (74 bytes)
Event: 10.462 Thread 0x000001fa62433a60 nmethod 6322 0x000001fa4bc4e910 code [0x000001fa4bc4eac0, 0x000001fa4bc4ed28]
Event: 10.467 Thread 0x000001fa62433a60 6324       2       java.math.BigInteger::multiplyToLen (20 bytes)
Event: 10.468 Thread 0x000001fa62433a60 nmethod 6324 0x000001fa4bc4ee90 code [0x000001fa4bc4f080, 0x000001fa4bc4f4c8]
Event: 10.468 Thread 0x000001fa62433a60 6325       2       java.math.BigInteger::montgomeryMultiply (54 bytes)
Event: 10.469 Thread 0x000001fa62433a60 nmethod 6325 0x000001fa4bc4f790 code [0x000001fa4bc4f960, 0x000001fa4bc4fc38]
Event: 10.469 Thread 0x000001fa62433a60 6326       2       java.math.BigInteger::implMontgomeryMultiply (22 bytes)
Event: 10.469 Thread 0x000001fa62433a60 nmethod 6326 0x000001fa4bc4fe10 code [0x000001fa4bc4ffc0, 0x000001fa4bc50118]
Event: 10.471 Thread 0x000001fa62433a60 6327       2       sun.security.util.ObjectIdentifier::hashCode (8 bytes)
Event: 10.471 Thread 0x000001fa62433a60 nmethod 6327 0x000001fa4bc50210 code [0x000001fa4bc503a0, 0x000001fa4bc504c8]
Event: 10.471 Thread 0x000001fa62433a60 6328       2       java.util.regex.Pattern$Start::match (90 bytes)
Event: 10.472 Thread 0x000001fa62433a60 nmethod 6328 0x000001fa4bc50590 code [0x000001fa4bc50740, 0x000001fa4bc50a08]

GC Heap History (20 events):
Event: 6.235 GC heap after
{Heap after GC invocations=12 (full 0):
 garbage-first heap   total 63488K, used 30313K [0x0000000080000000, 0x0000000100000000)
  region size 1024K, 3 young (3072K), 3 survivors (3072K)
 Metaspace       used 41808K, committed 42112K, reserved 1089536K
  class space    used 5465K, committed 5568K, reserved 1048576K
}
Event: 6.463 GC heap before
{Heap before GC invocations=12 (full 0):
 garbage-first heap   total 63488K, used 48745K [0x0000000080000000, 0x0000000100000000)
  region size 1024K, 21 young (21504K), 3 survivors (3072K)
 Metaspace       used 42862K, committed 43200K, reserved 1089536K
  class space    used 5624K, committed 5760K, reserved 1048576K
}
Event: 6.468 GC heap after
{Heap after GC invocations=13 (full 0):
 garbage-first heap   total 76800K, used 32680K [0x0000000080000000, 0x0000000100000000)
  region size 1024K, 3 young (3072K), 3 survivors (3072K)
 Metaspace       used 42862K, committed 43200K, reserved 1089536K
  class space    used 5624K, committed 5760K, reserved 1048576K
}
Event: 6.993 GC heap before
{Heap before GC invocations=13 (full 0):
 garbage-first heap   total 76800K, used 57256K [0x0000000080000000, 0x0000000100000000)
  region size 1024K, 27 young (27648K), 3 survivors (3072K)
 Metaspace       used 46627K, committed 47040K, reserved 1097728K
  class space    used 6127K, committed 6336K, reserved 1048576K
}
Event: 6.999 GC heap after
{Heap after GC invocations=14 (full 0):
 garbage-first heap   total 76800K, used 34077K [0x0000000080000000, 0x0000000100000000)
  region size 1024K, 4 young (4096K), 4 survivors (4096K)
 Metaspace       used 46627K, committed 47040K, reserved 1097728K
  class space    used 6127K, committed 6336K, reserved 1048576K
}
Event: 7.632 GC heap before
{Heap before GC invocations=14 (full 0):
 garbage-first heap   total 76800K, used 58653K [0x0000000080000000, 0x0000000100000000)
  region size 1024K, 28 young (28672K), 4 survivors (4096K)
 Metaspace       used 49699K, committed 50112K, reserved 1097728K
  class space    used 6599K, committed 6784K, reserved 1048576K
}
Event: 7.640 GC heap after
{Heap after GC invocations=15 (full 0):
 garbage-first heap   total 76800K, used 35322K [0x0000000080000000, 0x0000000100000000)
  region size 1024K, 3 young (3072K), 3 survivors (3072K)
 Metaspace       used 49699K, committed 50112K, reserved 1097728K
  class space    used 6599K, committed 6784K, reserved 1048576K
}
Event: 8.479 GC heap before
{Heap before GC invocations=15 (full 0):
 garbage-first heap   total 76800K, used 58874K [0x0000000080000000, 0x0000000100000000)
  region size 1024K, 27 young (27648K), 3 survivors (3072K)
 Metaspace       used 50656K, committed 51072K, reserved 1097728K
  class space    used 6676K, committed 6848K, reserved 1048576K
}
Event: 8.491 GC heap after
{Heap after GC invocations=16 (full 0):
 garbage-first heap   total 76800K, used 37781K [0x0000000080000000, 0x0000000100000000)
  region size 1024K, 4 young (4096K), 4 survivors (4096K)
 Metaspace       used 50656K, committed 51072K, reserved 1097728K
  class space    used 6676K, committed 6848K, reserved 1048576K
}
Event: 8.728 GC heap before
{Heap before GC invocations=16 (full 0):
 garbage-first heap   total 76800K, used 42901K [0x0000000080000000, 0x0000000100000000)
  region size 1024K, 11 young (11264K), 4 survivors (4096K)
 Metaspace       used 50826K, committed 51264K, reserved 1097728K
  class space    used 6697K, committed 6848K, reserved 1048576K
}
Event: 8.734 GC heap after
{Heap after GC invocations=17 (full 0):
 garbage-first heap   total 92160K, used 38660K [0x0000000080000000, 0x0000000100000000)
  region size 1024K, 1 young (1024K), 1 survivors (1024K)
 Metaspace       used 50826K, committed 51264K, reserved 1097728K
  class space    used 6697K, committed 6848K, reserved 1048576K
}
Event: 9.395 GC heap before
{Heap before GC invocations=17 (full 0):
 garbage-first heap   total 92160K, used 75524K [0x0000000080000000, 0x0000000100000000)
  region size 1024K, 34 young (34816K), 1 survivors (1024K)
 Metaspace       used 54099K, committed 54528K, reserved 1097728K
  class space    used 7151K, committed 7296K, reserved 1048576K
}
Event: 9.403 GC heap after
{Heap after GC invocations=18 (full 0):
 garbage-first heap   total 92160K, used 47769K [0x0000000080000000, 0x0000000100000000)
  region size 1024K, 5 young (5120K), 5 survivors (5120K)
 Metaspace       used 54099K, committed 54528K, reserved 1097728K
  class space    used 7151K, committed 7296K, reserved 1048576K
}
Event: 9.869 GC heap before
{Heap before GC invocations=18 (full 0):
 garbage-first heap   total 92160K, used 73369K [0x0000000080000000, 0x0000000100000000)
  region size 1024K, 30 young (30720K), 5 survivors (5120K)
 Metaspace       used 58602K, committed 59072K, reserved 1105920K
  class space    used 7647K, committed 7872K, reserved 1048576K
}
Event: 9.875 GC heap after
{Heap after GC invocations=19 (full 0):
 garbage-first heap   total 92160K, used 48802K [0x0000000080000000, 0x0000000100000000)
  region size 1024K, 2 young (2048K), 2 survivors (2048K)
 Metaspace       used 58602K, committed 59072K, reserved 1105920K
  class space    used 7647K, committed 7872K, reserved 1048576K
}
Event: 10.384 GC heap before
{Heap before GC invocations=20 (full 0):
 garbage-first heap   total 92160K, used 77474K [0x0000000080000000, 0x0000000100000000)
  region size 1024K, 27 young (27648K), 2 survivors (2048K)
 Metaspace       used 62709K, committed 63232K, reserved 1105920K
  class space    used 8211K, committed 8448K, reserved 1048576K
}
Event: 10.394 GC heap after
{Heap after GC invocations=21 (full 0):
 garbage-first heap   total 92160K, used 56406K [0x0000000080000000, 0x0000000100000000)
  region size 1024K, 4 young (4096K), 4 survivors (4096K)
 Metaspace       used 62709K, committed 63232K, reserved 1105920K
  class space    used 8211K, committed 8448K, reserved 1048576K
}
Event: 10.398 GC heap before
{Heap before GC invocations=21 (full 0):
 garbage-first heap   total 92160K, used 57430K [0x0000000080000000, 0x0000000100000000)
  region size 1024K, 5 young (5120K), 4 survivors (4096K)
 Metaspace       used 62709K, committed 63232K, reserved 1105920K
  class space    used 8211K, committed 8448K, reserved 1048576K
}
Event: 10.412 GC heap after
{Heap after GC invocations=22 (full 0):
 garbage-first heap   total 92160K, used 56852K [0x0000000080000000, 0x0000000100000000)
  region size 1024K, 1 young (1024K), 1 survivors (1024K)
 Metaspace       used 62709K, committed 63232K, reserved 1105920K
  class space    used 8211K, committed 8448K, reserved 1048576K
}
Event: 10.478 GC heap before
{Heap before GC invocations=22 (full 0):
 garbage-first heap   total 92160K, used 58900K [0x0000000080000000, 0x0000000100000000)
  region size 1024K, 4 young (4096K), 1 survivors (1024K)
 Metaspace       used 62714K, committed 63232K, reserved 1105920K
  class space    used 8211K, committed 8448K, reserved 1048576K
}

Dll operation events (2 events):
Event: 0.010 Loaded shared library C:\Program Files\Android\Android Studio\jbr\bin\java.dll
Event: 0.488 Loaded shared library C:\Program Files\Android\Android Studio\jbr\bin\verify.dll

Deoptimization events (20 events):
Event: 10.455 Thread 0x000001fa64981bc0 DEOPT PACKING pc=0x000001fa4b3b6e3a sp=0x000000d0615f26b0
Event: 10.455 Thread 0x000001fa64981bc0 DEOPT UNPACKING pc=0x000001fa52667143 sp=0x000000d0615f1b28 mode 0
Event: 10.456 Thread 0x000001fa64981bc0 DEOPT PACKING pc=0x000001fa4b3b6e3a sp=0x000000d0615f26b0
Event: 10.456 Thread 0x000001fa64981bc0 DEOPT UNPACKING pc=0x000001fa52667143 sp=0x000000d0615f1b28 mode 0
Event: 10.456 Thread 0x000001fa64981bc0 DEOPT PACKING pc=0x000001fa4b3b6e3a sp=0x000000d0615f26b0
Event: 10.456 Thread 0x000001fa64981bc0 DEOPT UNPACKING pc=0x000001fa52667143 sp=0x000000d0615f1b28 mode 0
Event: 10.457 Thread 0x000001fa64981bc0 DEOPT PACKING pc=0x000001fa4b3b6e3a sp=0x000000d0615f26b0
Event: 10.457 Thread 0x000001fa64981bc0 DEOPT UNPACKING pc=0x000001fa52667143 sp=0x000000d0615f1b28 mode 0
Event: 10.457 Thread 0x000001fa64981bc0 DEOPT PACKING pc=0x000001fa4b3b6e3a sp=0x000000d0615f26b0
Event: 10.457 Thread 0x000001fa64981bc0 DEOPT UNPACKING pc=0x000001fa52667143 sp=0x000000d0615f1b28 mode 0
Event: 10.457 Thread 0x000001fa64981bc0 DEOPT PACKING pc=0x000001fa4b3b6e3a sp=0x000000d0615f26b0
Event: 10.457 Thread 0x000001fa64981bc0 DEOPT UNPACKING pc=0x000001fa52667143 sp=0x000000d0615f1b28 mode 0
Event: 10.458 Thread 0x000001fa64981bc0 DEOPT PACKING pc=0x000001fa4b3b6e3a sp=0x000000d0615f26b0
Event: 10.458 Thread 0x000001fa64981bc0 DEOPT UNPACKING pc=0x000001fa52667143 sp=0x000000d0615f1b28 mode 0
Event: 10.458 Thread 0x000001fa64981bc0 DEOPT PACKING pc=0x000001fa4b3b6e3a sp=0x000000d0615f26b0
Event: 10.458 Thread 0x000001fa64981bc0 DEOPT UNPACKING pc=0x000001fa52667143 sp=0x000000d0615f1b28 mode 0
Event: 10.459 Thread 0x000001fa64981bc0 DEOPT PACKING pc=0x000001fa4b3b6e3a sp=0x000000d0615f26b0
Event: 10.459 Thread 0x000001fa64981bc0 DEOPT UNPACKING pc=0x000001fa52667143 sp=0x000000d0615f1b28 mode 0
Event: 10.459 Thread 0x000001fa64981bc0 DEOPT PACKING pc=0x000001fa4b3b6e3a sp=0x000000d0615f26b0
Event: 10.459 Thread 0x000001fa64981bc0 DEOPT UNPACKING pc=0x000001fa52667143 sp=0x000000d0615f1b28 mode 0

Classes unloaded (0 events):
No events

Classes redefined (0 events):
No events

Internal exceptions (20 events):
Event: 9.008 Thread 0x000001fa6497fa10 Exception <a 'java/lang/NoSuchMethodError'{0x0000000084cb17e0}: static Lorg/gradle/internal/build/event/types/DefaultProjectConfigurationSuccessResult;.<clinit>()V> (0x0000000084cb17e0) 
thrown [s\src\hotspot\share\prims\jni.cpp, line 1108]
Event: 9.009 Thread 0x000001fa6497fa10 Exception <a 'java/lang/NoSuchMethodError'{0x0000000084cb2d58}: static Lorg/gradle/internal/build/event/types/AbstractProjectConfigurationResult;.<clinit>()V> (0x0000000084cb2d58) 
thrown [s\src\hotspot\share\prims\jni.cpp, line 1108]
Event: 9.009 Thread 0x000001fa6497fa10 Exception <a 'java/lang/NoSuchMethodError'{0x0000000084cb44a8}: static Lorg/gradle/internal/build/event/types/AbstractOperationResult;.<clinit>()V> (0x0000000084cb44a8) 
thrown [s\src\hotspot\share\prims\jni.cpp, line 1108]
Event: 9.009 Thread 0x000001fa6497fa10 Exception <a 'java/lang/NoSuchMethodError'{0x0000000084cb58f0}: static Lorg/gradle/internal/build/event/types/AbstractResult;.<clinit>()V> (0x0000000084cb58f0) 
thrown [s\src\hotspot\share\prims\jni.cpp, line 1108]
Event: 9.011 Thread 0x000001fa6497fa10 Exception <a 'java/lang/NoSuchMethodError'{0x0000000084ccd710}: static Lorg/gradle/internal/build/event/types/DefaultPluginApplicationResult;.<clinit>()V> (0x0000000084ccd710) 
thrown [s\src\hotspot\share\prims\jni.cpp, line 1108]
Event: 9.012 Thread 0x000001fa6497fa10 Exception <a 'java/lang/NoSuchMethodError'{0x0000000084cd9ab0}: static Lorg/gradle/internal/build/event/types/DefaultBinaryPluginIdentifier;.<clinit>()V> (0x0000000084cd9ab0) 
thrown [s\src\hotspot\share\prims\jni.cpp, line 1108]
Event: 9.015 Thread 0x000001fa6497fa10 Exception <a 'java/lang/NoSuchMethodError'{0x0000000084cf3c00}: static Lorg/gradle/internal/build/event/types/DefaultScriptPluginIdentifier;.<clinit>()V> (0x0000000084cf3c00) 
thrown [s\src\hotspot\share\prims\jni.cpp, line 1108]
Event: 9.037 Thread 0x000001fa64981bc0 Exception <a 'java/lang/ClassNotFoundException'{0x0000000084b235c8}: build_b3iyy7atnsu5ok8jewnjfrigsBeanInfo> (0x0000000084b235c8) 
thrown [s\src\hotspot\share\classfile\systemDictionary.cpp, line 256]
Event: 9.038 Thread 0x000001fa64981bc0 Exception <a 'java/lang/ClassNotFoundException'{0x0000000084b29e48}: build_b3iyy7atnsu5ok8jewnjfrigsCustomizer> (0x0000000084b29e48) 
thrown [s\src\hotspot\share\classfile\systemDictionary.cpp, line 256]
Event: 9.067 Thread 0x000001fa64981bc0 Exception <a 'java/lang/ClassNotFoundException'{0x0000000084a83c10}: org/gradle/api/internal/plugins/DefaultObjectConfigurationActionBeanInfo> (0x0000000084a83c10) 
thrown [s\src\hotspot\share\classfile\systemDictionary.cpp, line 256]
Event: 9.067 Thread 0x000001fa64981bc0 Exception <a 'java/lang/ClassNotFoundException'{0x0000000084a961b0}: org/gradle/api/internal/plugins/DefaultObjectConfigurationActionCustomizer> (0x0000000084a961b0) 
thrown [s\src\hotspot\share\classfile\systemDictionary.cpp, line 256]
Event: 9.227 Thread 0x000001fa64981bc0 Exception <a 'java/lang/NoSuchMethodError'{0x0000000083f1bc28}: 'java.lang.Object java.lang.invoke.DirectMethodHandle$Holder.newInvokeSpecial(java.lang.Object, java.lang.Object, java.lang.Object, java.lang.Object, int)'> (0x0000000083f1bc28) 
thrown [s\src\hotspot\share\interpreter\linkResolver.cpp, line 771]
Event: 9.227 Thread 0x000001fa64981bc0 Exception <a 'java/lang/NoSuchMethodError'{0x0000000083f20f50}: 'java.lang.Object java.lang.invoke.DirectMethodHandle$Holder.invokeSpecial(java.lang.Object, java.lang.Object, java.lang.Object, java.lang.Object, java.lang.Object, int)'> (0x0000000083f20f50) 
thrown [s\src\hotspot\share\interpreter\linkResolver.cpp, line 771]
Event: 9.228 Thread 0x000001fa64981bc0 Exception <a 'java/lang/NoSuchMethodError'{0x0000000083f25c28}: 'java.lang.Object java.lang.invoke.Invokers$Holder.linkToTargetMethod(java.lang.Object, java.lang.Object, java.lang.Object, int, java.lang.Object)'> (0x0000000083f25c28) 
thrown [s\src\hotspot\share\interpreter\linkResolver.cpp, line 771]
Event: 9.242 Thread 0x000001fa64981bc0 Exception <a 'java/lang/NoSuchMethodError'{0x0000000083fda518}: 'java.lang.Object java.lang.invoke.DirectMethodHandle$Holder.newInvokeSpecial(java.lang.Object, java.lang.Object, int, int)'> (0x0000000083fda518) 
thrown [s\src\hotspot\share\interpreter\linkResolver.cpp, line 771]
Event: 9.538 Thread 0x000001fa64981bc0 Exception <a 'java/lang/NoSuchMethodError'{0x000000008531d338}: 'int java.lang.invoke.DirectMethodHandle$Holder.invokeInterface(java.lang.Object, java.lang.Object, java.lang.Object, java.lang.Object)'> (0x000000008531d338) 
thrown [s\src\hotspot\share\interpreter\linkResolver.cpp, line 771]
Event: 10.073 Thread 0x000001fa64981bc0 Exception <a 'java/lang/IncompatibleClassChangeError'{0x00000000851936e8}: Found class java.lang.Object, but interface was expected> (0x00000000851936e8) 
thrown [s\src\hotspot\share\interpreter\linkResolver.cpp, line 838]
Event: 10.156 Thread 0x000001fa64981bc0 Implicit null exception at 0x000001fa52e278e0 to 0x000001fa52e286eb
Event: 10.156 Thread 0x000001fa64981bc0 Implicit null exception at 0x000001fa52e2720f to 0x000001fa52e28ac0
Event: 10.255 Thread 0x000001fa64981bc0 Implicit null exception at 0x000001fa52cf610c to 0x000001fa52cf6246

VM Operations (20 events):
Event: 9.403 Executing VM operation: G1CollectForAllocation done
Event: 9.527 Executing VM operation: HandshakeAllThreads
Event: 9.528 Executing VM operation: HandshakeAllThreads done
Event: 9.537 Executing VM operation: HandshakeAllThreads
Event: 9.537 Executing VM operation: HandshakeAllThreads done
Event: 9.868 Executing VM operation: G1CollectForAllocation
Event: 9.875 Executing VM operation: G1CollectForAllocation done
Event: 9.942 Executing VM operation: G1Concurrent
Event: 9.947 Executing VM operation: G1Concurrent done
Event: 9.991 Executing VM operation: G1Concurrent
Event: 9.991 Executing VM operation: G1Concurrent done
Event: 10.221 Executing VM operation: HandshakeAllThreads
Event: 10.221 Executing VM operation: HandshakeAllThreads done
Event: 10.265 Executing VM operation: HandshakeAllThreads
Event: 10.265 Executing VM operation: HandshakeAllThreads done
Event: 10.384 Executing VM operation: G1CollectForAllocation
Event: 10.394 Executing VM operation: G1CollectForAllocation done
Event: 10.398 Executing VM operation: G1CollectForAllocation
Event: 10.412 Executing VM operation: G1CollectForAllocation done
Event: 10.478 Executing VM operation: G1TryInitiateConcMark

Events (20 events):
Event: 10.296 loading class java/security/cert/CertPathValidatorException$BasicReason
Event: 10.296 loading class java/security/cert/CertPathValidatorException$Reason
Event: 10.296 loading class java/security/cert/CertPathValidatorException$Reason done
Event: 10.296 loading class java/security/cert/CertPathValidatorException$BasicReason done
Event: 10.296 loading class java/security/SignatureException
Event: 10.296 loading class java/security/SignatureException done
Event: 10.300 loading class sun/security/rsa/RSASignature$SHA256withRSA
Event: 10.300 loading class sun/security/rsa/RSASignature$SHA256withRSA done
Event: 10.302 loading class sun/security/provider/DSA$SHA256withDSA
Event: 10.302 loading class sun/security/provider/DSA$SHA256withDSA done
Event: 10.344 loading class java/util/Base64
Event: 10.345 loading class java/util/Base64 done
Event: 10.345 loading class java/util/Base64$Decoder
Event: 10.345 loading class java/util/Base64$Decoder done
Event: 10.345 loading class java/util/Base64$Encoder
Event: 10.346 loading class java/util/Base64$Encoder done
Event: 10.347 loading class java/util/jar/JarVerifier$VerifierStream
Event: 10.347 loading class java/util/jar/JarVerifier$VerifierStream done
Event: 10.347 loading class sun/security/util/ManifestEntryVerifier$SunProviderHolder
Event: 10.347 loading class sun/security/util/ManifestEntryVerifier$SunProviderHolder done


Dynamic libraries:
0x00007ff732b60000 - 0x00007ff732b6a000 	C:\Program Files\Android\Android Studio\jbr\bin\java.exe
0x00007ffc024e0000 - 0x00007ffc026e9000 	C:\WINDOWS\SYSTEM32\ntdll.dll
0x00007ffc01ea0000 - 0x00007ffc01f5e000 	C:\WINDOWS\System32\KERNEL32.DLL
0x00007ffbffe00000 - 0x00007ffc0017b000 	C:\WINDOWS\System32\KERNELBASE.dll
0x00007ffbffc40000 - 0x00007ffbffd51000 	C:\WINDOWS\System32\ucrtbase.dll
0x00007ffbfe110000 - 0x00007ffbfe127000 	C:\Program Files\Android\Android Studio\jbr\bin\jli.dll
0x00007ffbfdf50000 - 0x00007ffbfdf6b000 	C:\Program Files\Android\Android Studio\jbr\bin\VCRUNTIME140.dll
0x00007ffc003a0000 - 0x00007ffc0054d000 	C:\WINDOWS\System32\USER32.dll
0x00007ffbffc10000 - 0x00007ffbffc36000 	C:\WINDOWS\System32\win32u.dll
0x00007ffc006f0000 - 0x00007ffc00719000 	C:\WINDOWS\System32\GDI32.dll
0x00007ffbffaf0000 - 0x00007ffbffc08000 	C:\WINDOWS\System32\gdi32full.dll
0x00007ffbffd60000 - 0x00007ffbffdfd000 	C:\WINDOWS\System32\msvcp_win.dll
0x00007ffbfebc0000 - 0x00007ffbfee65000 	C:\WINDOWS\WinSxS\amd64_microsoft.windows.common-controls_6595b64144ccf1df_6.0.22000.120_none_9d947278b86cc467\COMCTL32.dll
0x00007ffc01f60000 - 0x00007ffc02003000 	C:\WINDOWS\System32\msvcrt.dll
0x00007ffc00360000 - 0x00007ffc00392000 	C:\WINDOWS\System32\IMM32.DLL
0x00007ffbfdf40000 - 0x00007ffbfdf4c000 	C:\Program Files\Android\Android Studio\jbr\bin\vcruntime140_1.dll
0x00007ffbcebc0000 - 0x00007ffbcec4d000 	C:\Program Files\Android\Android Studio\jbr\bin\msvcp140.dll
0x00007ffb6e000000 - 0x00007ffb6ec6d000 	C:\Program Files\Android\Android Studio\jbr\bin\server\jvm.dll
0x00007ffc02100000 - 0x00007ffc021ae000 	C:\WINDOWS\System32\ADVAPI32.dll
0x00007ffc00650000 - 0x00007ffc006ee000 	C:\WINDOWS\System32\sechost.dll
0x00007ffc02230000 - 0x00007ffc02350000 	C:\WINDOWS\System32\RPCRT4.dll
0x00007ffbf9fe0000 - 0x00007ffbfa013000 	C:\WINDOWS\SYSTEM32\WINMM.dll
0x00007ffbf94c0000 - 0x00007ffbf94ca000 	C:\WINDOWS\SYSTEM32\VERSION.dll
0x00007ffbfab70000 - 0x00007ffbfab79000 	C:\WINDOWS\SYSTEM32\WSOCK32.dll
0x00007ffc02370000 - 0x00007ffc023df000 	C:\WINDOWS\System32\WS2_32.dll
0x00007ffbfdc80000 - 0x00007ffbfdc98000 	C:\WINDOWS\SYSTEM32\kernel.appcore.dll
0x00007ffbfa030000 - 0x00007ffbfa03a000 	C:\Program Files\Android\Android Studio\jbr\bin\jimage.dll
0x00007ffbff2a0000 - 0x00007ffbff4c1000 	C:\WINDOWS\SYSTEM32\DBGHELP.DLL
0x00007ffbff010000 - 0x00007ffbff041000 	C:\WINDOWS\SYSTEM32\dbgcore.DLL
0x00007ffbffa70000 - 0x00007ffbffaef000 	C:\WINDOWS\System32\bcryptPrimitives.dll
0x00007ffbca2d0000 - 0x00007ffbca2f5000 	C:\Program Files\Android\Android Studio\jbr\bin\java.dll
0x00007ffbcb390000 - 0x00007ffbcb3a8000 	C:\Program Files\Android\Android Studio\jbr\bin\zip.dll
0x00007ffc015c0000 - 0x00007ffc01d77000 	C:\WINDOWS\System32\SHELL32.dll
0x00007ffbfcd00000 - 0x00007ffbfd565000 	C:\WINDOWS\SYSTEM32\windows.storage.dll
0x00007ffc00720000 - 0x00007ffc00a98000 	C:\WINDOWS\System32\combase.dll
0x00007ffbfcb90000 - 0x00007ffbfccf6000 	C:\WINDOWS\SYSTEM32\wintypes.dll
0x00007ffc02010000 - 0x00007ffc020fa000 	C:\WINDOWS\System32\SHCORE.dll
0x00007ffc010f0000 - 0x00007ffc0114d000 	C:\WINDOWS\System32\shlwapi.dll
0x00007ffbff8e0000 - 0x00007ffbff901000 	C:\WINDOWS\SYSTEM32\profapi.dll
0x00007ffbc7a20000 - 0x00007ffbc7a39000 	C:\Program Files\Android\Android Studio\jbr\bin\net.dll
0x00007ffbf9e70000 - 0x00007ffbf9f84000 	C:\WINDOWS\SYSTEM32\WINHTTP.dll
0x00007ffbfe7b0000 - 0x00007ffbfe817000 	C:\WINDOWS\system32\mswsock.dll
0x00007ffbc6730000 - 0x00007ffbc6746000 	C:\Program Files\Android\Android Studio\jbr\bin\nio.dll
0x00007ffbc6710000 - 0x00007ffbc6720000 	C:\Program Files\Android\Android Studio\jbr\bin\verify.dll
0x00007ffbfe150000 - 0x00007ffbfe177000 	C:\Users\hp\.gradle\native\e1d6ef7f7dcc3fd88c89a11ec53ec762bb8ba0a96d01ffa2cd45eb1d1d8dd5c5\windows-amd64\native-platform.dll
0x00007ffbc7a70000 - 0x00007ffbc7bb4000 	C:\Users\hp\.gradle\native\0d407fdbe67a94daf76414ababcb853783967236a71b16ec16e742cd7a986fd3\windows-amd64\native-platform-file-events.dll
0x00007ffbca2c0000 - 0x00007ffbca2c9000 	C:\Program Files\Android\Android Studio\jbr\bin\management.dll
0x00007ffbc6720000 - 0x00007ffbc672b000 	C:\Program Files\Android\Android Studio\jbr\bin\management_ext.dll
0x00007ffc00550000 - 0x00007ffc00558000 	C:\WINDOWS\System32\PSAPI.DLL
0x00007ffbff5e0000 - 0x00007ffbff5f8000 	C:\WINDOWS\SYSTEM32\CRYPTSP.dll
0x00007ffbfdbe0000 - 0x00007ffbfdc15000 	C:\WINDOWS\system32\rsaenh.dll
0x00007ffbfe9e0000 - 0x00007ffbfea09000 	C:\WINDOWS\SYSTEM32\USERENV.dll
0x00007ffbff4d0000 - 0x00007ffbff4f7000 	C:\WINDOWS\SYSTEM32\bcrypt.dll
0x00007ffbfeac0000 - 0x00007ffbfeacc000 	C:\WINDOWS\SYSTEM32\CRYPTBASE.dll
0x00007ffbfd7c0000 - 0x00007ffbfd7ed000 	C:\WINDOWS\SYSTEM32\IPHLPAPI.DLL
0x00007ffc01e90000 - 0x00007ffc01e99000 	C:\WINDOWS\System32\NSI.dll
0x00007ffbf9fb0000 - 0x00007ffbf9fc9000 	C:\WINDOWS\SYSTEM32\dhcpcsvc6.DLL
0x00007ffbfa640000 - 0x00007ffbfa65e000 	C:\WINDOWS\SYSTEM32\dhcpcsvc.DLL
0x00007ffbfd830000 - 0x00007ffbfd918000 	C:\WINDOWS\SYSTEM32\DNSAPI.dll
0x00007ffbe51c0000 - 0x00007ffbe51c8000 	C:\WINDOWS\system32\wshunix.dll

dbghelp: loaded successfully - version: 4.0.5 - missing functions: none
symbol engine: initialized successfully - sym options: 0x614 - pdb path: .;C:\Program Files\Android\Android Studio\jbr\bin;C:\WINDOWS\SYSTEM32;C:\WINDOWS\WinSxS\amd64_microsoft.windows.common-controls_6595b64144ccf1df_6.0.22000.120_none_9d947278b86cc467;C:\Program Files\Android\Android Studio\jbr\bin\server;C:\Users\hp\.gradle\native\e1d6ef7f7dcc3fd88c89a11ec53ec762bb8ba0a96d01ffa2cd45eb1d1d8dd5c5\windows-amd64;C:\Users\hp\.gradle\native\0d407fdbe67a94daf76414ababcb853783967236a71b16ec16e742cd7a986fd3\windows-amd64

VM Arguments:
jvm_args: --add-opens=java.base/java.util=ALL-UNNAMED --add-opens=java.base/java.lang=ALL-UNNAMED --add-opens=java.base/java.lang.invoke=ALL-UNNAMED --add-opens=java.base/java.util=ALL-UNNAMED --add-opens=java.prefs/java.util.prefs=ALL-UNNAMED --add-opens=java.prefs/java.util.prefs=ALL-UNNAMED --add-opens=java.base/java.nio.charset=ALL-UNNAMED --add-opens=java.base/java.net=ALL-UNNAMED --add-opens=java.base/java.util.concurrent.atomic=ALL-UNNAMED -Xmx2048m -Dfile.encoding=UTF-8 -Duser.country=US -Duser.language=en -Duser.variant 
java_command: org.gradle.launcher.daemon.bootstrap.GradleDaemon 7.5
java_class_path (initial): C:\Users\hp\.gradle\wrapper\dists\gradle-7.5-bin\f1w0cc9nuo0eivz97x2xlu9sv\gradle-7.5\lib\gradle-launcher-7.5.jar
Launcher Type: SUN_STANDARD

[Global flags]
     intx CICompilerCount                          = 4                                         {product} {ergonomic}
     uint ConcGCThreads                            = 2                                         {product} {ergonomic}
     uint G1ConcRefinementThreads                  = 8                                         {product} {ergonomic}
   size_t G1HeapRegionSize                         = 1048576                                   {product} {ergonomic}
    uintx GCDrainStackTargetSize                   = 64                                        {product} {ergonomic}
   size_t InitialHeapSize                          = 65011712                                  {product} {ergonomic}
   size_t MarkStackSize                            = 4194304                                   {product} {ergonomic}
   size_t MaxHeapSize                              = 2147483648                                {product} {command line}
   size_t MaxNewSize                               = 1287651328                                {product} {ergonomic}
   size_t MinHeapDeltaBytes                        = 1048576                                   {product} {ergonomic}
   size_t MinHeapSize                              = 8388608                                   {product} {ergonomic}
    uintx NonNMethodCodeHeapSize                   = 5839372                                {pd product} {ergonomic}
    uintx NonProfiledCodeHeapSize                  = 122909434                              {pd product} {ergonomic}
    uintx ProfiledCodeHeapSize                     = 122909434                              {pd product} {ergonomic}
    uintx ReservedCodeCacheSize                    = 251658240                              {pd product} {ergonomic}
     bool SegmentedCodeCache                       = true                                      {product} {ergonomic}
   size_t SoftMaxHeapSize                          = 2147483648                             {manageable} {ergonomic}
     bool UseCompressedClassPointers               = true                           {product lp64_product} {ergonomic}
     bool UseCompressedOops                        = true                           {product lp64_product} {ergonomic}
     bool UseG1GC                                  = true                                      {product} {ergonomic}
     bool UseLargePagesIndividualAllocation        = false                                  {pd product} {ergonomic}

Logging:
Log output configuration:
 #0: stdout all=warning uptime,level,tags
 #1: stderr all=off uptime,level,tags

Environment Variables:
PATH=C:\Program Files\Common Files\Oracle\Java\javapath;C:\Program Files (x86)\Common Files\Oracle\Java\javapath;C:\WINDOWS\system32;C:\WINDOWS;C:\WINDOWS\System32\Wbem;C:\WINDOWS\System32\WindowsPowerShell\v1.0\;C:\WINDOWS\System32\OpenSSH\;C:\Program Files (x86)\dotnet\;C:\Program Files\nodejs\;C:\Program Files\Git\cmd;C:\Program Files\MySQL\MySQL Shell 8.0\bin\;C:\Program Files\Java\jre1.8.0_251\bin;C:\Users\hp\AppData\Local\Programs\Python\Python310\Scripts\;C:\Users\hp\AppData\Local\Programs\Python\Python310\;C:\Users\hp\AppData\Local\Microsoft\WindowsApps;C:\Users\hp\AppData\Local\Programs\Microsoft VS Code\bin;C:\Program Files\JetBrains\IntelliJ IDEA Community Edition 2021.3.2\bin;;C:\Users\hp\AppData\Roaming\npm;E:\flutter setup\flutter_windows_3.7.3-stable\flutter\bin;C:\Program Files\Java\jdk-19\bin;
USERNAME=hp
OS=Windows_NT
PROCESSOR_IDENTIFIER=Intel64 Family 6 Model 142 Stepping 12, GenuineIntel
TMP=C:\Users\hp\AppData\Local\Temp
TEMP=C:\Users\hp\AppData\Local\Temp



---------------  S Y S T E M  ---------------

OS:
 Windows 11 , 64 bit Build 22000 (10.0.22000.1335)
OS uptime: 0 days 18:57 hours

CPU: total 8 (initial active 8) (4 cores per cpu, 2 threads per core) family 6 model 142 stepping 12 microcode 0xde, cx8, cmov, fxsr, ht, mmx, 3dnowpref, sse, sse2, sse3, ssse3, sse4.1, sse4.2, popcnt, lzcnt, tsc, tscinvbit, avx, avx2, aes, erms, clmul, bmi1, bmi2, adx, fma, vzeroupper, clflush, clflushopt

Memory: 4k page, system-wide physical 3899M (282M free)
TotalPageFile size 15675M (AvailPageFile size 41M)
current process WorkingSet (physical memory assigned to process): 242M, peak: 253M
current process commit charge ("private bytes"): 297M, peak: 437M

vm_info: OpenJDK 64-Bit Server VM (17.0.6+0-b2043.56-9586694) for windows-amd64 JRE (17.0.6+0-b2043.56-9586694), built on Feb  9 2023 20:06:20 by "androidbuild" with MS VC++ 16.10 / 16.11 (VS2019)

END.
